13:38:10.824 logback [main] INFO  com.shgs.lodge.LodgeApplication - Starting LodgeApplication using Java 1.8.0_271 on DESKTOP-UDV8UQ1 with PID 10384 (D:\IdeaProjects\lodge\target\classes started by yglei in D:\IdeaProjects\lodge)
13:38:10.820 logback [background-preinit] INFO  o.h.validator.internal.util.Version - HV000001: Hibernate Validator 6.0.13.Final
13:38:10.828 logback [main] INFO  com.shgs.lodge.LodgeApplication - No active profile set, falling back to default profiles: default
13:38:12.182 logback [main] INFO  o.s.d.r.c.RepositoryConfigurationDelegate - Bootstrapping Spring Data JPA repositories in DEFAULT mode.
13:38:12.207 logback [main] INFO  o.s.d.r.c.RepositoryConfigurationDelegate - Finished Spring Data repository scanning in 14 ms. Found 0 JPA repository interfaces.
13:38:12.591 logback [main] INFO  c.u.j.c.EnableEncryptablePropertiesBeanFactoryPostProcessor - Post-processing PropertySource instances
13:38:12.670 logback [main] INFO  c.u.j.EncryptablePropertySourceConverter - Converting PropertySource configurationProperties [org.springframework.boot.context.properties.source.ConfigurationPropertySourcesPropertySource] to AOP Proxy
13:38:12.671 logback [main] INFO  c.u.j.EncryptablePropertySourceConverter - Converting PropertySource servletConfigInitParams [org.springframework.core.env.PropertySource$StubPropertySource] to EncryptablePropertySourceWrapper
13:38:12.671 logback [main] INFO  c.u.j.EncryptablePropertySourceConverter - Converting PropertySource servletContextInitParams [org.springframework.core.env.PropertySource$StubPropertySource] to EncryptablePropertySourceWrapper
13:38:12.671 logback [main] INFO  c.u.j.EncryptablePropertySourceConverter - Converting PropertySource systemProperties [org.springframework.core.env.PropertiesPropertySource] to EncryptableMapPropertySourceWrapper
13:38:12.671 logback [main] INFO  c.u.j.EncryptablePropertySourceConverter - Converting PropertySource systemEnvironment [org.springframework.boot.env.SystemEnvironmentPropertySourceEnvironmentPostProcessor$OriginAwareSystemEnvironmentPropertySource] to EncryptableMapPropertySourceWrapper
13:38:12.671 logback [main] INFO  c.u.j.EncryptablePropertySourceConverter - Converting PropertySource random [org.springframework.boot.env.RandomValuePropertySource] to EncryptablePropertySourceWrapper
13:38:12.671 logback [main] INFO  c.u.j.EncryptablePropertySourceConverter - Converting PropertySource Config resource 'classpath:/application.yml' via location 'optional:classpath:/' [org.springframework.boot.env.OriginTrackedMapPropertySource] to EncryptableMapPropertySourceWrapper
13:38:12.671 logback [main] INFO  c.u.j.EncryptablePropertySourceConverter - Converting PropertySource Config resource 'classpath:/application.properties' via location 'optional:classpath:/' [org.springframework.boot.env.OriginTrackedMapPropertySource] to EncryptableMapPropertySourceWrapper
13:38:12.733 logback [main] INFO  c.u.j.f.DefaultLazyPropertyFilter - Property Filter custom Bean not found with name 'encryptablePropertyFilter'. Initializing Default Property Filter
13:38:12.877 logback [main] INFO  c.u.j.r.DefaultLazyPropertyResolver - Property Resolver custom Bean not found with name 'encryptablePropertyResolver'. Initializing Default Property Resolver
13:38:12.879 logback [main] INFO  c.u.j.d.DefaultLazyPropertyDetector - Property Detector custom Bean not found with name 'encryptablePropertyDetector'. Initializing Default Property Detector
13:38:13.172 logback [main] INFO  o.s.b.w.e.tomcat.TomcatWebServer - Tomcat initialized with port(s): 8080 (http)
13:38:13.185 logback [main] INFO  o.a.coyote.http11.Http11NioProtocol - Initializing ProtocolHandler ["http-nio-8080"]
13:38:13.186 logback [main] INFO  o.a.catalina.core.StandardService - Starting service [Tomcat]
13:38:13.186 logback [main] INFO  o.a.catalina.core.StandardEngine - Starting Servlet engine: [Apache Tomcat/9.0.39]
13:38:13.334 logback [main] INFO  o.a.c.c.C.[.[localhost].[/lodge] - Initializing Spring embedded WebApplicationContext
13:38:13.335 logback [main] INFO  o.s.b.w.s.c.ServletWebServerApplicationContext - Root WebApplicationContext: initialization completed in 2194 ms
13:38:13.604 logback [main] INFO  o.h.jpa.internal.util.LogHelper - HHH000204: Processing PersistenceUnitInfo [name: primaryPersistenceUnit]
13:38:13.679 logback [main] INFO  org.hibernate.Version - HHH000412: Hibernate ORM core version 5.4.23.Final
13:38:13.872 logback [main] INFO  o.h.annotations.common.Version - HCANN000001: Hibernate Commons Annotations {5.1.2.Final}
13:38:14.006 logback [main] INFO  com.zaxxer.hikari.HikariDataSource - LodgePool - Starting...
13:38:14.636 logback [main] INFO  com.zaxxer.hikari.HikariDataSource - LodgePool - Start completed.
13:38:14.659 logback [main] INFO  org.hibernate.dialect.Dialect - HHH000400: Using dialect: org.hibernate.dialect.SQLServer2008Dialect
13:38:20.422 logback [main] INFO  o.h.e.t.j.p.i.JtaPlatformInitiator - HHH000490: Using JtaPlatform implementation: [org.hibernate.engine.transaction.jta.platform.internal.NoJtaPlatform]
13:38:20.432 logback [main] INFO  o.s.o.j.LocalContainerEntityManagerFactoryBean - Initialized JPA EntityManagerFactory for persistence unit 'primaryPersistenceUnit'
13:38:20.469 logback [main] INFO  com.shgs.lodge.config.MvcConfig - 注册拦截器[listenerRegist]成功
13:38:20.918 logback [main] INFO  c.s.l.util.MyJasyptStringEncryptor - Encryptor config not found for property jasypt.encryptor.algorithm, using default value: PBEWithMD5AndDES
13:38:20.918 logback [main] INFO  c.s.l.util.MyJasyptStringEncryptor - Encryptor config not found for property jasypt.encryptor.keyObtentionIterations, using default value: 1000
13:38:20.918 logback [main] INFO  c.s.l.util.MyJasyptStringEncryptor - Encryptor config not found for property jasypt.encryptor.poolSize, using default value: 1
13:38:20.918 logback [main] INFO  c.s.l.util.MyJasyptStringEncryptor - Encryptor config not found for property jasypt.encryptor.providerName, using default value: null
13:38:20.918 logback [main] INFO  c.s.l.util.MyJasyptStringEncryptor - Encryptor config not found for property jasypt.encryptor.saltGeneratorClassname, using default value: org.jasypt.salt.RandomSaltGenerator
13:38:20.919 logback [main] INFO  c.s.l.util.MyJasyptStringEncryptor - Encryptor config not found for property jasypt.encryptor.stringOutputType, using default value: base64
13:38:21.121 logback [main] INFO  o.s.s.c.ThreadPoolTaskExecutor - Initializing ExecutorService 'applicationTaskExecutor'
13:38:21.269 logback [main] INFO  o.s.b.a.w.s.WelcomePageHandlerMapping - Adding welcome page template: index
13:38:21.434 logback [main] INFO  o.a.coyote.http11.Http11NioProtocol - Starting ProtocolHandler ["http-nio-8080"]
13:38:21.444 logback [main] WARN  o.s.b.w.s.c.AnnotationConfigServletWebServerApplicationContext - Exception encountered during context initialization - cancelling refresh attempt: org.springframework.context.ApplicationContextException: Failed to start bean 'webServerStartStop'; nested exception is org.springframework.boot.web.server.PortInUseException: Port 8080 is already in use
13:38:21.444 logback [main] INFO  o.s.s.c.ThreadPoolTaskExecutor - Shutting down ExecutorService 'applicationTaskExecutor'
13:38:21.449 logback [main] INFO  o.s.o.j.LocalContainerEntityManagerFactoryBean - Closing JPA EntityManagerFactory for persistence unit 'primaryPersistenceUnit'
13:38:21.449 logback [main] INFO  com.zaxxer.hikari.HikariDataSource - LodgePool - Shutdown initiated...
13:38:21.451 logback [main] INFO  com.zaxxer.hikari.HikariDataSource - LodgePool - Shutdown completed.
13:38:21.453 logback [main] INFO  o.a.coyote.http11.Http11NioProtocol - Pausing ProtocolHandler ["http-nio-8080"]
13:38:21.453 logback [main] INFO  o.a.catalina.core.StandardService - Stopping service [Tomcat]
13:38:21.456 logback [main] INFO  o.a.coyote.http11.Http11NioProtocol - Stopping ProtocolHandler ["http-nio-8080"]
13:38:21.456 logback [main] INFO  o.a.coyote.http11.Http11NioProtocol - Destroying ProtocolHandler ["http-nio-8080"]
13:38:21.463 logback [main] INFO  o.s.b.a.l.ConditionEvaluationReportLoggingListener - 

Error starting ApplicationContext. To display the conditions report re-run your application with 'debug' enabled.
13:38:21.482 logback [main] ERROR o.s.b.d.LoggingFailureAnalysisReporter - 

***************************
APPLICATION FAILED TO START
***************************

Description:

Web server failed to start. Port 8080 was already in use.

Action:

Identify and stop the process that's listening on port 8080 or configure this application to listen on another port.

13:39:13.242 logback [background-preinit] INFO  o.h.validator.internal.util.Version - HV000001: Hibernate Validator 6.0.13.Final
13:39:13.247 logback [main] INFO  com.shgs.lodge.LodgeApplication - Starting LodgeApplication using Java 1.8.0_271 on DESKTOP-UDV8UQ1 with PID 16112 (D:\IdeaProjects\lodge\target\classes started by yglei in D:\IdeaProjects\lodge)
13:39:13.247 logback [main] INFO  com.shgs.lodge.LodgeApplication - No active profile set, falling back to default profiles: default
13:39:14.149 logback [main] INFO  o.s.d.r.c.RepositoryConfigurationDelegate - Bootstrapping Spring Data JPA repositories in DEFAULT mode.
13:39:14.170 logback [main] INFO  o.s.d.r.c.RepositoryConfigurationDelegate - Finished Spring Data repository scanning in 13 ms. Found 0 JPA repository interfaces.
13:39:14.449 logback [main] INFO  c.u.j.c.EnableEncryptablePropertiesBeanFactoryPostProcessor - Post-processing PropertySource instances
13:39:14.499 logback [main] INFO  c.u.j.EncryptablePropertySourceConverter - Converting PropertySource configurationProperties [org.springframework.boot.context.properties.source.ConfigurationPropertySourcesPropertySource] to AOP Proxy
13:39:14.500 logback [main] INFO  c.u.j.EncryptablePropertySourceConverter - Converting PropertySource servletConfigInitParams [org.springframework.core.env.PropertySource$StubPropertySource] to EncryptablePropertySourceWrapper
13:39:14.500 logback [main] INFO  c.u.j.EncryptablePropertySourceConverter - Converting PropertySource servletContextInitParams [org.springframework.core.env.PropertySource$StubPropertySource] to EncryptablePropertySourceWrapper
13:39:14.500 logback [main] INFO  c.u.j.EncryptablePropertySourceConverter - Converting PropertySource systemProperties [org.springframework.core.env.PropertiesPropertySource] to EncryptableMapPropertySourceWrapper
13:39:14.500 logback [main] INFO  c.u.j.EncryptablePropertySourceConverter - Converting PropertySource systemEnvironment [org.springframework.boot.env.SystemEnvironmentPropertySourceEnvironmentPostProcessor$OriginAwareSystemEnvironmentPropertySource] to EncryptableMapPropertySourceWrapper
13:39:14.500 logback [main] INFO  c.u.j.EncryptablePropertySourceConverter - Converting PropertySource random [org.springframework.boot.env.RandomValuePropertySource] to EncryptablePropertySourceWrapper
13:39:14.500 logback [main] INFO  c.u.j.EncryptablePropertySourceConverter - Converting PropertySource Config resource 'classpath:/application.yml' via location 'optional:classpath:/' [org.springframework.boot.env.OriginTrackedMapPropertySource] to EncryptableMapPropertySourceWrapper
13:39:14.500 logback [main] INFO  c.u.j.EncryptablePropertySourceConverter - Converting PropertySource Config resource 'classpath:/application.properties' via location 'optional:classpath:/' [org.springframework.boot.env.OriginTrackedMapPropertySource] to EncryptableMapPropertySourceWrapper
13:39:14.559 logback [main] INFO  c.u.j.f.DefaultLazyPropertyFilter - Property Filter custom Bean not found with name 'encryptablePropertyFilter'. Initializing Default Property Filter
13:39:14.675 logback [main] INFO  c.u.j.r.DefaultLazyPropertyResolver - Property Resolver custom Bean not found with name 'encryptablePropertyResolver'. Initializing Default Property Resolver
13:39:14.676 logback [main] INFO  c.u.j.d.DefaultLazyPropertyDetector - Property Detector custom Bean not found with name 'encryptablePropertyDetector'. Initializing Default Property Detector
13:39:14.908 logback [main] INFO  o.s.b.w.e.tomcat.TomcatWebServer - Tomcat initialized with port(s): 8080 (http)
13:39:14.916 logback [main] INFO  o.a.coyote.http11.Http11NioProtocol - Initializing ProtocolHandler ["http-nio-8080"]
13:39:14.916 logback [main] INFO  o.a.catalina.core.StandardService - Starting service [Tomcat]
13:39:14.917 logback [main] INFO  o.a.catalina.core.StandardEngine - Starting Servlet engine: [Apache Tomcat/9.0.39]
13:39:15.063 logback [main] INFO  o.a.c.c.C.[.[localhost].[/lodge] - Initializing Spring embedded WebApplicationContext
13:39:15.063 logback [main] INFO  o.s.b.w.s.c.ServletWebServerApplicationContext - Root WebApplicationContext: initialization completed in 1585 ms
13:39:15.242 logback [main] INFO  o.h.jpa.internal.util.LogHelper - HHH000204: Processing PersistenceUnitInfo [name: primaryPersistenceUnit]
13:39:15.282 logback [main] INFO  org.hibernate.Version - HHH000412: Hibernate ORM core version 5.4.23.Final
13:39:15.388 logback [main] INFO  o.h.annotations.common.Version - HCANN000001: Hibernate Commons Annotations {5.1.2.Final}
13:39:15.490 logback [main] INFO  com.zaxxer.hikari.HikariDataSource - LodgePool - Starting...
13:39:15.820 logback [main] INFO  com.zaxxer.hikari.HikariDataSource - LodgePool - Start completed.
13:39:15.834 logback [main] INFO  org.hibernate.dialect.Dialect - HHH000400: Using dialect: org.hibernate.dialect.SQLServer2008Dialect
13:39:17.345 logback [main] INFO  o.h.e.t.j.p.i.JtaPlatformInitiator - HHH000490: Using JtaPlatform implementation: [org.hibernate.engine.transaction.jta.platform.internal.NoJtaPlatform]
13:39:17.354 logback [main] INFO  o.s.o.j.LocalContainerEntityManagerFactoryBean - Initialized JPA EntityManagerFactory for persistence unit 'primaryPersistenceUnit'
13:39:17.391 logback [main] INFO  com.shgs.lodge.config.MvcConfig - 注册拦截器[listenerRegist]成功
13:39:17.769 logback [main] INFO  c.s.l.util.MyJasyptStringEncryptor - Encryptor config not found for property jasypt.encryptor.algorithm, using default value: PBEWithMD5AndDES
13:39:17.770 logback [main] INFO  c.s.l.util.MyJasyptStringEncryptor - Encryptor config not found for property jasypt.encryptor.keyObtentionIterations, using default value: 1000
13:39:17.770 logback [main] INFO  c.s.l.util.MyJasyptStringEncryptor - Encryptor config not found for property jasypt.encryptor.poolSize, using default value: 1
13:39:17.770 logback [main] INFO  c.s.l.util.MyJasyptStringEncryptor - Encryptor config not found for property jasypt.encryptor.providerName, using default value: null
13:39:17.770 logback [main] INFO  c.s.l.util.MyJasyptStringEncryptor - Encryptor config not found for property jasypt.encryptor.saltGeneratorClassname, using default value: org.jasypt.salt.RandomSaltGenerator
13:39:17.771 logback [main] INFO  c.s.l.util.MyJasyptStringEncryptor - Encryptor config not found for property jasypt.encryptor.stringOutputType, using default value: base64
13:39:17.959 logback [main] INFO  o.s.s.c.ThreadPoolTaskExecutor - Initializing ExecutorService 'applicationTaskExecutor'
13:39:18.096 logback [main] INFO  o.s.b.a.w.s.WelcomePageHandlerMapping - Adding welcome page template: index
13:39:18.240 logback [main] INFO  o.a.coyote.http11.Http11NioProtocol - Starting ProtocolHandler ["http-nio-8080"]
13:39:18.261 logback [main] INFO  o.s.b.w.e.tomcat.TomcatWebServer - Tomcat started on port(s): 8080 (http) with context path '/lodge'
13:39:18.269 logback [main] INFO  com.shgs.lodge.LodgeApplication - Started LodgeApplication in 5.626 seconds (JVM running for 6.811)
13:39:40.971 logback [http-nio-8080-exec-1] INFO  o.a.c.c.C.[.[localhost].[/lodge] - Initializing Spring DispatcherServlet 'dispatcherServlet'
13:39:40.972 logback [http-nio-8080-exec-1] INFO  o.s.web.servlet.DispatcherServlet - Initializing Servlet 'dispatcherServlet'
13:39:40.974 logback [http-nio-8080-exec-1] INFO  o.s.web.servlet.DispatcherServlet - Completed initialization in 2 ms
13:39:40.996 logback [http-nio-8080-exec-1] INFO  c.s.lodge.servlet.CmsSessionListener - addSession[DF7D1C4BFFA1E16409AF0B2A3AFFBDB7]
14:42:25.671 logback [SpringContextShutdownHook] INFO  c.s.lodge.servlet.CmsSessionListener - removeSession[DF7D1C4BFFA1E16409AF0B2A3AFFBDB7]
14:42:25.718 logback [SpringContextShutdownHook] INFO  o.s.s.c.ThreadPoolTaskExecutor - Shutting down ExecutorService 'applicationTaskExecutor'
14:42:25.720 logback [SpringContextShutdownHook] INFO  o.s.o.j.LocalContainerEntityManagerFactoryBean - Closing JPA EntityManagerFactory for persistence unit 'primaryPersistenceUnit'
14:42:25.722 logback [SpringContextShutdownHook] INFO  com.zaxxer.hikari.HikariDataSource - LodgePool - Shutdown initiated...
14:42:25.725 logback [SpringContextShutdownHook] INFO  com.zaxxer.hikari.HikariDataSource - LodgePool - Shutdown completed.
