15:09:01.764 logback [background-preinit] INFO  o.h.validator.internal.util.Version - HV000001: Hibernate Validator 6.0.13.Final
15:09:01.765 logback [main] INFO  com.shgs.lodge.LodgeApplication - Starting LodgeApplication using Java 1.8.0_271 on DESKTOP-UDV8UQ1 with PID 13200 (D:\IdeaProjects\lodge\target\classes started by yglei in D:\IdeaProjects\lodge)
15:09:01.769 logback [main] INFO  com.shgs.lodge.LodgeApplication - No active profile set, falling back to default profiles: default
15:09:02.647 logback [main] INFO  o.s.d.r.c.RepositoryConfigurationDelegate - Bootstrapping Spring Data JPA repositories in DEFAULT mode.
15:09:02.679 logback [main] INFO  o.s.d.r.c.RepositoryConfigurationDelegate - Finished Spring Data repository scanning in 12 ms. Found 0 JPA repository interfaces.
15:09:03.013 logback [main] INFO  c.u.j.c.EnableEncryptablePropertiesBeanFactoryPostProcessor - Post-processing PropertySource instances
15:09:03.069 logback [main] INFO  c.u.j.EncryptablePropertySourceConverter - Converting PropertySource configurationProperties [org.springframework.boot.context.properties.source.ConfigurationPropertySourcesPropertySource] to AOP Proxy
15:09:03.070 logback [main] INFO  c.u.j.EncryptablePropertySourceConverter - Converting PropertySource servletConfigInitParams [org.springframework.core.env.PropertySource$StubPropertySource] to EncryptablePropertySourceWrapper
15:09:03.070 logback [main] INFO  c.u.j.EncryptablePropertySourceConverter - Converting PropertySource servletContextInitParams [org.springframework.core.env.PropertySource$StubPropertySource] to EncryptablePropertySourceWrapper
15:09:03.071 logback [main] INFO  c.u.j.EncryptablePropertySourceConverter - Converting PropertySource systemProperties [org.springframework.core.env.PropertiesPropertySource] to EncryptableMapPropertySourceWrapper
15:09:03.071 logback [main] INFO  c.u.j.EncryptablePropertySourceConverter - Converting PropertySource systemEnvironment [org.springframework.boot.env.SystemEnvironmentPropertySourceEnvironmentPostProcessor$OriginAwareSystemEnvironmentPropertySource] to EncryptableMapPropertySourceWrapper
15:09:03.071 logback [main] INFO  c.u.j.EncryptablePropertySourceConverter - Converting PropertySource random [org.springframework.boot.env.RandomValuePropertySource] to EncryptablePropertySourceWrapper
15:09:03.071 logback [main] INFO  c.u.j.EncryptablePropertySourceConverter - Converting PropertySource Config resource 'classpath:/application.yml' via location 'optional:classpath:/' [org.springframework.boot.env.OriginTrackedMapPropertySource] to EncryptableMapPropertySourceWrapper
15:09:03.071 logback [main] INFO  c.u.j.EncryptablePropertySourceConverter - Converting PropertySource Config resource 'classpath:/application.properties' via location 'optional:classpath:/' [org.springframework.boot.env.OriginTrackedMapPropertySource] to EncryptableMapPropertySourceWrapper
15:09:03.139 logback [main] INFO  c.u.j.f.DefaultLazyPropertyFilter - Property Filter custom Bean not found with name 'encryptablePropertyFilter'. Initializing Default Property Filter
15:09:03.275 logback [main] INFO  c.u.j.r.DefaultLazyPropertyResolver - Property Resolver custom Bean not found with name 'encryptablePropertyResolver'. Initializing Default Property Resolver
15:09:03.277 logback [main] INFO  c.u.j.d.DefaultLazyPropertyDetector - Property Detector custom Bean not found with name 'encryptablePropertyDetector'. Initializing Default Property Detector
15:09:03.544 logback [main] INFO  o.s.b.w.e.tomcat.TomcatWebServer - Tomcat initialized with port(s): 8080 (http)
15:09:03.554 logback [main] INFO  o.a.coyote.http11.Http11NioProtocol - Initializing ProtocolHandler ["http-nio-8080"]
15:09:03.555 logback [main] INFO  o.a.catalina.core.StandardService - Starting service [Tomcat]
15:09:03.555 logback [main] INFO  o.a.catalina.core.StandardEngine - Starting Servlet engine: [Apache Tomcat/9.0.39]
15:09:03.705 logback [main] INFO  o.a.c.c.C.[.[localhost].[/lodge] - Initializing Spring embedded WebApplicationContext
15:09:03.705 logback [main] INFO  o.s.b.w.s.c.ServletWebServerApplicationContext - Root WebApplicationContext: initialization completed in 1693 ms
15:09:03.930 logback [main] INFO  o.h.jpa.internal.util.LogHelper - HHH000204: Processing PersistenceUnitInfo [name: primaryPersistenceUnit]
15:09:03.976 logback [main] INFO  org.hibernate.Version - HHH000412: Hibernate ORM core version 5.4.23.Final
15:09:04.099 logback [main] INFO  o.h.annotations.common.Version - HCANN000001: Hibernate Commons Annotations {5.1.2.Final}
15:09:04.201 logback [main] INFO  com.zaxxer.hikari.HikariDataSource - LodgePool - Starting...
15:09:04.647 logback [main] INFO  com.zaxxer.hikari.HikariDataSource - LodgePool - Start completed.
15:09:04.665 logback [main] INFO  org.hibernate.dialect.Dialect - HHH000400: Using dialect: org.hibernate.dialect.SQLServer2008Dialect
15:09:10.287 logback [main] INFO  o.h.e.t.j.p.i.JtaPlatformInitiator - HHH000490: Using JtaPlatform implementation: [org.hibernate.engine.transaction.jta.platform.internal.NoJtaPlatform]
15:09:10.296 logback [main] INFO  o.s.o.j.LocalContainerEntityManagerFactoryBean - Initialized JPA EntityManagerFactory for persistence unit 'primaryPersistenceUnit'
15:09:10.334 logback [main] INFO  com.shgs.lodge.config.MvcConfig - 注册拦截器[listenerRegist]成功
15:09:10.782 logback [main] INFO  c.s.l.util.MyJasyptStringEncryptor - Encryptor config not found for property jasypt.encryptor.algorithm, using default value: PBEWithMD5AndDES
15:09:10.782 logback [main] INFO  c.s.l.util.MyJasyptStringEncryptor - Encryptor config not found for property jasypt.encryptor.keyObtentionIterations, using default value: 1000
15:09:10.783 logback [main] INFO  c.s.l.util.MyJasyptStringEncryptor - Encryptor config not found for property jasypt.encryptor.poolSize, using default value: 1
15:09:10.783 logback [main] INFO  c.s.l.util.MyJasyptStringEncryptor - Encryptor config not found for property jasypt.encryptor.providerName, using default value: null
15:09:10.783 logback [main] INFO  c.s.l.util.MyJasyptStringEncryptor - Encryptor config not found for property jasypt.encryptor.saltGeneratorClassname, using default value: org.jasypt.salt.RandomSaltGenerator
15:09:10.784 logback [main] INFO  c.s.l.util.MyJasyptStringEncryptor - Encryptor config not found for property jasypt.encryptor.stringOutputType, using default value: base64
15:09:11.007 logback [main] INFO  o.s.s.c.ThreadPoolTaskExecutor - Initializing ExecutorService 'applicationTaskExecutor'
15:09:11.149 logback [main] INFO  o.s.b.a.w.s.WelcomePageHandlerMapping - Adding welcome page template: index
15:09:11.304 logback [main] INFO  o.a.coyote.http11.Http11NioProtocol - Starting ProtocolHandler ["http-nio-8080"]
15:09:11.328 logback [main] INFO  o.s.b.w.e.tomcat.TomcatWebServer - Tomcat started on port(s): 8080 (http) with context path '/lodge'
15:09:11.337 logback [main] INFO  com.shgs.lodge.LodgeApplication - Started LodgeApplication in 10.033 seconds (JVM running for 11.976)
15:09:17.680 logback [http-nio-8080-exec-1] INFO  o.a.c.c.C.[.[localhost].[/lodge] - Initializing Spring DispatcherServlet 'dispatcherServlet'
15:09:17.680 logback [http-nio-8080-exec-1] INFO  o.s.web.servlet.DispatcherServlet - Initializing Servlet 'dispatcherServlet'
15:09:17.682 logback [http-nio-8080-exec-1] INFO  o.s.web.servlet.DispatcherServlet - Completed initialization in 2 ms
15:09:17.703 logback [http-nio-8080-exec-1] INFO  c.s.lodge.servlet.CmsSessionListener - addSession[F4116A603CFD405592CED830A0127696]
15:17:26.067 logback [SpringContextShutdownHook] INFO  c.s.lodge.servlet.CmsSessionListener - removeSession[F4116A603CFD405592CED830A0127696]
15:17:26.114 logback [SpringContextShutdownHook] INFO  o.s.s.c.ThreadPoolTaskExecutor - Shutting down ExecutorService 'applicationTaskExecutor'
15:17:26.116 logback [SpringContextShutdownHook] INFO  o.s.o.j.LocalContainerEntityManagerFactoryBean - Closing JPA EntityManagerFactory for persistence unit 'primaryPersistenceUnit'
15:17:26.117 logback [SpringContextShutdownHook] INFO  com.zaxxer.hikari.HikariDataSource - LodgePool - Shutdown initiated...
15:17:26.119 logback [SpringContextShutdownHook] INFO  com.zaxxer.hikari.HikariDataSource - LodgePool - Shutdown completed.
16:33:32.445 logback [background-preinit] INFO  o.h.validator.internal.util.Version - HV000001: Hibernate Validator 6.0.13.Final
16:33:32.460 logback [main] INFO  com.shgs.lodge.LodgeApplication - Starting LodgeApplication using Java 1.8.0_271 on DESKTOP-UDV8UQ1 with PID 13184 (D:\IdeaProjects\lodge\target\classes started by yglei in D:\IdeaProjects\lodge)
16:33:32.461 logback [main] INFO  com.shgs.lodge.LodgeApplication - No active profile set, falling back to default profiles: default
16:33:33.757 logback [main] INFO  o.s.d.r.c.RepositoryConfigurationDelegate - Bootstrapping Spring Data JPA repositories in DEFAULT mode.
16:33:33.782 logback [main] INFO  o.s.d.r.c.RepositoryConfigurationDelegate - Finished Spring Data repository scanning in 14 ms. Found 0 JPA repository interfaces.
16:33:34.119 logback [main] INFO  c.u.j.c.EnableEncryptablePropertiesBeanFactoryPostProcessor - Post-processing PropertySource instances
16:33:34.177 logback [main] INFO  c.u.j.EncryptablePropertySourceConverter - Converting PropertySource configurationProperties [org.springframework.boot.context.properties.source.ConfigurationPropertySourcesPropertySource] to AOP Proxy
16:33:34.177 logback [main] INFO  c.u.j.EncryptablePropertySourceConverter - Converting PropertySource servletConfigInitParams [org.springframework.core.env.PropertySource$StubPropertySource] to EncryptablePropertySourceWrapper
16:33:34.177 logback [main] INFO  c.u.j.EncryptablePropertySourceConverter - Converting PropertySource servletContextInitParams [org.springframework.core.env.PropertySource$StubPropertySource] to EncryptablePropertySourceWrapper
16:33:34.178 logback [main] INFO  c.u.j.EncryptablePropertySourceConverter - Converting PropertySource systemProperties [org.springframework.core.env.PropertiesPropertySource] to EncryptableMapPropertySourceWrapper
16:33:34.178 logback [main] INFO  c.u.j.EncryptablePropertySourceConverter - Converting PropertySource systemEnvironment [org.springframework.boot.env.SystemEnvironmentPropertySourceEnvironmentPostProcessor$OriginAwareSystemEnvironmentPropertySource] to EncryptableMapPropertySourceWrapper
16:33:34.178 logback [main] INFO  c.u.j.EncryptablePropertySourceConverter - Converting PropertySource random [org.springframework.boot.env.RandomValuePropertySource] to EncryptablePropertySourceWrapper
16:33:34.178 logback [main] INFO  c.u.j.EncryptablePropertySourceConverter - Converting PropertySource Config resource 'classpath:/application.yml' via location 'optional:classpath:/' [org.springframework.boot.env.OriginTrackedMapPropertySource] to EncryptableMapPropertySourceWrapper
16:33:34.178 logback [main] INFO  c.u.j.EncryptablePropertySourceConverter - Converting PropertySource Config resource 'classpath:/application.properties' via location 'optional:classpath:/' [org.springframework.boot.env.OriginTrackedMapPropertySource] to EncryptableMapPropertySourceWrapper
16:33:34.245 logback [main] INFO  c.u.j.f.DefaultLazyPropertyFilter - Property Filter custom Bean not found with name 'encryptablePropertyFilter'. Initializing Default Property Filter
16:33:34.412 logback [main] INFO  c.u.j.r.DefaultLazyPropertyResolver - Property Resolver custom Bean not found with name 'encryptablePropertyResolver'. Initializing Default Property Resolver
16:33:34.413 logback [main] INFO  c.u.j.d.DefaultLazyPropertyDetector - Property Detector custom Bean not found with name 'encryptablePropertyDetector'. Initializing Default Property Detector
16:33:34.696 logback [main] INFO  o.s.b.w.e.tomcat.TomcatWebServer - Tomcat initialized with port(s): 8080 (http)
16:33:34.707 logback [main] INFO  o.a.coyote.http11.Http11NioProtocol - Initializing ProtocolHandler ["http-nio-8080"]
16:33:34.708 logback [main] INFO  o.a.catalina.core.StandardService - Starting service [Tomcat]
16:33:34.708 logback [main] INFO  o.a.catalina.core.StandardEngine - Starting Servlet engine: [Apache Tomcat/9.0.39]
16:33:35.147 logback [main] INFO  o.a.c.c.C.[.[localhost].[/lodge] - Initializing Spring embedded WebApplicationContext
16:33:35.147 logback [main] INFO  o.s.b.w.s.c.ServletWebServerApplicationContext - Root WebApplicationContext: initialization completed in 2356 ms
16:33:35.451 logback [main] INFO  o.h.jpa.internal.util.LogHelper - HHH000204: Processing PersistenceUnitInfo [name: primaryPersistenceUnit]
16:33:35.528 logback [main] INFO  org.hibernate.Version - HHH000412: Hibernate ORM core version 5.4.23.Final
16:33:35.731 logback [main] INFO  o.h.annotations.common.Version - HCANN000001: Hibernate Commons Annotations {5.1.2.Final}
16:33:35.877 logback [main] INFO  com.zaxxer.hikari.HikariDataSource - LodgePool - Starting...
16:33:36.476 logback [main] INFO  com.zaxxer.hikari.HikariDataSource - LodgePool - Start completed.
16:33:36.504 logback [main] INFO  org.hibernate.dialect.Dialect - HHH000400: Using dialect: org.hibernate.dialect.SQLServer2008Dialect
16:33:38.395 logback [main] INFO  o.h.e.t.j.p.i.JtaPlatformInitiator - HHH000490: Using JtaPlatform implementation: [org.hibernate.engine.transaction.jta.platform.internal.NoJtaPlatform]
16:33:38.405 logback [main] INFO  o.s.o.j.LocalContainerEntityManagerFactoryBean - Initialized JPA EntityManagerFactory for persistence unit 'primaryPersistenceUnit'
16:33:38.443 logback [main] INFO  com.shgs.lodge.config.MvcConfig - 注册拦截器[listenerRegist]成功
16:33:38.841 logback [main] INFO  c.s.l.util.MyJasyptStringEncryptor - Encryptor config not found for property jasypt.encryptor.algorithm, using default value: PBEWithMD5AndDES
16:33:38.842 logback [main] INFO  c.s.l.util.MyJasyptStringEncryptor - Encryptor config not found for property jasypt.encryptor.keyObtentionIterations, using default value: 1000
16:33:38.842 logback [main] INFO  c.s.l.util.MyJasyptStringEncryptor - Encryptor config not found for property jasypt.encryptor.poolSize, using default value: 1
16:33:38.842 logback [main] INFO  c.s.l.util.MyJasyptStringEncryptor - Encryptor config not found for property jasypt.encryptor.providerName, using default value: null
16:33:38.842 logback [main] INFO  c.s.l.util.MyJasyptStringEncryptor - Encryptor config not found for property jasypt.encryptor.saltGeneratorClassname, using default value: org.jasypt.salt.RandomSaltGenerator
16:33:38.843 logback [main] INFO  c.s.l.util.MyJasyptStringEncryptor - Encryptor config not found for property jasypt.encryptor.stringOutputType, using default value: base64
16:33:39.064 logback [main] INFO  o.s.s.c.ThreadPoolTaskExecutor - Initializing ExecutorService 'applicationTaskExecutor'
16:33:39.210 logback [main] INFO  o.s.b.a.w.s.WelcomePageHandlerMapping - Adding welcome page template: index
16:33:39.409 logback [main] INFO  o.a.coyote.http11.Http11NioProtocol - Starting ProtocolHandler ["http-nio-8080"]
16:33:39.439 logback [main] INFO  o.s.b.w.e.tomcat.TomcatWebServer - Tomcat started on port(s): 8080 (http) with context path '/lodge'
16:33:39.451 logback [main] INFO  com.shgs.lodge.LodgeApplication - Started LodgeApplication in 7.831 seconds (JVM running for 9.84)
16:33:57.286 logback [http-nio-8080-exec-2] INFO  o.a.c.c.C.[.[localhost].[/lodge] - Initializing Spring DispatcherServlet 'dispatcherServlet'
16:33:57.286 logback [http-nio-8080-exec-2] INFO  o.s.web.servlet.DispatcherServlet - Initializing Servlet 'dispatcherServlet'
16:33:57.288 logback [http-nio-8080-exec-2] INFO  o.s.web.servlet.DispatcherServlet - Completed initialization in 2 ms
16:33:57.312 logback [http-nio-8080-exec-2] INFO  c.s.lodge.servlet.CmsSessionListener - addSession[3964B1D7DAA806F53EDBBB2F83E9BF96]
16:46:53.790 logback [SpringContextShutdownHook] INFO  c.s.lodge.servlet.CmsSessionListener - removeSession[3964B1D7DAA806F53EDBBB2F83E9BF96]
16:46:53.838 logback [SpringContextShutdownHook] INFO  o.s.s.c.ThreadPoolTaskExecutor - Shutting down ExecutorService 'applicationTaskExecutor'
16:46:53.840 logback [SpringContextShutdownHook] INFO  o.s.o.j.LocalContainerEntityManagerFactoryBean - Closing JPA EntityManagerFactory for persistence unit 'primaryPersistenceUnit'
16:46:53.841 logback [SpringContextShutdownHook] INFO  com.zaxxer.hikari.HikariDataSource - LodgePool - Shutdown initiated...
16:46:53.844 logback [SpringContextShutdownHook] INFO  com.zaxxer.hikari.HikariDataSource - LodgePool - Shutdown completed.
16:47:00.470 logback [background-preinit] INFO  o.h.validator.internal.util.Version - HV000001: Hibernate Validator 6.0.13.Final
16:47:00.477 logback [main] INFO  com.shgs.lodge.LodgeApplication - Starting LodgeApplication using Java 1.8.0_271 on DESKTOP-UDV8UQ1 with PID 11736 (D:\IdeaProjects\lodge\target\classes started by yglei in D:\IdeaProjects\lodge)
16:47:00.477 logback [main] INFO  com.shgs.lodge.LodgeApplication - No active profile set, falling back to default profiles: default
16:47:01.324 logback [main] INFO  o.s.d.r.c.RepositoryConfigurationDelegate - Bootstrapping Spring Data JPA repositories in DEFAULT mode.
16:47:01.343 logback [main] INFO  o.s.d.r.c.RepositoryConfigurationDelegate - Finished Spring Data repository scanning in 11 ms. Found 0 JPA repository interfaces.
16:47:01.650 logback [main] INFO  c.u.j.c.EnableEncryptablePropertiesBeanFactoryPostProcessor - Post-processing PropertySource instances
16:47:01.711 logback [main] INFO  c.u.j.EncryptablePropertySourceConverter - Converting PropertySource configurationProperties [org.springframework.boot.context.properties.source.ConfigurationPropertySourcesPropertySource] to AOP Proxy
16:47:01.711 logback [main] INFO  c.u.j.EncryptablePropertySourceConverter - Converting PropertySource servletConfigInitParams [org.springframework.core.env.PropertySource$StubPropertySource] to EncryptablePropertySourceWrapper
16:47:01.711 logback [main] INFO  c.u.j.EncryptablePropertySourceConverter - Converting PropertySource servletContextInitParams [org.springframework.core.env.PropertySource$StubPropertySource] to EncryptablePropertySourceWrapper
16:47:01.712 logback [main] INFO  c.u.j.EncryptablePropertySourceConverter - Converting PropertySource systemProperties [org.springframework.core.env.PropertiesPropertySource] to EncryptableMapPropertySourceWrapper
16:47:01.713 logback [main] INFO  c.u.j.EncryptablePropertySourceConverter - Converting PropertySource systemEnvironment [org.springframework.boot.env.SystemEnvironmentPropertySourceEnvironmentPostProcessor$OriginAwareSystemEnvironmentPropertySource] to EncryptableMapPropertySourceWrapper
16:47:01.713 logback [main] INFO  c.u.j.EncryptablePropertySourceConverter - Converting PropertySource random [org.springframework.boot.env.RandomValuePropertySource] to EncryptablePropertySourceWrapper
16:47:01.713 logback [main] INFO  c.u.j.EncryptablePropertySourceConverter - Converting PropertySource Config resource 'classpath:/application.yml' via location 'optional:classpath:/' [org.springframework.boot.env.OriginTrackedMapPropertySource] to EncryptableMapPropertySourceWrapper
16:47:01.713 logback [main] INFO  c.u.j.EncryptablePropertySourceConverter - Converting PropertySource Config resource 'classpath:/application.properties' via location 'optional:classpath:/' [org.springframework.boot.env.OriginTrackedMapPropertySource] to EncryptableMapPropertySourceWrapper
16:47:01.777 logback [main] INFO  c.u.j.f.DefaultLazyPropertyFilter - Property Filter custom Bean not found with name 'encryptablePropertyFilter'. Initializing Default Property Filter
16:47:01.910 logback [main] INFO  c.u.j.r.DefaultLazyPropertyResolver - Property Resolver custom Bean not found with name 'encryptablePropertyResolver'. Initializing Default Property Resolver
16:47:01.912 logback [main] INFO  c.u.j.d.DefaultLazyPropertyDetector - Property Detector custom Bean not found with name 'encryptablePropertyDetector'. Initializing Default Property Detector
16:47:02.172 logback [main] INFO  o.s.b.w.e.tomcat.TomcatWebServer - Tomcat initialized with port(s): 8080 (http)
16:47:02.182 logback [main] INFO  o.a.coyote.http11.Http11NioProtocol - Initializing ProtocolHandler ["http-nio-8080"]
16:47:02.183 logback [main] INFO  o.a.catalina.core.StandardService - Starting service [Tomcat]
16:47:02.187 logback [main] INFO  o.a.catalina.core.StandardEngine - Starting Servlet engine: [Apache Tomcat/9.0.39]
16:47:02.341 logback [main] INFO  o.a.c.c.C.[.[localhost].[/lodge] - Initializing Spring embedded WebApplicationContext
16:47:02.341 logback [main] INFO  o.s.b.w.s.c.ServletWebServerApplicationContext - Root WebApplicationContext: initialization completed in 1633 ms
16:47:02.540 logback [main] INFO  o.h.jpa.internal.util.LogHelper - HHH000204: Processing PersistenceUnitInfo [name: primaryPersistenceUnit]
16:47:02.592 logback [main] INFO  org.hibernate.Version - HHH000412: Hibernate ORM core version 5.4.23.Final
16:47:02.719 logback [main] INFO  o.h.annotations.common.Version - HCANN000001: Hibernate Commons Annotations {5.1.2.Final}
16:47:02.817 logback [main] INFO  com.zaxxer.hikari.HikariDataSource - LodgePool - Starting...
16:47:03.192 logback [main] INFO  com.zaxxer.hikari.HikariDataSource - LodgePool - Start completed.
16:47:03.208 logback [main] INFO  org.hibernate.dialect.Dialect - HHH000400: Using dialect: org.hibernate.dialect.SQLServer2008Dialect
16:47:18.789 logback [main] INFO  o.h.e.t.j.p.i.JtaPlatformInitiator - HHH000490: Using JtaPlatform implementation: [org.hibernate.engine.transaction.jta.platform.internal.NoJtaPlatform]
16:47:18.798 logback [main] INFO  o.s.o.j.LocalContainerEntityManagerFactoryBean - Initialized JPA EntityManagerFactory for persistence unit 'primaryPersistenceUnit'
16:47:18.838 logback [main] INFO  com.shgs.lodge.config.MvcConfig - 注册拦截器[listenerRegist]成功
16:47:19.228 logback [main] INFO  c.s.l.util.MyJasyptStringEncryptor - Encryptor config not found for property jasypt.encryptor.algorithm, using default value: PBEWithMD5AndDES
16:47:19.228 logback [main] INFO  c.s.l.util.MyJasyptStringEncryptor - Encryptor config not found for property jasypt.encryptor.keyObtentionIterations, using default value: 1000
16:47:19.228 logback [main] INFO  c.s.l.util.MyJasyptStringEncryptor - Encryptor config not found for property jasypt.encryptor.poolSize, using default value: 1
16:47:19.229 logback [main] INFO  c.s.l.util.MyJasyptStringEncryptor - Encryptor config not found for property jasypt.encryptor.providerName, using default value: null
16:47:19.229 logback [main] INFO  c.s.l.util.MyJasyptStringEncryptor - Encryptor config not found for property jasypt.encryptor.saltGeneratorClassname, using default value: org.jasypt.salt.RandomSaltGenerator
16:47:19.229 logback [main] INFO  c.s.l.util.MyJasyptStringEncryptor - Encryptor config not found for property jasypt.encryptor.stringOutputType, using default value: base64
16:47:19.432 logback [main] INFO  o.s.s.c.ThreadPoolTaskExecutor - Initializing ExecutorService 'applicationTaskExecutor'
16:47:19.555 logback [main] INFO  o.s.b.a.w.s.WelcomePageHandlerMapping - Adding welcome page template: index
16:47:19.709 logback [main] INFO  o.a.coyote.http11.Http11NioProtocol - Starting ProtocolHandler ["http-nio-8080"]
16:47:19.731 logback [main] INFO  o.s.b.w.e.tomcat.TomcatWebServer - Tomcat started on port(s): 8080 (http) with context path '/lodge'
16:47:19.739 logback [main] INFO  com.shgs.lodge.LodgeApplication - Started LodgeApplication in 19.826 seconds (JVM running for 21.27)
16:54:18.437 logback [SpringContextShutdownHook] INFO  o.s.s.c.ThreadPoolTaskExecutor - Shutting down ExecutorService 'applicationTaskExecutor'
16:54:18.441 logback [SpringContextShutdownHook] INFO  o.s.o.j.LocalContainerEntityManagerFactoryBean - Closing JPA EntityManagerFactory for persistence unit 'primaryPersistenceUnit'
16:54:18.442 logback [SpringContextShutdownHook] INFO  com.zaxxer.hikari.HikariDataSource - LodgePool - Shutdown initiated...
16:54:18.443 logback [SpringContextShutdownHook] INFO  com.zaxxer.hikari.HikariDataSource - LodgePool - Shutdown completed.
