08:52:10.850 logback [background-preinit] INFO  o.h.validator.internal.util.Version - HV000001: Hibernate Validator 6.0.13.Final
08:52:10.859 logback [main] INFO  com.shgs.lodge.LodgeApplication - Starting LodgeApplication using Java 1.8.0_271 on DESKTOP-UDV8UQ1 with PID 6916 (D:\IdeaProjects\lodge\target\classes started by yglei in D:\IdeaProjects\lodge)
08:52:10.860 logback [main] INFO  com.shgs.lodge.LodgeApplication - No active profile set, falling back to default profiles: default
08:52:12.208 logback [main] INFO  o.s.d.r.c.RepositoryConfigurationDelegate - Bootstrapping Spring Data JPA repositories in DEFAULT mode.
08:52:12.233 logback [main] INFO  o.s.d.r.c.RepositoryConfigurationDelegate - Finished Spring Data repository scanning in 13 ms. Found 0 JPA repository interfaces.
08:52:12.671 logback [main] INFO  c.u.j.c.EnableEncryptablePropertiesBeanFactoryPostProcessor - Post-processing PropertySource instances
08:52:12.730 logback [main] INFO  c.u.j.EncryptablePropertySourceConverter - Converting PropertySource configurationProperties [org.springframework.boot.context.properties.source.ConfigurationPropertySourcesPropertySource] to AOP Proxy
08:52:12.731 logback [main] INFO  c.u.j.EncryptablePropertySourceConverter - Converting PropertySource servletConfigInitParams [org.springframework.core.env.PropertySource$StubPropertySource] to EncryptablePropertySourceWrapper
08:52:12.731 logback [main] INFO  c.u.j.EncryptablePropertySourceConverter - Converting PropertySource servletContextInitParams [org.springframework.core.env.PropertySource$StubPropertySource] to EncryptablePropertySourceWrapper
08:52:12.732 logback [main] INFO  c.u.j.EncryptablePropertySourceConverter - Converting PropertySource systemProperties [org.springframework.core.env.PropertiesPropertySource] to EncryptableMapPropertySourceWrapper
08:52:12.732 logback [main] INFO  c.u.j.EncryptablePropertySourceConverter - Converting PropertySource systemEnvironment [org.springframework.boot.env.SystemEnvironmentPropertySourceEnvironmentPostProcessor$OriginAwareSystemEnvironmentPropertySource] to EncryptableMapPropertySourceWrapper
08:52:12.732 logback [main] INFO  c.u.j.EncryptablePropertySourceConverter - Converting PropertySource random [org.springframework.boot.env.RandomValuePropertySource] to EncryptablePropertySourceWrapper
08:52:12.732 logback [main] INFO  c.u.j.EncryptablePropertySourceConverter - Converting PropertySource Config resource 'classpath:/application.yml' via location 'optional:classpath:/' [org.springframework.boot.env.OriginTrackedMapPropertySource] to EncryptableMapPropertySourceWrapper
08:52:12.732 logback [main] INFO  c.u.j.EncryptablePropertySourceConverter - Converting PropertySource Config resource 'classpath:/application.properties' via location 'optional:classpath:/' [org.springframework.boot.env.OriginTrackedMapPropertySource] to EncryptableMapPropertySourceWrapper
08:52:12.802 logback [main] INFO  c.u.j.f.DefaultLazyPropertyFilter - Property Filter custom Bean not found with name 'encryptablePropertyFilter'. Initializing Default Property Filter
08:52:12.959 logback [main] INFO  c.u.j.r.DefaultLazyPropertyResolver - Property Resolver custom Bean not found with name 'encryptablePropertyResolver'. Initializing Default Property Resolver
08:52:12.961 logback [main] INFO  c.u.j.d.DefaultLazyPropertyDetector - Property Detector custom Bean not found with name 'encryptablePropertyDetector'. Initializing Default Property Detector
08:52:13.263 logback [main] INFO  o.s.b.w.e.tomcat.TomcatWebServer - Tomcat initialized with port(s): 8080 (http)
08:52:13.278 logback [main] INFO  o.a.coyote.http11.Http11NioProtocol - Initializing ProtocolHandler ["http-nio-8080"]
08:52:13.278 logback [main] INFO  o.a.catalina.core.StandardService - Starting service [Tomcat]
08:52:13.278 logback [main] INFO  o.a.catalina.core.StandardEngine - Starting Servlet engine: [Apache Tomcat/9.0.39]
08:52:13.453 logback [main] INFO  o.a.c.c.C.[.[localhost].[/lodge] - Initializing Spring embedded WebApplicationContext
08:52:13.454 logback [main] INFO  o.s.b.w.s.c.ServletWebServerApplicationContext - Root WebApplicationContext: initialization completed in 2270 ms
08:52:13.736 logback [main] INFO  o.h.jpa.internal.util.LogHelper - HHH000204: Processing PersistenceUnitInfo [name: primaryPersistenceUnit]
08:52:13.820 logback [main] INFO  org.hibernate.Version - HHH000412: Hibernate ORM core version 5.4.23.Final
08:52:14.020 logback [main] INFO  o.h.annotations.common.Version - HCANN000001: Hibernate Commons Annotations {5.1.2.Final}
08:52:14.178 logback [main] INFO  com.zaxxer.hikari.HikariDataSource - LodgePool - Starting...
08:52:14.889 logback [main] INFO  com.zaxxer.hikari.HikariDataSource - LodgePool - Start completed.
08:52:14.914 logback [main] INFO  org.hibernate.dialect.Dialect - HHH000400: Using dialect: org.hibernate.dialect.SQLServer2008Dialect
08:52:28.340 logback [main] INFO  o.h.e.t.j.p.i.JtaPlatformInitiator - HHH000490: Using JtaPlatform implementation: [org.hibernate.engine.transaction.jta.platform.internal.NoJtaPlatform]
08:52:28.353 logback [main] INFO  o.s.o.j.LocalContainerEntityManagerFactoryBean - Initialized JPA EntityManagerFactory for persistence unit 'primaryPersistenceUnit'
08:52:28.392 logback [main] INFO  com.shgs.lodge.config.MvcConfig - 注册拦截器[listenerRegist]成功
08:52:28.870 logback [main] INFO  c.s.l.util.MyJasyptStringEncryptor - Encryptor config not found for property jasypt.encryptor.algorithm, using default value: PBEWithMD5AndDES
08:52:28.870 logback [main] INFO  c.s.l.util.MyJasyptStringEncryptor - Encryptor config not found for property jasypt.encryptor.keyObtentionIterations, using default value: 1000
08:52:28.871 logback [main] INFO  c.s.l.util.MyJasyptStringEncryptor - Encryptor config not found for property jasypt.encryptor.poolSize, using default value: 1
08:52:28.871 logback [main] INFO  c.s.l.util.MyJasyptStringEncryptor - Encryptor config not found for property jasypt.encryptor.providerName, using default value: null
08:52:28.871 logback [main] INFO  c.s.l.util.MyJasyptStringEncryptor - Encryptor config not found for property jasypt.encryptor.saltGeneratorClassname, using default value: org.jasypt.salt.RandomSaltGenerator
08:52:28.871 logback [main] INFO  c.s.l.util.MyJasyptStringEncryptor - Encryptor config not found for property jasypt.encryptor.stringOutputType, using default value: base64
08:52:29.097 logback [main] INFO  o.s.s.c.ThreadPoolTaskExecutor - Initializing ExecutorService 'applicationTaskExecutor'
08:52:29.278 logback [main] INFO  o.s.b.a.w.s.WelcomePageHandlerMapping - Adding welcome page template: index
08:52:29.540 logback [main] INFO  o.a.coyote.http11.Http11NioProtocol - Starting ProtocolHandler ["http-nio-8080"]
08:52:29.563 logback [main] INFO  o.s.b.w.e.tomcat.TomcatWebServer - Tomcat started on port(s): 8080 (http) with context path '/lodge'
08:52:29.573 logback [main] INFO  com.shgs.lodge.LodgeApplication - Started LodgeApplication in 19.494 seconds (JVM running for 22.076)
08:52:51.964 logback [http-nio-8080-exec-2] INFO  o.a.c.c.C.[.[localhost].[/lodge] - Initializing Spring DispatcherServlet 'dispatcherServlet'
08:52:51.964 logback [http-nio-8080-exec-2] INFO  o.s.web.servlet.DispatcherServlet - Initializing Servlet 'dispatcherServlet'
08:52:51.966 logback [http-nio-8080-exec-2] INFO  o.s.web.servlet.DispatcherServlet - Completed initialization in 2 ms
08:52:52.045 logback [http-nio-8080-exec-2] INFO  c.s.lodge.servlet.CmsSessionListener - addSession[5A343DACC1EDD5908849A99DA8488955]
08:53:16.647 logback [SpringContextShutdownHook] INFO  c.s.lodge.servlet.CmsSessionListener - removeSession[5A343DACC1EDD5908849A99DA8488955]
08:53:16.680 logback [SpringContextShutdownHook] INFO  o.s.s.c.ThreadPoolTaskExecutor - Shutting down ExecutorService 'applicationTaskExecutor'
08:53:16.684 logback [SpringContextShutdownHook] INFO  o.s.o.j.LocalContainerEntityManagerFactoryBean - Closing JPA EntityManagerFactory for persistence unit 'primaryPersistenceUnit'
08:53:16.684 logback [SpringContextShutdownHook] INFO  com.zaxxer.hikari.HikariDataSource - LodgePool - Shutdown initiated...
08:53:16.687 logback [SpringContextShutdownHook] INFO  com.zaxxer.hikari.HikariDataSource - LodgePool - Shutdown completed.
08:54:36.307 logback [background-preinit] INFO  o.h.validator.internal.util.Version - HV000001: Hibernate Validator 6.0.13.Final
08:54:36.321 logback [main] INFO  com.shgs.lodge.LodgeApplication - Starting LodgeApplication using Java 1.8.0_271 on DESKTOP-UDV8UQ1 with PID 11856 (D:\IdeaProjects\lodge\target\classes started by yglei in D:\IdeaProjects\lodge)
08:54:36.321 logback [main] INFO  com.shgs.lodge.LodgeApplication - No active profile set, falling back to default profiles: default
08:54:37.597 logback [main] INFO  o.s.d.r.c.RepositoryConfigurationDelegate - Bootstrapping Spring Data JPA repositories in DEFAULT mode.
08:54:37.616 logback [main] INFO  o.s.d.r.c.RepositoryConfigurationDelegate - Finished Spring Data repository scanning in 11 ms. Found 0 JPA repository interfaces.
08:54:37.910 logback [main] INFO  c.u.j.c.EnableEncryptablePropertiesBeanFactoryPostProcessor - Post-processing PropertySource instances
08:54:37.966 logback [main] INFO  c.u.j.EncryptablePropertySourceConverter - Converting PropertySource configurationProperties [org.springframework.boot.context.properties.source.ConfigurationPropertySourcesPropertySource] to AOP Proxy
08:54:37.967 logback [main] INFO  c.u.j.EncryptablePropertySourceConverter - Converting PropertySource servletConfigInitParams [org.springframework.core.env.PropertySource$StubPropertySource] to EncryptablePropertySourceWrapper
08:54:37.967 logback [main] INFO  c.u.j.EncryptablePropertySourceConverter - Converting PropertySource servletContextInitParams [org.springframework.core.env.PropertySource$StubPropertySource] to EncryptablePropertySourceWrapper
08:54:37.968 logback [main] INFO  c.u.j.EncryptablePropertySourceConverter - Converting PropertySource systemProperties [org.springframework.core.env.PropertiesPropertySource] to EncryptableMapPropertySourceWrapper
08:54:37.968 logback [main] INFO  c.u.j.EncryptablePropertySourceConverter - Converting PropertySource systemEnvironment [org.springframework.boot.env.SystemEnvironmentPropertySourceEnvironmentPostProcessor$OriginAwareSystemEnvironmentPropertySource] to EncryptableMapPropertySourceWrapper
08:54:37.968 logback [main] INFO  c.u.j.EncryptablePropertySourceConverter - Converting PropertySource random [org.springframework.boot.env.RandomValuePropertySource] to EncryptablePropertySourceWrapper
08:54:37.968 logback [main] INFO  c.u.j.EncryptablePropertySourceConverter - Converting PropertySource Config resource 'classpath:/application.yml' via location 'optional:classpath:/' [org.springframework.boot.env.OriginTrackedMapPropertySource] to EncryptableMapPropertySourceWrapper
08:54:37.968 logback [main] INFO  c.u.j.EncryptablePropertySourceConverter - Converting PropertySource Config resource 'classpath:/application.properties' via location 'optional:classpath:/' [org.springframework.boot.env.OriginTrackedMapPropertySource] to EncryptableMapPropertySourceWrapper
08:54:38.048 logback [main] INFO  c.u.j.f.DefaultLazyPropertyFilter - Property Filter custom Bean not found with name 'encryptablePropertyFilter'. Initializing Default Property Filter
08:54:38.211 logback [main] INFO  c.u.j.r.DefaultLazyPropertyResolver - Property Resolver custom Bean not found with name 'encryptablePropertyResolver'. Initializing Default Property Resolver
08:54:38.213 logback [main] INFO  c.u.j.d.DefaultLazyPropertyDetector - Property Detector custom Bean not found with name 'encryptablePropertyDetector'. Initializing Default Property Detector
08:54:38.465 logback [main] INFO  o.s.b.w.e.tomcat.TomcatWebServer - Tomcat initialized with port(s): 8080 (http)
08:54:38.477 logback [main] INFO  o.a.coyote.http11.Http11NioProtocol - Initializing ProtocolHandler ["http-nio-8080"]
08:54:38.477 logback [main] INFO  o.a.catalina.core.StandardService - Starting service [Tomcat]
08:54:38.478 logback [main] INFO  o.a.catalina.core.StandardEngine - Starting Servlet engine: [Apache Tomcat/9.0.39]
08:54:38.636 logback [main] INFO  o.a.c.c.C.[.[localhost].[/lodge] - Initializing Spring embedded WebApplicationContext
08:54:38.637 logback [main] INFO  o.s.b.w.s.c.ServletWebServerApplicationContext - Root WebApplicationContext: initialization completed in 1943 ms
08:54:38.903 logback [main] INFO  o.h.jpa.internal.util.LogHelper - HHH000204: Processing PersistenceUnitInfo [name: primaryPersistenceUnit]
08:54:39.059 logback [main] INFO  org.hibernate.Version - HHH000412: Hibernate ORM core version 5.4.23.Final
08:54:39.304 logback [main] INFO  o.h.annotations.common.Version - HCANN000001: Hibernate Commons Annotations {5.1.2.Final}
08:54:39.463 logback [main] INFO  com.zaxxer.hikari.HikariDataSource - LodgePool - Starting...
08:54:40.667 logback [main] INFO  com.zaxxer.hikari.HikariDataSource - LodgePool - Start completed.
08:54:44.211 logback [main] INFO  org.hibernate.dialect.Dialect - HHH000400: Using dialect: org.hibernate.dialect.SQLServer2008Dialect
08:54:50.505 logback [main] INFO  o.h.e.t.j.p.i.JtaPlatformInitiator - HHH000490: Using JtaPlatform implementation: [org.hibernate.engine.transaction.jta.platform.internal.NoJtaPlatform]
08:54:50.513 logback [main] INFO  o.s.o.j.LocalContainerEntityManagerFactoryBean - Initialized JPA EntityManagerFactory for persistence unit 'primaryPersistenceUnit'
08:54:50.551 logback [main] INFO  com.shgs.lodge.config.MvcConfig - 注册拦截器[listenerRegist]成功
08:54:50.997 logback [main] INFO  c.s.l.util.MyJasyptStringEncryptor - Encryptor config not found for property jasypt.encryptor.algorithm, using default value: PBEWithMD5AndDES
08:54:50.997 logback [main] INFO  c.s.l.util.MyJasyptStringEncryptor - Encryptor config not found for property jasypt.encryptor.keyObtentionIterations, using default value: 1000
08:54:50.997 logback [main] INFO  c.s.l.util.MyJasyptStringEncryptor - Encryptor config not found for property jasypt.encryptor.poolSize, using default value: 1
08:54:50.998 logback [main] INFO  c.s.l.util.MyJasyptStringEncryptor - Encryptor config not found for property jasypt.encryptor.providerName, using default value: null
08:54:50.998 logback [main] INFO  c.s.l.util.MyJasyptStringEncryptor - Encryptor config not found for property jasypt.encryptor.saltGeneratorClassname, using default value: org.jasypt.salt.RandomSaltGenerator
08:54:50.999 logback [main] INFO  c.s.l.util.MyJasyptStringEncryptor - Encryptor config not found for property jasypt.encryptor.stringOutputType, using default value: base64
08:54:51.191 logback [main] INFO  o.s.s.c.ThreadPoolTaskExecutor - Initializing ExecutorService 'applicationTaskExecutor'
08:54:51.320 logback [main] INFO  o.s.b.a.w.s.WelcomePageHandlerMapping - Adding welcome page template: index
08:54:51.476 logback [main] INFO  o.a.coyote.http11.Http11NioProtocol - Starting ProtocolHandler ["http-nio-8080"]
08:54:51.498 logback [main] INFO  o.s.b.w.e.tomcat.TomcatWebServer - Tomcat started on port(s): 8080 (http) with context path '/lodge'
08:54:51.507 logback [main] INFO  com.shgs.lodge.LodgeApplication - Started LodgeApplication in 16.104 seconds (JVM running for 18.097)
08:55:00.842 logback [http-nio-8080-exec-3] INFO  o.a.c.c.C.[.[localhost].[/lodge] - Initializing Spring DispatcherServlet 'dispatcherServlet'
08:55:00.842 logback [http-nio-8080-exec-3] INFO  o.s.web.servlet.DispatcherServlet - Initializing Servlet 'dispatcherServlet'
08:55:00.843 logback [http-nio-8080-exec-3] INFO  o.s.web.servlet.DispatcherServlet - Completed initialization in 1 ms
08:55:00.862 logback [http-nio-8080-exec-3] INFO  c.s.lodge.servlet.CmsSessionListener - addSession[A05723FB3B8D58FE44D2DDAC1BBC9FDA]
08:56:09.404 logback [SpringContextShutdownHook] INFO  c.s.lodge.servlet.CmsSessionListener - removeSession[A05723FB3B8D58FE44D2DDAC1BBC9FDA]
08:56:09.465 logback [SpringContextShutdownHook] INFO  o.s.s.c.ThreadPoolTaskExecutor - Shutting down ExecutorService 'applicationTaskExecutor'
08:56:09.469 logback [SpringContextShutdownHook] INFO  o.s.o.j.LocalContainerEntityManagerFactoryBean - Closing JPA EntityManagerFactory for persistence unit 'primaryPersistenceUnit'
08:56:09.470 logback [SpringContextShutdownHook] INFO  com.zaxxer.hikari.HikariDataSource - LodgePool - Shutdown initiated...
08:56:09.475 logback [SpringContextShutdownHook] INFO  com.zaxxer.hikari.HikariDataSource - LodgePool - Shutdown completed.
08:58:22.457 logback [main] INFO  com.shgs.lodge.LodgeApplication - Starting LodgeApplication using Java 1.8.0_271 on DESKTOP-UDV8UQ1 with PID 5024 (D:\IdeaProjects\lodge\target\classes started by yglei in D:\IdeaProjects\lodge)
08:58:22.454 logback [background-preinit] INFO  o.h.validator.internal.util.Version - HV000001: Hibernate Validator 6.0.13.Final
08:58:22.459 logback [main] INFO  com.shgs.lodge.LodgeApplication - No active profile set, falling back to default profiles: default
08:58:23.622 logback [main] INFO  o.s.d.r.c.RepositoryConfigurationDelegate - Bootstrapping Spring Data JPA repositories in DEFAULT mode.
08:58:23.642 logback [main] INFO  o.s.d.r.c.RepositoryConfigurationDelegate - Finished Spring Data repository scanning in 11 ms. Found 0 JPA repository interfaces.
08:58:23.949 logback [main] INFO  c.u.j.c.EnableEncryptablePropertiesBeanFactoryPostProcessor - Post-processing PropertySource instances
08:58:24.000 logback [main] INFO  c.u.j.EncryptablePropertySourceConverter - Converting PropertySource configurationProperties [org.springframework.boot.context.properties.source.ConfigurationPropertySourcesPropertySource] to AOP Proxy
08:58:24.001 logback [main] INFO  c.u.j.EncryptablePropertySourceConverter - Converting PropertySource servletConfigInitParams [org.springframework.core.env.PropertySource$StubPropertySource] to EncryptablePropertySourceWrapper
08:58:24.001 logback [main] INFO  c.u.j.EncryptablePropertySourceConverter - Converting PropertySource servletContextInitParams [org.springframework.core.env.PropertySource$StubPropertySource] to EncryptablePropertySourceWrapper
08:58:24.001 logback [main] INFO  c.u.j.EncryptablePropertySourceConverter - Converting PropertySource systemProperties [org.springframework.core.env.PropertiesPropertySource] to EncryptableMapPropertySourceWrapper
08:58:24.001 logback [main] INFO  c.u.j.EncryptablePropertySourceConverter - Converting PropertySource systemEnvironment [org.springframework.boot.env.SystemEnvironmentPropertySourceEnvironmentPostProcessor$OriginAwareSystemEnvironmentPropertySource] to EncryptableMapPropertySourceWrapper
08:58:24.002 logback [main] INFO  c.u.j.EncryptablePropertySourceConverter - Converting PropertySource random [org.springframework.boot.env.RandomValuePropertySource] to EncryptablePropertySourceWrapper
08:58:24.002 logback [main] INFO  c.u.j.EncryptablePropertySourceConverter - Converting PropertySource Config resource 'classpath:/application.yml' via location 'optional:classpath:/' [org.springframework.boot.env.OriginTrackedMapPropertySource] to EncryptableMapPropertySourceWrapper
08:58:24.002 logback [main] INFO  c.u.j.EncryptablePropertySourceConverter - Converting PropertySource Config resource 'classpath:/application.properties' via location 'optional:classpath:/' [org.springframework.boot.env.OriginTrackedMapPropertySource] to EncryptableMapPropertySourceWrapper
08:58:24.073 logback [main] INFO  c.u.j.f.DefaultLazyPropertyFilter - Property Filter custom Bean not found with name 'encryptablePropertyFilter'. Initializing Default Property Filter
08:58:24.220 logback [main] INFO  c.u.j.r.DefaultLazyPropertyResolver - Property Resolver custom Bean not found with name 'encryptablePropertyResolver'. Initializing Default Property Resolver
08:58:24.223 logback [main] INFO  c.u.j.d.DefaultLazyPropertyDetector - Property Detector custom Bean not found with name 'encryptablePropertyDetector'. Initializing Default Property Detector
08:58:24.516 logback [main] INFO  o.s.b.w.e.tomcat.TomcatWebServer - Tomcat initialized with port(s): 8080 (http)
08:58:24.526 logback [main] INFO  o.a.coyote.http11.Http11NioProtocol - Initializing ProtocolHandler ["http-nio-8080"]
08:58:24.527 logback [main] INFO  o.a.catalina.core.StandardService - Starting service [Tomcat]
08:58:24.527 logback [main] INFO  o.a.catalina.core.StandardEngine - Starting Servlet engine: [Apache Tomcat/9.0.39]
08:58:24.693 logback [main] INFO  o.a.c.c.C.[.[localhost].[/lodge] - Initializing Spring embedded WebApplicationContext
08:58:24.693 logback [main] INFO  o.s.b.w.s.c.ServletWebServerApplicationContext - Root WebApplicationContext: initialization completed in 1944 ms
08:58:24.929 logback [main] INFO  o.h.jpa.internal.util.LogHelper - HHH000204: Processing PersistenceUnitInfo [name: primaryPersistenceUnit]
08:58:24.991 logback [main] INFO  org.hibernate.Version - HHH000412: Hibernate ORM core version 5.4.23.Final
08:58:25.132 logback [main] INFO  o.h.annotations.common.Version - HCANN000001: Hibernate Commons Annotations {5.1.2.Final}
08:58:25.255 logback [main] INFO  com.zaxxer.hikari.HikariDataSource - LodgePool - Starting...
08:58:25.676 logback [main] INFO  com.zaxxer.hikari.HikariDataSource - LodgePool - Start completed.
08:58:25.696 logback [main] INFO  org.hibernate.dialect.Dialect - HHH000400: Using dialect: org.hibernate.dialect.SQLServer2008Dialect
08:58:38.098 logback [main] INFO  o.h.e.t.j.p.i.JtaPlatformInitiator - HHH000490: Using JtaPlatform implementation: [org.hibernate.engine.transaction.jta.platform.internal.NoJtaPlatform]
08:58:38.112 logback [main] INFO  o.s.o.j.LocalContainerEntityManagerFactoryBean - Initialized JPA EntityManagerFactory for persistence unit 'primaryPersistenceUnit'
08:58:38.152 logback [main] INFO  com.shgs.lodge.config.MvcConfig - 注册拦截器[listenerRegist]成功
08:58:38.568 logback [main] INFO  c.s.l.util.MyJasyptStringEncryptor - Encryptor config not found for property jasypt.encryptor.algorithm, using default value: PBEWithMD5AndDES
08:58:38.569 logback [main] INFO  c.s.l.util.MyJasyptStringEncryptor - Encryptor config not found for property jasypt.encryptor.keyObtentionIterations, using default value: 1000
08:58:38.569 logback [main] INFO  c.s.l.util.MyJasyptStringEncryptor - Encryptor config not found for property jasypt.encryptor.poolSize, using default value: 1
08:58:38.569 logback [main] INFO  c.s.l.util.MyJasyptStringEncryptor - Encryptor config not found for property jasypt.encryptor.providerName, using default value: null
08:58:38.569 logback [main] INFO  c.s.l.util.MyJasyptStringEncryptor - Encryptor config not found for property jasypt.encryptor.saltGeneratorClassname, using default value: org.jasypt.salt.RandomSaltGenerator
08:58:38.570 logback [main] INFO  c.s.l.util.MyJasyptStringEncryptor - Encryptor config not found for property jasypt.encryptor.stringOutputType, using default value: base64
08:58:38.778 logback [main] INFO  o.s.s.c.ThreadPoolTaskExecutor - Initializing ExecutorService 'applicationTaskExecutor'
08:58:38.931 logback [main] INFO  o.s.b.a.w.s.WelcomePageHandlerMapping - Adding welcome page template: index
08:58:39.100 logback [main] INFO  o.a.coyote.http11.Http11NioProtocol - Starting ProtocolHandler ["http-nio-8080"]
08:58:39.123 logback [main] INFO  o.s.b.w.e.tomcat.TomcatWebServer - Tomcat started on port(s): 8080 (http) with context path '/lodge'
08:58:39.132 logback [main] INFO  com.shgs.lodge.LodgeApplication - Started LodgeApplication in 17.317 seconds (JVM running for 18.79)
08:58:41.109 logback [http-nio-8080-exec-1] INFO  o.a.c.c.C.[.[localhost].[/lodge] - Initializing Spring DispatcherServlet 'dispatcherServlet'
08:58:41.110 logback [http-nio-8080-exec-1] INFO  o.s.web.servlet.DispatcherServlet - Initializing Servlet 'dispatcherServlet'
08:58:41.111 logback [http-nio-8080-exec-1] INFO  o.s.web.servlet.DispatcherServlet - Completed initialization in 1 ms
08:58:41.130 logback [http-nio-8080-exec-1] INFO  c.s.lodge.servlet.CmsSessionListener - addSession[E456D205AAE0DF34ADC592438A19F6B2]
09:23:10.531 logback [SpringContextShutdownHook] INFO  c.s.lodge.servlet.CmsSessionListener - removeSession[E456D205AAE0DF34ADC592438A19F6B2]
09:23:10.577 logback [SpringContextShutdownHook] INFO  o.s.s.c.ThreadPoolTaskExecutor - Shutting down ExecutorService 'applicationTaskExecutor'
09:23:10.581 logback [SpringContextShutdownHook] INFO  o.s.o.j.LocalContainerEntityManagerFactoryBean - Closing JPA EntityManagerFactory for persistence unit 'primaryPersistenceUnit'
09:23:10.584 logback [SpringContextShutdownHook] INFO  com.zaxxer.hikari.HikariDataSource - LodgePool - Shutdown initiated...
09:23:10.587 logback [SpringContextShutdownHook] INFO  com.zaxxer.hikari.HikariDataSource - LodgePool - Shutdown completed.
14:08:41.714 logback [main] INFO  com.shgs.lodge.LodgeApplication - Starting LodgeApplication using Java 1.8.0_271 on DESKTOP-UDV8UQ1 with PID 1632 (D:\IdeaProjects\lodge\target\classes started by yglei in D:\IdeaProjects\lodge)
14:08:41.712 logback [background-preinit] INFO  o.h.validator.internal.util.Version - HV000001: Hibernate Validator 6.0.13.Final
14:08:41.717 logback [main] INFO  com.shgs.lodge.LodgeApplication - No active profile set, falling back to default profiles: default
14:08:43.069 logback [main] INFO  o.s.d.r.c.RepositoryConfigurationDelegate - Bootstrapping Spring Data JPA repositories in DEFAULT mode.
14:08:43.094 logback [main] INFO  o.s.d.r.c.RepositoryConfigurationDelegate - Finished Spring Data repository scanning in 15 ms. Found 0 JPA repository interfaces.
14:08:43.469 logback [main] INFO  c.u.j.c.EnableEncryptablePropertiesBeanFactoryPostProcessor - Post-processing PropertySource instances
14:08:43.527 logback [main] INFO  c.u.j.EncryptablePropertySourceConverter - Converting PropertySource configurationProperties [org.springframework.boot.context.properties.source.ConfigurationPropertySourcesPropertySource] to AOP Proxy
14:08:43.528 logback [main] INFO  c.u.j.EncryptablePropertySourceConverter - Converting PropertySource servletConfigInitParams [org.springframework.core.env.PropertySource$StubPropertySource] to EncryptablePropertySourceWrapper
14:08:43.528 logback [main] INFO  c.u.j.EncryptablePropertySourceConverter - Converting PropertySource servletContextInitParams [org.springframework.core.env.PropertySource$StubPropertySource] to EncryptablePropertySourceWrapper
14:08:43.529 logback [main] INFO  c.u.j.EncryptablePropertySourceConverter - Converting PropertySource systemProperties [org.springframework.core.env.PropertiesPropertySource] to EncryptableMapPropertySourceWrapper
14:08:43.529 logback [main] INFO  c.u.j.EncryptablePropertySourceConverter - Converting PropertySource systemEnvironment [org.springframework.boot.env.SystemEnvironmentPropertySourceEnvironmentPostProcessor$OriginAwareSystemEnvironmentPropertySource] to EncryptableMapPropertySourceWrapper
14:08:43.529 logback [main] INFO  c.u.j.EncryptablePropertySourceConverter - Converting PropertySource random [org.springframework.boot.env.RandomValuePropertySource] to EncryptablePropertySourceWrapper
14:08:43.529 logback [main] INFO  c.u.j.EncryptablePropertySourceConverter - Converting PropertySource Config resource 'classpath:/application.yml' via location 'optional:classpath:/' [org.springframework.boot.env.OriginTrackedMapPropertySource] to EncryptableMapPropertySourceWrapper
14:08:43.529 logback [main] INFO  c.u.j.EncryptablePropertySourceConverter - Converting PropertySource Config resource 'classpath:/application.properties' via location 'optional:classpath:/' [org.springframework.boot.env.OriginTrackedMapPropertySource] to EncryptableMapPropertySourceWrapper
14:08:43.599 logback [main] INFO  c.u.j.f.DefaultLazyPropertyFilter - Property Filter custom Bean not found with name 'encryptablePropertyFilter'. Initializing Default Property Filter
14:08:43.768 logback [main] INFO  c.u.j.r.DefaultLazyPropertyResolver - Property Resolver custom Bean not found with name 'encryptablePropertyResolver'. Initializing Default Property Resolver
14:08:43.770 logback [main] INFO  c.u.j.d.DefaultLazyPropertyDetector - Property Detector custom Bean not found with name 'encryptablePropertyDetector'. Initializing Default Property Detector
14:08:44.026 logback [main] INFO  o.s.b.w.e.tomcat.TomcatWebServer - Tomcat initialized with port(s): 8080 (http)
14:08:44.037 logback [main] INFO  o.a.coyote.http11.Http11NioProtocol - Initializing ProtocolHandler ["http-nio-8080"]
14:08:44.037 logback [main] INFO  o.a.catalina.core.StandardService - Starting service [Tomcat]
14:08:44.038 logback [main] INFO  o.a.catalina.core.StandardEngine - Starting Servlet engine: [Apache Tomcat/9.0.39]
14:08:44.205 logback [main] INFO  o.a.c.c.C.[.[localhost].[/lodge] - Initializing Spring embedded WebApplicationContext
14:08:44.205 logback [main] INFO  o.s.b.w.s.c.ServletWebServerApplicationContext - Root WebApplicationContext: initialization completed in 2170 ms
14:08:44.493 logback [main] INFO  o.h.jpa.internal.util.LogHelper - HHH000204: Processing PersistenceUnitInfo [name: primaryPersistenceUnit]
14:08:44.564 logback [main] INFO  org.hibernate.Version - HHH000412: Hibernate ORM core version 5.4.23.Final
14:08:44.759 logback [main] INFO  o.h.annotations.common.Version - HCANN000001: Hibernate Commons Annotations {5.1.2.Final}
14:08:44.897 logback [main] INFO  com.zaxxer.hikari.HikariDataSource - LodgePool - Starting...
14:08:45.509 logback [main] INFO  com.zaxxer.hikari.HikariDataSource - LodgePool - Start completed.
14:08:45.532 logback [main] INFO  org.hibernate.dialect.Dialect - HHH000400: Using dialect: org.hibernate.dialect.SQLServer2008Dialect
14:08:48.298 logback [main] INFO  o.h.e.t.j.p.i.JtaPlatformInitiator - HHH000490: Using JtaPlatform implementation: [org.hibernate.engine.transaction.jta.platform.internal.NoJtaPlatform]
14:08:48.310 logback [main] INFO  o.s.o.j.LocalContainerEntityManagerFactoryBean - Initialized JPA EntityManagerFactory for persistence unit 'primaryPersistenceUnit'
14:08:48.354 logback [main] INFO  com.shgs.lodge.config.MvcConfig - 注册拦截器[listenerRegist]成功
14:08:48.819 logback [main] INFO  c.s.l.util.MyJasyptStringEncryptor - Encryptor config not found for property jasypt.encryptor.algorithm, using default value: PBEWithMD5AndDES
14:08:48.820 logback [main] INFO  c.s.l.util.MyJasyptStringEncryptor - Encryptor config not found for property jasypt.encryptor.keyObtentionIterations, using default value: 1000
14:08:48.820 logback [main] INFO  c.s.l.util.MyJasyptStringEncryptor - Encryptor config not found for property jasypt.encryptor.poolSize, using default value: 1
14:08:48.820 logback [main] INFO  c.s.l.util.MyJasyptStringEncryptor - Encryptor config not found for property jasypt.encryptor.providerName, using default value: null
14:08:48.820 logback [main] INFO  c.s.l.util.MyJasyptStringEncryptor - Encryptor config not found for property jasypt.encryptor.saltGeneratorClassname, using default value: org.jasypt.salt.RandomSaltGenerator
14:08:48.821 logback [main] INFO  c.s.l.util.MyJasyptStringEncryptor - Encryptor config not found for property jasypt.encryptor.stringOutputType, using default value: base64
14:08:49.049 logback [main] INFO  o.s.s.c.ThreadPoolTaskExecutor - Initializing ExecutorService 'applicationTaskExecutor'
14:08:49.188 logback [main] INFO  o.s.b.a.w.s.WelcomePageHandlerMapping - Adding welcome page template: index
14:08:49.364 logback [main] INFO  o.a.coyote.http11.Http11NioProtocol - Starting ProtocolHandler ["http-nio-8080"]
14:08:49.387 logback [main] INFO  o.s.b.w.e.tomcat.TomcatWebServer - Tomcat started on port(s): 8080 (http) with context path '/lodge'
14:08:49.396 logback [main] INFO  com.shgs.lodge.LodgeApplication - Started LodgeApplication in 8.431 seconds (JVM running for 9.995)
14:09:01.164 logback [http-nio-8080-exec-2] INFO  o.a.c.c.C.[.[localhost].[/lodge] - Initializing Spring DispatcherServlet 'dispatcherServlet'
14:09:01.165 logback [http-nio-8080-exec-2] INFO  o.s.web.servlet.DispatcherServlet - Initializing Servlet 'dispatcherServlet'
14:09:01.168 logback [http-nio-8080-exec-2] INFO  o.s.web.servlet.DispatcherServlet - Completed initialization in 3 ms
14:09:01.193 logback [http-nio-8080-exec-2] INFO  c.s.lodge.servlet.CmsSessionListener - addSession[68E233944B94AE9B223FF143BB7A7E1F]
14:10:15.868 logback [http-nio-8080-exec-3] INFO  c.s.lodge.servlet.CmsSessionListener - addSession[112AA3DAF585A5A9C78C58967F009B1B]
14:10:25.052 logback [http-nio-8080-exec-3] WARN  o.h.e.jdbc.spi.SqlExceptionHelper - SQL Error: 207, SQLState: S0001
14:10:25.053 logback [http-nio-8080-exec-3] ERROR o.h.e.jdbc.spi.SqlExceptionHelper - 列名 'orders' 无效。
14:10:37.128 logback [http-nio-8080-exec-4] WARN  o.h.e.jdbc.spi.SqlExceptionHelper - SQL Error: 207, SQLState: S0001
14:10:37.128 logback [http-nio-8080-exec-4] ERROR o.h.e.jdbc.spi.SqlExceptionHelper - 列名 'orders' 无效。
14:11:17.368 logback [http-nio-8080-exec-5] WARN  o.h.e.jdbc.spi.SqlExceptionHelper - SQL Error: 207, SQLState: S0001
14:11:17.368 logback [http-nio-8080-exec-5] ERROR o.h.e.jdbc.spi.SqlExceptionHelper - 列名 'orders' 无效。
14:11:18.979 logback [http-nio-8080-exec-6] WARN  o.h.e.jdbc.spi.SqlExceptionHelper - SQL Error: 207, SQLState: S0001
14:11:18.979 logback [http-nio-8080-exec-6] ERROR o.h.e.jdbc.spi.SqlExceptionHelper - 列名 'orders' 无效。
14:12:08.606 logback [http-nio-8080-exec-9] WARN  o.h.e.jdbc.spi.SqlExceptionHelper - SQL Error: 207, SQLState: S0001
14:12:08.606 logback [http-nio-8080-exec-9] ERROR o.h.e.jdbc.spi.SqlExceptionHelper - 列名 'orders' 无效。
14:12:09.859 logback [http-nio-8080-exec-2] WARN  o.h.e.jdbc.spi.SqlExceptionHelper - SQL Error: 207, SQLState: S0001
14:12:09.860 logback [http-nio-8080-exec-2] ERROR o.h.e.jdbc.spi.SqlExceptionHelper - 列名 'orders' 无效。
14:12:49.702 logback [SpringContextShutdownHook] INFO  c.s.lodge.servlet.CmsSessionListener - removeSession[68E233944B94AE9B223FF143BB7A7E1F]
14:12:49.704 logback [SpringContextShutdownHook] INFO  c.s.lodge.servlet.CmsSessionListener - removeSession[112AA3DAF585A5A9C78C58967F009B1B]
14:12:49.751 logback [SpringContextShutdownHook] INFO  o.s.s.c.ThreadPoolTaskExecutor - Shutting down ExecutorService 'applicationTaskExecutor'
14:12:49.754 logback [SpringContextShutdownHook] INFO  o.s.o.j.LocalContainerEntityManagerFactoryBean - Closing JPA EntityManagerFactory for persistence unit 'primaryPersistenceUnit'
14:12:49.755 logback [SpringContextShutdownHook] INFO  com.zaxxer.hikari.HikariDataSource - LodgePool - Shutdown initiated...
14:12:49.758 logback [SpringContextShutdownHook] INFO  com.zaxxer.hikari.HikariDataSource - LodgePool - Shutdown completed.
14:13:47.830 logback [background-preinit] INFO  o.h.validator.internal.util.Version - HV000001: Hibernate Validator 6.0.13.Final
14:13:47.836 logback [main] INFO  com.shgs.lodge.LodgeApplication - Starting LodgeApplication using Java 1.8.0_271 on DESKTOP-UDV8UQ1 with PID 18760 (D:\IdeaProjects\lodge\target\classes started by yglei in D:\IdeaProjects\lodge)
14:13:47.837 logback [main] INFO  com.shgs.lodge.LodgeApplication - No active profile set, falling back to default profiles: default
14:13:48.776 logback [main] INFO  o.s.d.r.c.RepositoryConfigurationDelegate - Bootstrapping Spring Data JPA repositories in DEFAULT mode.
14:13:48.795 logback [main] INFO  o.s.d.r.c.RepositoryConfigurationDelegate - Finished Spring Data repository scanning in 11 ms. Found 0 JPA repository interfaces.
14:13:49.083 logback [main] INFO  c.u.j.c.EnableEncryptablePropertiesBeanFactoryPostProcessor - Post-processing PropertySource instances
14:13:49.132 logback [main] INFO  c.u.j.EncryptablePropertySourceConverter - Converting PropertySource configurationProperties [org.springframework.boot.context.properties.source.ConfigurationPropertySourcesPropertySource] to AOP Proxy
14:13:49.132 logback [main] INFO  c.u.j.EncryptablePropertySourceConverter - Converting PropertySource servletConfigInitParams [org.springframework.core.env.PropertySource$StubPropertySource] to EncryptablePropertySourceWrapper
14:13:49.133 logback [main] INFO  c.u.j.EncryptablePropertySourceConverter - Converting PropertySource servletContextInitParams [org.springframework.core.env.PropertySource$StubPropertySource] to EncryptablePropertySourceWrapper
14:13:49.133 logback [main] INFO  c.u.j.EncryptablePropertySourceConverter - Converting PropertySource systemProperties [org.springframework.core.env.PropertiesPropertySource] to EncryptableMapPropertySourceWrapper
14:13:49.133 logback [main] INFO  c.u.j.EncryptablePropertySourceConverter - Converting PropertySource systemEnvironment [org.springframework.boot.env.SystemEnvironmentPropertySourceEnvironmentPostProcessor$OriginAwareSystemEnvironmentPropertySource] to EncryptableMapPropertySourceWrapper
14:13:49.133 logback [main] INFO  c.u.j.EncryptablePropertySourceConverter - Converting PropertySource random [org.springframework.boot.env.RandomValuePropertySource] to EncryptablePropertySourceWrapper
14:13:49.133 logback [main] INFO  c.u.j.EncryptablePropertySourceConverter - Converting PropertySource Config resource 'classpath:/application.yml' via location 'optional:classpath:/' [org.springframework.boot.env.OriginTrackedMapPropertySource] to EncryptableMapPropertySourceWrapper
14:13:49.133 logback [main] INFO  c.u.j.EncryptablePropertySourceConverter - Converting PropertySource Config resource 'classpath:/application.properties' via location 'optional:classpath:/' [org.springframework.boot.env.OriginTrackedMapPropertySource] to EncryptableMapPropertySourceWrapper
14:13:49.201 logback [main] INFO  c.u.j.f.DefaultLazyPropertyFilter - Property Filter custom Bean not found with name 'encryptablePropertyFilter'. Initializing Default Property Filter
14:13:49.336 logback [main] INFO  c.u.j.r.DefaultLazyPropertyResolver - Property Resolver custom Bean not found with name 'encryptablePropertyResolver'. Initializing Default Property Resolver
14:13:49.337 logback [main] INFO  c.u.j.d.DefaultLazyPropertyDetector - Property Detector custom Bean not found with name 'encryptablePropertyDetector'. Initializing Default Property Detector
14:13:49.614 logback [main] INFO  o.s.b.w.e.tomcat.TomcatWebServer - Tomcat initialized with port(s): 8080 (http)
14:13:49.624 logback [main] INFO  o.a.coyote.http11.Http11NioProtocol - Initializing ProtocolHandler ["http-nio-8080"]
14:13:49.625 logback [main] INFO  o.a.catalina.core.StandardService - Starting service [Tomcat]
14:13:49.625 logback [main] INFO  o.a.catalina.core.StandardEngine - Starting Servlet engine: [Apache Tomcat/9.0.39]
14:13:49.787 logback [main] INFO  o.a.c.c.C.[.[localhost].[/lodge] - Initializing Spring embedded WebApplicationContext
14:13:49.787 logback [main] INFO  o.s.b.w.s.c.ServletWebServerApplicationContext - Root WebApplicationContext: initialization completed in 1660 ms
14:13:50.025 logback [main] INFO  o.h.jpa.internal.util.LogHelper - HHH000204: Processing PersistenceUnitInfo [name: primaryPersistenceUnit]
14:13:50.117 logback [main] INFO  org.hibernate.Version - HHH000412: Hibernate ORM core version 5.4.23.Final
14:13:50.330 logback [main] INFO  o.h.annotations.common.Version - HCANN000001: Hibernate Commons Annotations {5.1.2.Final}
14:13:50.461 logback [main] INFO  com.zaxxer.hikari.HikariDataSource - LodgePool - Starting...
14:13:50.874 logback [main] INFO  com.zaxxer.hikari.HikariDataSource - LodgePool - Start completed.
14:13:50.892 logback [main] INFO  org.hibernate.dialect.Dialect - HHH000400: Using dialect: org.hibernate.dialect.SQLServer2008Dialect
14:13:53.296 logback [main] INFO  o.h.e.t.j.p.i.JtaPlatformInitiator - HHH000490: Using JtaPlatform implementation: [org.hibernate.engine.transaction.jta.platform.internal.NoJtaPlatform]
14:13:53.304 logback [main] INFO  o.s.o.j.LocalContainerEntityManagerFactoryBean - Initialized JPA EntityManagerFactory for persistence unit 'primaryPersistenceUnit'
14:13:53.340 logback [main] INFO  com.shgs.lodge.config.MvcConfig - 注册拦截器[listenerRegist]成功
14:13:53.728 logback [main] INFO  c.s.l.util.MyJasyptStringEncryptor - Encryptor config not found for property jasypt.encryptor.algorithm, using default value: PBEWithMD5AndDES
14:13:53.729 logback [main] INFO  c.s.l.util.MyJasyptStringEncryptor - Encryptor config not found for property jasypt.encryptor.keyObtentionIterations, using default value: 1000
14:13:53.729 logback [main] INFO  c.s.l.util.MyJasyptStringEncryptor - Encryptor config not found for property jasypt.encryptor.poolSize, using default value: 1
14:13:53.729 logback [main] INFO  c.s.l.util.MyJasyptStringEncryptor - Encryptor config not found for property jasypt.encryptor.providerName, using default value: null
14:13:53.729 logback [main] INFO  c.s.l.util.MyJasyptStringEncryptor - Encryptor config not found for property jasypt.encryptor.saltGeneratorClassname, using default value: org.jasypt.salt.RandomSaltGenerator
14:13:53.730 logback [main] INFO  c.s.l.util.MyJasyptStringEncryptor - Encryptor config not found for property jasypt.encryptor.stringOutputType, using default value: base64
14:13:53.923 logback [main] INFO  o.s.s.c.ThreadPoolTaskExecutor - Initializing ExecutorService 'applicationTaskExecutor'
14:13:54.055 logback [main] INFO  o.s.b.a.w.s.WelcomePageHandlerMapping - Adding welcome page template: index
14:13:54.215 logback [main] INFO  o.a.coyote.http11.Http11NioProtocol - Starting ProtocolHandler ["http-nio-8080"]
14:13:54.238 logback [main] INFO  o.s.b.w.e.tomcat.TomcatWebServer - Tomcat started on port(s): 8080 (http) with context path '/lodge'
14:13:54.246 logback [main] INFO  com.shgs.lodge.LodgeApplication - Started LodgeApplication in 6.996 seconds (JVM running for 8.199)
14:16:24.751 logback [http-nio-8080-exec-2] INFO  o.a.c.c.C.[.[localhost].[/lodge] - Initializing Spring DispatcherServlet 'dispatcherServlet'
14:16:24.751 logback [http-nio-8080-exec-2] INFO  o.s.web.servlet.DispatcherServlet - Initializing Servlet 'dispatcherServlet'
14:16:24.752 logback [http-nio-8080-exec-2] INFO  o.s.web.servlet.DispatcherServlet - Completed initialization in 1 ms
14:16:24.777 logback [http-nio-8080-exec-2] INFO  c.s.lodge.servlet.CmsSessionListener - addSession[1FC373104D7FC381140B768400F9AF2A]
14:20:31.793 logback [http-nio-8080-exec-4] INFO  c.s.lodge.servlet.CmsSessionListener - addSession[F3446E5D9A7351A0A9D98008FF0F8ED8]
14:21:40.187 logback [SpringContextShutdownHook] INFO  c.s.lodge.servlet.CmsSessionListener - removeSession[1FC373104D7FC381140B768400F9AF2A]
14:21:40.188 logback [SpringContextShutdownHook] INFO  c.s.lodge.servlet.CmsSessionListener - removeSession[F3446E5D9A7351A0A9D98008FF0F8ED8]
14:21:40.230 logback [SpringContextShutdownHook] INFO  o.s.s.c.ThreadPoolTaskExecutor - Shutting down ExecutorService 'applicationTaskExecutor'
14:21:40.232 logback [SpringContextShutdownHook] INFO  o.s.o.j.LocalContainerEntityManagerFactoryBean - Closing JPA EntityManagerFactory for persistence unit 'primaryPersistenceUnit'
14:21:40.233 logback [SpringContextShutdownHook] INFO  com.zaxxer.hikari.HikariDataSource - LodgePool - Shutdown initiated...
14:21:40.235 logback [SpringContextShutdownHook] INFO  com.zaxxer.hikari.HikariDataSource - LodgePool - Shutdown completed.
14:43:40.843 logback [background-preinit] INFO  o.h.validator.internal.util.Version - HV000001: Hibernate Validator 6.0.13.Final
14:43:40.850 logback [main] INFO  com.shgs.lodge.LodgeApplication - Starting LodgeApplication using Java 1.8.0_271 on DESKTOP-UDV8UQ1 with PID 10748 (D:\IdeaProjects\lodge\target\classes started by yglei in D:\IdeaProjects\lodge)
14:43:40.851 logback [main] INFO  com.shgs.lodge.LodgeApplication - No active profile set, falling back to default profiles: default
14:43:42.059 logback [main] INFO  o.s.d.r.c.RepositoryConfigurationDelegate - Bootstrapping Spring Data JPA repositories in DEFAULT mode.
14:43:42.081 logback [main] INFO  o.s.d.r.c.RepositoryConfigurationDelegate - Finished Spring Data repository scanning in 12 ms. Found 0 JPA repository interfaces.
14:43:42.395 logback [main] INFO  c.u.j.c.EnableEncryptablePropertiesBeanFactoryPostProcessor - Post-processing PropertySource instances
14:43:42.448 logback [main] INFO  c.u.j.EncryptablePropertySourceConverter - Converting PropertySource configurationProperties [org.springframework.boot.context.properties.source.ConfigurationPropertySourcesPropertySource] to AOP Proxy
14:43:42.449 logback [main] INFO  c.u.j.EncryptablePropertySourceConverter - Converting PropertySource servletConfigInitParams [org.springframework.core.env.PropertySource$StubPropertySource] to EncryptablePropertySourceWrapper
14:43:42.449 logback [main] INFO  c.u.j.EncryptablePropertySourceConverter - Converting PropertySource servletContextInitParams [org.springframework.core.env.PropertySource$StubPropertySource] to EncryptablePropertySourceWrapper
14:43:42.449 logback [main] INFO  c.u.j.EncryptablePropertySourceConverter - Converting PropertySource systemProperties [org.springframework.core.env.PropertiesPropertySource] to EncryptableMapPropertySourceWrapper
14:43:42.449 logback [main] INFO  c.u.j.EncryptablePropertySourceConverter - Converting PropertySource systemEnvironment [org.springframework.boot.env.SystemEnvironmentPropertySourceEnvironmentPostProcessor$OriginAwareSystemEnvironmentPropertySource] to EncryptableMapPropertySourceWrapper
14:43:42.449 logback [main] INFO  c.u.j.EncryptablePropertySourceConverter - Converting PropertySource random [org.springframework.boot.env.RandomValuePropertySource] to EncryptablePropertySourceWrapper
14:43:42.449 logback [main] INFO  c.u.j.EncryptablePropertySourceConverter - Converting PropertySource Config resource 'classpath:/application.yml' via location 'optional:classpath:/' [org.springframework.boot.env.OriginTrackedMapPropertySource] to EncryptableMapPropertySourceWrapper
14:43:42.450 logback [main] INFO  c.u.j.EncryptablePropertySourceConverter - Converting PropertySource Config resource 'classpath:/application.properties' via location 'optional:classpath:/' [org.springframework.boot.env.OriginTrackedMapPropertySource] to EncryptableMapPropertySourceWrapper
14:43:42.513 logback [main] INFO  c.u.j.f.DefaultLazyPropertyFilter - Property Filter custom Bean not found with name 'encryptablePropertyFilter'. Initializing Default Property Filter
14:43:42.697 logback [main] INFO  c.u.j.r.DefaultLazyPropertyResolver - Property Resolver custom Bean not found with name 'encryptablePropertyResolver'. Initializing Default Property Resolver
14:43:42.698 logback [main] INFO  c.u.j.d.DefaultLazyPropertyDetector - Property Detector custom Bean not found with name 'encryptablePropertyDetector'. Initializing Default Property Detector
14:43:42.983 logback [main] INFO  o.s.b.w.e.tomcat.TomcatWebServer - Tomcat initialized with port(s): 8080 (http)
14:43:42.993 logback [main] INFO  o.a.coyote.http11.Http11NioProtocol - Initializing ProtocolHandler ["http-nio-8080"]
14:43:42.994 logback [main] INFO  o.a.catalina.core.StandardService - Starting service [Tomcat]
14:43:42.994 logback [main] INFO  o.a.catalina.core.StandardEngine - Starting Servlet engine: [Apache Tomcat/9.0.39]
14:43:43.284 logback [main] INFO  o.a.c.c.C.[.[localhost].[/lodge] - Initializing Spring embedded WebApplicationContext
14:43:43.285 logback [main] INFO  o.s.b.w.s.c.ServletWebServerApplicationContext - Root WebApplicationContext: initialization completed in 2122 ms
14:43:43.527 logback [main] INFO  o.h.jpa.internal.util.LogHelper - HHH000204: Processing PersistenceUnitInfo [name: primaryPersistenceUnit]
14:43:43.594 logback [main] INFO  org.hibernate.Version - HHH000412: Hibernate ORM core version 5.4.23.Final
14:43:43.776 logback [main] INFO  o.h.annotations.common.Version - HCANN000001: Hibernate Commons Annotations {5.1.2.Final}
14:43:43.914 logback [main] INFO  com.zaxxer.hikari.HikariDataSource - LodgePool - Starting...
14:43:44.345 logback [main] INFO  com.zaxxer.hikari.HikariDataSource - LodgePool - Start completed.
14:43:44.366 logback [main] INFO  org.hibernate.dialect.Dialect - HHH000400: Using dialect: org.hibernate.dialect.SQLServer2008Dialect
14:43:47.008 logback [main] INFO  o.h.e.t.j.p.i.JtaPlatformInitiator - HHH000490: Using JtaPlatform implementation: [org.hibernate.engine.transaction.jta.platform.internal.NoJtaPlatform]
14:43:47.019 logback [main] INFO  o.s.o.j.LocalContainerEntityManagerFactoryBean - Initialized JPA EntityManagerFactory for persistence unit 'primaryPersistenceUnit'
14:43:47.062 logback [main] INFO  com.shgs.lodge.config.MvcConfig - 注册拦截器[listenerRegist]成功
14:43:47.479 logback [main] INFO  c.s.l.util.MyJasyptStringEncryptor - Encryptor config not found for property jasypt.encryptor.algorithm, using default value: PBEWithMD5AndDES
14:43:47.480 logback [main] INFO  c.s.l.util.MyJasyptStringEncryptor - Encryptor config not found for property jasypt.encryptor.keyObtentionIterations, using default value: 1000
14:43:47.480 logback [main] INFO  c.s.l.util.MyJasyptStringEncryptor - Encryptor config not found for property jasypt.encryptor.poolSize, using default value: 1
14:43:47.480 logback [main] INFO  c.s.l.util.MyJasyptStringEncryptor - Encryptor config not found for property jasypt.encryptor.providerName, using default value: null
14:43:47.480 logback [main] INFO  c.s.l.util.MyJasyptStringEncryptor - Encryptor config not found for property jasypt.encryptor.saltGeneratorClassname, using default value: org.jasypt.salt.RandomSaltGenerator
14:43:47.482 logback [main] INFO  c.s.l.util.MyJasyptStringEncryptor - Encryptor config not found for property jasypt.encryptor.stringOutputType, using default value: base64
14:43:47.738 logback [main] INFO  o.s.s.c.ThreadPoolTaskExecutor - Initializing ExecutorService 'applicationTaskExecutor'
14:43:47.881 logback [main] INFO  o.s.b.a.w.s.WelcomePageHandlerMapping - Adding welcome page template: index
14:43:48.090 logback [main] INFO  o.a.coyote.http11.Http11NioProtocol - Starting ProtocolHandler ["http-nio-8080"]
14:43:48.114 logback [main] INFO  o.s.b.w.e.tomcat.TomcatWebServer - Tomcat started on port(s): 8080 (http) with context path '/lodge'
14:43:48.123 logback [main] INFO  com.shgs.lodge.LodgeApplication - Started LodgeApplication in 7.948 seconds (JVM running for 9.523)
14:43:53.782 logback [http-nio-8080-exec-2] INFO  o.a.c.c.C.[.[localhost].[/lodge] - Initializing Spring DispatcherServlet 'dispatcherServlet'
14:43:53.783 logback [http-nio-8080-exec-2] INFO  o.s.web.servlet.DispatcherServlet - Initializing Servlet 'dispatcherServlet'
14:43:53.784 logback [http-nio-8080-exec-2] INFO  o.s.web.servlet.DispatcherServlet - Completed initialization in 1 ms
14:43:53.806 logback [http-nio-8080-exec-2] INFO  c.s.lodge.servlet.CmsSessionListener - addSession[58EDDE400FD33169E708D2FD327D72C5]
14:51:09.892 logback [LodgePool housekeeper] WARN  com.zaxxer.hikari.pool.HikariPool - LodgePool - Thread starvation or clock leap detected (housekeeper delta=48s385ms964µs800ns).
15:28:56.796 logback [SpringContextShutdownHook] INFO  c.s.lodge.servlet.CmsSessionListener - removeSession[58EDDE400FD33169E708D2FD327D72C5]
15:28:56.843 logback [SpringContextShutdownHook] INFO  o.s.s.c.ThreadPoolTaskExecutor - Shutting down ExecutorService 'applicationTaskExecutor'
15:28:56.845 logback [SpringContextShutdownHook] INFO  o.s.o.j.LocalContainerEntityManagerFactoryBean - Closing JPA EntityManagerFactory for persistence unit 'primaryPersistenceUnit'
15:28:56.846 logback [SpringContextShutdownHook] INFO  com.zaxxer.hikari.HikariDataSource - LodgePool - Shutdown initiated...
15:28:56.849 logback [SpringContextShutdownHook] INFO  com.zaxxer.hikari.HikariDataSource - LodgePool - Shutdown completed.
15:38:04.182 logback [background-preinit] INFO  o.h.validator.internal.util.Version - HV000001: Hibernate Validator 6.0.13.Final
15:38:04.188 logback [main] INFO  com.shgs.lodge.LodgeApplication - Starting LodgeApplication using Java 1.8.0_271 on DESKTOP-UDV8UQ1 with PID 8008 (D:\IdeaProjects\lodge\target\classes started by yglei in D:\IdeaProjects\lodge)
15:38:04.189 logback [main] INFO  com.shgs.lodge.LodgeApplication - No active profile set, falling back to default profiles: default
15:38:05.175 logback [main] INFO  o.s.d.r.c.RepositoryConfigurationDelegate - Bootstrapping Spring Data JPA repositories in DEFAULT mode.
15:38:05.195 logback [main] INFO  o.s.d.r.c.RepositoryConfigurationDelegate - Finished Spring Data repository scanning in 11 ms. Found 0 JPA repository interfaces.
15:38:05.499 logback [main] INFO  c.u.j.c.EnableEncryptablePropertiesBeanFactoryPostProcessor - Post-processing PropertySource instances
15:38:05.554 logback [main] INFO  c.u.j.EncryptablePropertySourceConverter - Converting PropertySource configurationProperties [org.springframework.boot.context.properties.source.ConfigurationPropertySourcesPropertySource] to AOP Proxy
15:38:05.554 logback [main] INFO  c.u.j.EncryptablePropertySourceConverter - Converting PropertySource servletConfigInitParams [org.springframework.core.env.PropertySource$StubPropertySource] to EncryptablePropertySourceWrapper
15:38:05.555 logback [main] INFO  c.u.j.EncryptablePropertySourceConverter - Converting PropertySource servletContextInitParams [org.springframework.core.env.PropertySource$StubPropertySource] to EncryptablePropertySourceWrapper
15:38:05.555 logback [main] INFO  c.u.j.EncryptablePropertySourceConverter - Converting PropertySource systemProperties [org.springframework.core.env.PropertiesPropertySource] to EncryptableMapPropertySourceWrapper
15:38:05.555 logback [main] INFO  c.u.j.EncryptablePropertySourceConverter - Converting PropertySource systemEnvironment [org.springframework.boot.env.SystemEnvironmentPropertySourceEnvironmentPostProcessor$OriginAwareSystemEnvironmentPropertySource] to EncryptableMapPropertySourceWrapper
15:38:05.555 logback [main] INFO  c.u.j.EncryptablePropertySourceConverter - Converting PropertySource random [org.springframework.boot.env.RandomValuePropertySource] to EncryptablePropertySourceWrapper
15:38:05.555 logback [main] INFO  c.u.j.EncryptablePropertySourceConverter - Converting PropertySource Config resource 'classpath:/application.yml' via location 'optional:classpath:/' [org.springframework.boot.env.OriginTrackedMapPropertySource] to EncryptableMapPropertySourceWrapper
15:38:05.555 logback [main] INFO  c.u.j.EncryptablePropertySourceConverter - Converting PropertySource Config resource 'classpath:/application.properties' via location 'optional:classpath:/' [org.springframework.boot.env.OriginTrackedMapPropertySource] to EncryptableMapPropertySourceWrapper
15:38:05.620 logback [main] INFO  c.u.j.f.DefaultLazyPropertyFilter - Property Filter custom Bean not found with name 'encryptablePropertyFilter'. Initializing Default Property Filter
15:38:05.751 logback [main] INFO  c.u.j.r.DefaultLazyPropertyResolver - Property Resolver custom Bean not found with name 'encryptablePropertyResolver'. Initializing Default Property Resolver
15:38:05.753 logback [main] INFO  c.u.j.d.DefaultLazyPropertyDetector - Property Detector custom Bean not found with name 'encryptablePropertyDetector'. Initializing Default Property Detector
15:38:06.037 logback [main] INFO  o.s.b.w.e.tomcat.TomcatWebServer - Tomcat initialized with port(s): 8080 (http)
15:38:06.048 logback [main] INFO  o.a.coyote.http11.Http11NioProtocol - Initializing ProtocolHandler ["http-nio-8080"]
15:38:06.048 logback [main] INFO  o.a.catalina.core.StandardService - Starting service [Tomcat]
15:38:06.049 logback [main] INFO  o.a.catalina.core.StandardEngine - Starting Servlet engine: [Apache Tomcat/9.0.39]
15:38:06.220 logback [main] INFO  o.a.c.c.C.[.[localhost].[/lodge] - Initializing Spring embedded WebApplicationContext
15:38:06.220 logback [main] INFO  o.s.b.w.s.c.ServletWebServerApplicationContext - Root WebApplicationContext: initialization completed in 1717 ms
15:38:06.472 logback [main] INFO  o.h.jpa.internal.util.LogHelper - HHH000204: Processing PersistenceUnitInfo [name: primaryPersistenceUnit]
15:38:06.565 logback [main] INFO  org.hibernate.Version - HHH000412: Hibernate ORM core version 5.4.23.Final
15:38:06.756 logback [main] INFO  o.h.annotations.common.Version - HCANN000001: Hibernate Commons Annotations {5.1.2.Final}
15:38:06.891 logback [main] INFO  com.zaxxer.hikari.HikariDataSource - LodgePool - Starting...
15:38:07.338 logback [main] INFO  com.zaxxer.hikari.HikariDataSource - LodgePool - Start completed.
15:38:07.358 logback [main] INFO  org.hibernate.dialect.Dialect - HHH000400: Using dialect: org.hibernate.dialect.SQLServer2008Dialect
15:38:09.629 logback [main] INFO  o.h.e.t.j.p.i.JtaPlatformInitiator - HHH000490: Using JtaPlatform implementation: [org.hibernate.engine.transaction.jta.platform.internal.NoJtaPlatform]
15:38:09.641 logback [main] INFO  o.s.o.j.LocalContainerEntityManagerFactoryBean - Initialized JPA EntityManagerFactory for persistence unit 'primaryPersistenceUnit'
15:38:09.681 logback [main] INFO  com.shgs.lodge.config.MvcConfig - 注册拦截器[listenerRegist]成功
15:38:10.075 logback [main] INFO  c.s.l.util.MyJasyptStringEncryptor - Encryptor config not found for property jasypt.encryptor.algorithm, using default value: PBEWithMD5AndDES
15:38:10.075 logback [main] INFO  c.s.l.util.MyJasyptStringEncryptor - Encryptor config not found for property jasypt.encryptor.keyObtentionIterations, using default value: 1000
15:38:10.075 logback [main] INFO  c.s.l.util.MyJasyptStringEncryptor - Encryptor config not found for property jasypt.encryptor.poolSize, using default value: 1
15:38:10.075 logback [main] INFO  c.s.l.util.MyJasyptStringEncryptor - Encryptor config not found for property jasypt.encryptor.providerName, using default value: null
15:38:10.075 logback [main] INFO  c.s.l.util.MyJasyptStringEncryptor - Encryptor config not found for property jasypt.encryptor.saltGeneratorClassname, using default value: org.jasypt.salt.RandomSaltGenerator
15:38:10.076 logback [main] INFO  c.s.l.util.MyJasyptStringEncryptor - Encryptor config not found for property jasypt.encryptor.stringOutputType, using default value: base64
15:38:10.302 logback [main] INFO  o.s.s.c.ThreadPoolTaskExecutor - Initializing ExecutorService 'applicationTaskExecutor'
15:38:10.430 logback [main] INFO  o.s.b.a.w.s.WelcomePageHandlerMapping - Adding welcome page template: index
15:38:10.597 logback [main] INFO  o.a.coyote.http11.Http11NioProtocol - Starting ProtocolHandler ["http-nio-8080"]
15:38:10.619 logback [main] INFO  o.s.b.w.e.tomcat.TomcatWebServer - Tomcat started on port(s): 8080 (http) with context path '/lodge'
15:38:10.629 logback [main] INFO  com.shgs.lodge.LodgeApplication - Started LodgeApplication in 6.965 seconds (JVM running for 8.64)
15:38:21.045 logback [http-nio-8080-exec-2] INFO  o.a.c.c.C.[.[localhost].[/lodge] - Initializing Spring DispatcherServlet 'dispatcherServlet'
15:38:21.045 logback [http-nio-8080-exec-2] INFO  o.s.web.servlet.DispatcherServlet - Initializing Servlet 'dispatcherServlet'
15:38:21.047 logback [http-nio-8080-exec-2] INFO  o.s.web.servlet.DispatcherServlet - Completed initialization in 2 ms
15:38:21.068 logback [http-nio-8080-exec-2] INFO  c.s.lodge.servlet.CmsSessionListener - addSession[20628B364F4F7EDA83B7E219FC0CC8E8]
15:55:28.039 logback [http-nio-8080-exec-7] WARN  o.h.e.jdbc.spi.SqlExceptionHelper - SQL Error: 547, SQLState: 23000
15:55:28.040 logback [http-nio-8080-exec-7] ERROR o.h.e.jdbc.spi.SqlExceptionHelper - DELETE 语句与 SAME TABLE REFERENCE 约束"FK5lf70qy7qlu34jymwylfqolfg"冲突。该冲突发生于数据库"lodge"，表"dbo.custom_type", column 'pid'。
16:07:44.810 logback [SpringContextShutdownHook] INFO  c.s.lodge.servlet.CmsSessionListener - removeSession[20628B364F4F7EDA83B7E219FC0CC8E8]
16:07:44.857 logback [SpringContextShutdownHook] INFO  o.s.s.c.ThreadPoolTaskExecutor - Shutting down ExecutorService 'applicationTaskExecutor'
16:07:44.859 logback [SpringContextShutdownHook] INFO  o.s.o.j.LocalContainerEntityManagerFactoryBean - Closing JPA EntityManagerFactory for persistence unit 'primaryPersistenceUnit'
16:07:44.860 logback [SpringContextShutdownHook] INFO  com.zaxxer.hikari.HikariDataSource - LodgePool - Shutdown initiated...
16:07:44.862 logback [SpringContextShutdownHook] INFO  com.zaxxer.hikari.HikariDataSource - LodgePool - Shutdown completed.
16:14:39.925 logback [background-preinit] INFO  o.h.validator.internal.util.Version - HV000001: Hibernate Validator 6.0.13.Final
16:14:39.933 logback [main] INFO  com.shgs.lodge.LodgeApplication - Starting LodgeApplication using Java 1.8.0_271 on DESKTOP-UDV8UQ1 with PID 14912 (D:\IdeaProjects\lodge\target\classes started by yglei in D:\IdeaProjects\lodge)
16:14:39.933 logback [main] INFO  com.shgs.lodge.LodgeApplication - No active profile set, falling back to default profiles: default
16:14:40.856 logback [main] INFO  o.s.d.r.c.RepositoryConfigurationDelegate - Bootstrapping Spring Data JPA repositories in DEFAULT mode.
16:14:40.880 logback [main] INFO  o.s.d.r.c.RepositoryConfigurationDelegate - Finished Spring Data repository scanning in 13 ms. Found 0 JPA repository interfaces.
16:14:41.226 logback [main] INFO  c.u.j.c.EnableEncryptablePropertiesBeanFactoryPostProcessor - Post-processing PropertySource instances
16:14:41.279 logback [main] INFO  c.u.j.EncryptablePropertySourceConverter - Converting PropertySource configurationProperties [org.springframework.boot.context.properties.source.ConfigurationPropertySourcesPropertySource] to AOP Proxy
16:14:41.279 logback [main] INFO  c.u.j.EncryptablePropertySourceConverter - Converting PropertySource servletConfigInitParams [org.springframework.core.env.PropertySource$StubPropertySource] to EncryptablePropertySourceWrapper
16:14:41.279 logback [main] INFO  c.u.j.EncryptablePropertySourceConverter - Converting PropertySource servletContextInitParams [org.springframework.core.env.PropertySource$StubPropertySource] to EncryptablePropertySourceWrapper
16:14:41.280 logback [main] INFO  c.u.j.EncryptablePropertySourceConverter - Converting PropertySource systemProperties [org.springframework.core.env.PropertiesPropertySource] to EncryptableMapPropertySourceWrapper
16:14:41.280 logback [main] INFO  c.u.j.EncryptablePropertySourceConverter - Converting PropertySource systemEnvironment [org.springframework.boot.env.SystemEnvironmentPropertySourceEnvironmentPostProcessor$OriginAwareSystemEnvironmentPropertySource] to EncryptableMapPropertySourceWrapper
16:14:41.280 logback [main] INFO  c.u.j.EncryptablePropertySourceConverter - Converting PropertySource random [org.springframework.boot.env.RandomValuePropertySource] to EncryptablePropertySourceWrapper
16:14:41.280 logback [main] INFO  c.u.j.EncryptablePropertySourceConverter - Converting PropertySource Config resource 'classpath:/application.yml' via location 'optional:classpath:/' [org.springframework.boot.env.OriginTrackedMapPropertySource] to EncryptableMapPropertySourceWrapper
16:14:41.280 logback [main] INFO  c.u.j.EncryptablePropertySourceConverter - Converting PropertySource Config resource 'classpath:/application.properties' via location 'optional:classpath:/' [org.springframework.boot.env.OriginTrackedMapPropertySource] to EncryptableMapPropertySourceWrapper
16:14:41.344 logback [main] INFO  c.u.j.f.DefaultLazyPropertyFilter - Property Filter custom Bean not found with name 'encryptablePropertyFilter'. Initializing Default Property Filter
16:14:41.474 logback [main] INFO  c.u.j.r.DefaultLazyPropertyResolver - Property Resolver custom Bean not found with name 'encryptablePropertyResolver'. Initializing Default Property Resolver
16:14:41.476 logback [main] INFO  c.u.j.d.DefaultLazyPropertyDetector - Property Detector custom Bean not found with name 'encryptablePropertyDetector'. Initializing Default Property Detector
16:14:41.731 logback [main] INFO  o.s.b.w.e.tomcat.TomcatWebServer - Tomcat initialized with port(s): 8080 (http)
16:14:41.740 logback [main] INFO  o.a.coyote.http11.Http11NioProtocol - Initializing ProtocolHandler ["http-nio-8080"]
16:14:41.741 logback [main] INFO  o.a.catalina.core.StandardService - Starting service [Tomcat]
16:14:41.741 logback [main] INFO  o.a.catalina.core.StandardEngine - Starting Servlet engine: [Apache Tomcat/9.0.39]
16:14:41.906 logback [main] INFO  o.a.c.c.C.[.[localhost].[/lodge] - Initializing Spring embedded WebApplicationContext
16:14:41.906 logback [main] INFO  o.s.b.w.s.c.ServletWebServerApplicationContext - Root WebApplicationContext: initialization completed in 1733 ms
16:14:42.097 logback [main] INFO  o.h.jpa.internal.util.LogHelper - HHH000204: Processing PersistenceUnitInfo [name: primaryPersistenceUnit]
16:14:42.141 logback [main] INFO  org.hibernate.Version - HHH000412: Hibernate ORM core version 5.4.23.Final
16:14:42.249 logback [main] INFO  o.h.annotations.common.Version - HCANN000001: Hibernate Commons Annotations {5.1.2.Final}
16:14:42.345 logback [main] INFO  com.zaxxer.hikari.HikariDataSource - LodgePool - Starting...
16:14:42.721 logback [main] INFO  com.zaxxer.hikari.HikariDataSource - LodgePool - Start completed.
16:14:42.736 logback [main] INFO  org.hibernate.dialect.Dialect - HHH000400: Using dialect: org.hibernate.dialect.SQLServer2008Dialect
16:14:44.334 logback [main] INFO  o.h.e.t.j.p.i.JtaPlatformInitiator - HHH000490: Using JtaPlatform implementation: [org.hibernate.engine.transaction.jta.platform.internal.NoJtaPlatform]
16:14:44.342 logback [main] INFO  o.s.o.j.LocalContainerEntityManagerFactoryBean - Initialized JPA EntityManagerFactory for persistence unit 'primaryPersistenceUnit'
16:14:44.377 logback [main] INFO  com.shgs.lodge.config.MvcConfig - 注册拦截器[listenerRegist]成功
16:14:44.772 logback [main] INFO  c.s.l.util.MyJasyptStringEncryptor - Encryptor config not found for property jasypt.encryptor.algorithm, using default value: PBEWithMD5AndDES
16:14:44.773 logback [main] INFO  c.s.l.util.MyJasyptStringEncryptor - Encryptor config not found for property jasypt.encryptor.keyObtentionIterations, using default value: 1000
16:14:44.773 logback [main] INFO  c.s.l.util.MyJasyptStringEncryptor - Encryptor config not found for property jasypt.encryptor.poolSize, using default value: 1
16:14:44.773 logback [main] INFO  c.s.l.util.MyJasyptStringEncryptor - Encryptor config not found for property jasypt.encryptor.providerName, using default value: null
16:14:44.773 logback [main] INFO  c.s.l.util.MyJasyptStringEncryptor - Encryptor config not found for property jasypt.encryptor.saltGeneratorClassname, using default value: org.jasypt.salt.RandomSaltGenerator
16:14:44.774 logback [main] INFO  c.s.l.util.MyJasyptStringEncryptor - Encryptor config not found for property jasypt.encryptor.stringOutputType, using default value: base64
16:14:44.962 logback [main] INFO  o.s.s.c.ThreadPoolTaskExecutor - Initializing ExecutorService 'applicationTaskExecutor'
16:14:45.085 logback [main] INFO  o.s.b.a.w.s.WelcomePageHandlerMapping - Adding welcome page template: index
16:14:45.240 logback [main] INFO  o.a.coyote.http11.Http11NioProtocol - Starting ProtocolHandler ["http-nio-8080"]
16:14:45.261 logback [main] INFO  o.s.b.w.e.tomcat.TomcatWebServer - Tomcat started on port(s): 8080 (http) with context path '/lodge'
16:14:45.269 logback [main] INFO  com.shgs.lodge.LodgeApplication - Started LodgeApplication in 5.928 seconds (JVM running for 7.22)
16:14:57.466 logback [http-nio-8080-exec-2] INFO  o.a.c.c.C.[.[localhost].[/lodge] - Initializing Spring DispatcherServlet 'dispatcherServlet'
16:14:57.466 logback [http-nio-8080-exec-2] INFO  o.s.web.servlet.DispatcherServlet - Initializing Servlet 'dispatcherServlet'
16:14:57.468 logback [http-nio-8080-exec-2] INFO  o.s.web.servlet.DispatcherServlet - Completed initialization in 2 ms
16:14:57.490 logback [http-nio-8080-exec-2] INFO  c.s.lodge.servlet.CmsSessionListener - addSession[1D3AEC892375A8993654FFED9B8E7391]
16:29:46.833 logback [SpringContextShutdownHook] INFO  c.s.lodge.servlet.CmsSessionListener - removeSession[1D3AEC892375A8993654FFED9B8E7391]
16:29:46.884 logback [SpringContextShutdownHook] INFO  o.s.s.c.ThreadPoolTaskExecutor - Shutting down ExecutorService 'applicationTaskExecutor'
16:29:46.886 logback [SpringContextShutdownHook] INFO  o.s.o.j.LocalContainerEntityManagerFactoryBean - Closing JPA EntityManagerFactory for persistence unit 'primaryPersistenceUnit'
16:29:46.886 logback [SpringContextShutdownHook] INFO  com.zaxxer.hikari.HikariDataSource - LodgePool - Shutdown initiated...
16:29:46.888 logback [SpringContextShutdownHook] INFO  com.zaxxer.hikari.HikariDataSource - LodgePool - Shutdown completed.
16:29:51.522 logback [background-preinit] INFO  o.h.validator.internal.util.Version - HV000001: Hibernate Validator 6.0.13.Final
16:29:51.528 logback [main] INFO  com.shgs.lodge.LodgeApplication - Starting LodgeApplication using Java 1.8.0_271 on DESKTOP-UDV8UQ1 with PID 19260 (D:\IdeaProjects\lodge\target\classes started by yglei in D:\IdeaProjects\lodge)
16:29:51.529 logback [main] INFO  com.shgs.lodge.LodgeApplication - No active profile set, falling back to default profiles: default
16:29:52.484 logback [main] INFO  o.s.d.r.c.RepositoryConfigurationDelegate - Bootstrapping Spring Data JPA repositories in DEFAULT mode.
16:29:52.504 logback [main] INFO  o.s.d.r.c.RepositoryConfigurationDelegate - Finished Spring Data repository scanning in 11 ms. Found 0 JPA repository interfaces.
16:29:52.794 logback [main] INFO  c.u.j.c.EnableEncryptablePropertiesBeanFactoryPostProcessor - Post-processing PropertySource instances
16:29:52.844 logback [main] INFO  c.u.j.EncryptablePropertySourceConverter - Converting PropertySource configurationProperties [org.springframework.boot.context.properties.source.ConfigurationPropertySourcesPropertySource] to AOP Proxy
16:29:52.844 logback [main] INFO  c.u.j.EncryptablePropertySourceConverter - Converting PropertySource servletConfigInitParams [org.springframework.core.env.PropertySource$StubPropertySource] to EncryptablePropertySourceWrapper
16:29:52.844 logback [main] INFO  c.u.j.EncryptablePropertySourceConverter - Converting PropertySource servletContextInitParams [org.springframework.core.env.PropertySource$StubPropertySource] to EncryptablePropertySourceWrapper
16:29:52.845 logback [main] INFO  c.u.j.EncryptablePropertySourceConverter - Converting PropertySource systemProperties [org.springframework.core.env.PropertiesPropertySource] to EncryptableMapPropertySourceWrapper
16:29:52.845 logback [main] INFO  c.u.j.EncryptablePropertySourceConverter - Converting PropertySource systemEnvironment [org.springframework.boot.env.SystemEnvironmentPropertySourceEnvironmentPostProcessor$OriginAwareSystemEnvironmentPropertySource] to EncryptableMapPropertySourceWrapper
16:29:52.845 logback [main] INFO  c.u.j.EncryptablePropertySourceConverter - Converting PropertySource random [org.springframework.boot.env.RandomValuePropertySource] to EncryptablePropertySourceWrapper
16:29:52.845 logback [main] INFO  c.u.j.EncryptablePropertySourceConverter - Converting PropertySource Config resource 'classpath:/application.yml' via location 'optional:classpath:/' [org.springframework.boot.env.OriginTrackedMapPropertySource] to EncryptableMapPropertySourceWrapper
16:29:52.845 logback [main] INFO  c.u.j.EncryptablePropertySourceConverter - Converting PropertySource Config resource 'classpath:/application.properties' via location 'optional:classpath:/' [org.springframework.boot.env.OriginTrackedMapPropertySource] to EncryptableMapPropertySourceWrapper
16:29:52.913 logback [main] INFO  c.u.j.f.DefaultLazyPropertyFilter - Property Filter custom Bean not found with name 'encryptablePropertyFilter'. Initializing Default Property Filter
16:29:53.056 logback [main] INFO  c.u.j.r.DefaultLazyPropertyResolver - Property Resolver custom Bean not found with name 'encryptablePropertyResolver'. Initializing Default Property Resolver
16:29:53.058 logback [main] INFO  c.u.j.d.DefaultLazyPropertyDetector - Property Detector custom Bean not found with name 'encryptablePropertyDetector'. Initializing Default Property Detector
16:29:53.310 logback [main] INFO  o.s.b.w.e.tomcat.TomcatWebServer - Tomcat initialized with port(s): 8080 (http)
16:29:53.320 logback [main] INFO  o.a.coyote.http11.Http11NioProtocol - Initializing ProtocolHandler ["http-nio-8080"]
16:29:53.321 logback [main] INFO  o.a.catalina.core.StandardService - Starting service [Tomcat]
16:29:53.321 logback [main] INFO  o.a.catalina.core.StandardEngine - Starting Servlet engine: [Apache Tomcat/9.0.39]
16:29:53.486 logback [main] INFO  o.a.c.c.C.[.[localhost].[/lodge] - Initializing Spring embedded WebApplicationContext
16:29:53.486 logback [main] INFO  o.s.b.w.s.c.ServletWebServerApplicationContext - Root WebApplicationContext: initialization completed in 1657 ms
16:29:53.733 logback [main] INFO  o.h.jpa.internal.util.LogHelper - HHH000204: Processing PersistenceUnitInfo [name: primaryPersistenceUnit]
16:29:53.802 logback [main] INFO  org.hibernate.Version - HHH000412: Hibernate ORM core version 5.4.23.Final
16:29:53.991 logback [main] INFO  o.h.annotations.common.Version - HCANN000001: Hibernate Commons Annotations {5.1.2.Final}
16:29:54.121 logback [main] INFO  com.zaxxer.hikari.HikariDataSource - LodgePool - Starting...
16:29:54.648 logback [main] INFO  com.zaxxer.hikari.HikariDataSource - LodgePool - Start completed.
16:29:54.673 logback [main] INFO  org.hibernate.dialect.Dialect - HHH000400: Using dialect: org.hibernate.dialect.SQLServer2008Dialect
16:29:56.993 logback [main] INFO  o.h.e.t.j.p.i.JtaPlatformInitiator - HHH000490: Using JtaPlatform implementation: [org.hibernate.engine.transaction.jta.platform.internal.NoJtaPlatform]
16:29:57.003 logback [main] INFO  o.s.o.j.LocalContainerEntityManagerFactoryBean - Initialized JPA EntityManagerFactory for persistence unit 'primaryPersistenceUnit'
16:29:57.040 logback [main] INFO  com.shgs.lodge.config.MvcConfig - 注册拦截器[listenerRegist]成功
16:29:57.320 logback [main] INFO  c.s.l.util.MyJasyptStringEncryptor - Encryptor config not found for property jasypt.encryptor.algorithm, using default value: PBEWithMD5AndDES
16:29:57.321 logback [main] INFO  c.s.l.util.MyJasyptStringEncryptor - Encryptor config not found for property jasypt.encryptor.keyObtentionIterations, using default value: 1000
16:29:57.321 logback [main] INFO  c.s.l.util.MyJasyptStringEncryptor - Encryptor config not found for property jasypt.encryptor.poolSize, using default value: 1
16:29:57.321 logback [main] INFO  c.s.l.util.MyJasyptStringEncryptor - Encryptor config not found for property jasypt.encryptor.providerName, using default value: null
16:29:57.321 logback [main] INFO  c.s.l.util.MyJasyptStringEncryptor - Encryptor config not found for property jasypt.encryptor.saltGeneratorClassname, using default value: org.jasypt.salt.RandomSaltGenerator
16:29:57.322 logback [main] INFO  c.s.l.util.MyJasyptStringEncryptor - Encryptor config not found for property jasypt.encryptor.stringOutputType, using default value: base64
16:29:57.708 logback [main] INFO  o.s.s.c.ThreadPoolTaskExecutor - Initializing ExecutorService 'applicationTaskExecutor'
16:29:57.834 logback [main] INFO  o.s.b.a.w.s.WelcomePageHandlerMapping - Adding welcome page template: index
16:29:58.010 logback [main] INFO  o.a.coyote.http11.Http11NioProtocol - Starting ProtocolHandler ["http-nio-8080"]
16:29:58.035 logback [main] INFO  o.s.b.w.e.tomcat.TomcatWebServer - Tomcat started on port(s): 8080 (http) with context path '/lodge'
16:29:58.043 logback [main] INFO  com.shgs.lodge.LodgeApplication - Started LodgeApplication in 7.273 seconds (JVM running for 9.139)
16:30:09.291 logback [http-nio-8080-exec-1] INFO  o.a.c.c.C.[.[localhost].[/lodge] - Initializing Spring DispatcherServlet 'dispatcherServlet'
16:30:09.291 logback [http-nio-8080-exec-1] INFO  o.s.web.servlet.DispatcherServlet - Initializing Servlet 'dispatcherServlet'
16:30:09.292 logback [http-nio-8080-exec-1] INFO  o.s.web.servlet.DispatcherServlet - Completed initialization in 1 ms
16:30:09.318 logback [http-nio-8080-exec-1] INFO  c.s.lodge.servlet.CmsSessionListener - addSession[782A31B2C53DFA2CC9BADC5558D1CC20]
17:04:35.543 logback [http-nio-8080-exec-2] INFO  c.s.lodge.servlet.CmsSessionListener - addSession[0C3587AB0B909326AD789C29C28BAF7E]
17:28:52.744 logback [http-nio-8080-exec-2] INFO  c.s.lodge.servlet.CmsSessionListener - addSession[BEBD7961BBE6A342450D50AD1E5E13B2]
18:04:05.087 logback [Catalina-utility-1] INFO  c.s.lodge.servlet.CmsSessionListener - removeSession[782A31B2C53DFA2CC9BADC5558D1CC20]
18:29:06.314 logback [Catalina-utility-1] INFO  c.s.lodge.servlet.CmsSessionListener - removeSession[0C3587AB0B909326AD789C29C28BAF7E]
18:30:06.359 logback [Catalina-utility-2] INFO  c.s.lodge.servlet.CmsSessionListener - removeSession[BEBD7961BBE6A342450D50AD1E5E13B2]
