08:47:29.235 logback [background-preinit] INFO  o.h.validator.internal.util.Version - HV000001: Hibernate Validator 6.0.13.Final
08:47:29.351 logback [main] INFO  com.shgs.lodge.LodgeApplication - Starting LodgeApplication using Java 1.8.0_271 on DESKTOP-UDV8UQ1 with PID 6368 (E:\ShgsProjects\lodge\target\classes started by yglei in E:\ShgsProjects\lodge)
08:47:29.352 logback [main] INFO  com.shgs.lodge.LodgeApplication - No active profile set, falling back to default profiles: default
08:47:31.083 logback [main] INFO  o.s.d.r.c.RepositoryConfigurationDelegate - Bootstrapping Spring Data JPA repositories in DEFAULT mode.
08:47:31.118 logback [main] INFO  o.s.d.r.c.RepositoryConfigurationDelegate - Finished Spring Data repository scanning in 21 ms. Found 0 JPA repository interfaces.
08:47:31.814 logback [main] INFO  c.u.j.c.EnableEncryptablePropertiesBeanFactoryPostProcessor - Post-processing PropertySource instances
08:47:31.913 logback [main] INFO  c.u.j.EncryptablePropertySourceConverter - Converting PropertySource configurationProperties [org.springframework.boot.context.properties.source.ConfigurationPropertySourcesPropertySource] to AOP Proxy
08:47:31.914 logback [main] INFO  c.u.j.EncryptablePropertySourceConverter - Converting PropertySource servletConfigInitParams [org.springframework.core.env.PropertySource$StubPropertySource] to EncryptablePropertySourceWrapper
08:47:31.914 logback [main] INFO  c.u.j.EncryptablePropertySourceConverter - Converting PropertySource servletContextInitParams [org.springframework.core.env.PropertySource$StubPropertySource] to EncryptablePropertySourceWrapper
08:47:31.915 logback [main] INFO  c.u.j.EncryptablePropertySourceConverter - Converting PropertySource systemProperties [org.springframework.core.env.PropertiesPropertySource] to EncryptableMapPropertySourceWrapper
08:47:31.915 logback [main] INFO  c.u.j.EncryptablePropertySourceConverter - Converting PropertySource systemEnvironment [org.springframework.boot.env.SystemEnvironmentPropertySourceEnvironmentPostProcessor$OriginAwareSystemEnvironmentPropertySource] to EncryptableMapPropertySourceWrapper
08:47:31.915 logback [main] INFO  c.u.j.EncryptablePropertySourceConverter - Converting PropertySource random [org.springframework.boot.env.RandomValuePropertySource] to EncryptablePropertySourceWrapper
08:47:31.915 logback [main] INFO  c.u.j.EncryptablePropertySourceConverter - Converting PropertySource Config resource 'classpath:/application.yml' via location 'optional:classpath:/' [org.springframework.boot.env.OriginTrackedMapPropertySource] to EncryptableMapPropertySourceWrapper
08:47:31.915 logback [main] INFO  c.u.j.EncryptablePropertySourceConverter - Converting PropertySource Config resource 'classpath:/application.properties' via location 'optional:classpath:/' [org.springframework.boot.env.OriginTrackedMapPropertySource] to EncryptableMapPropertySourceWrapper
08:47:32.029 logback [main] INFO  c.u.j.f.DefaultLazyPropertyFilter - Property Filter custom Bean not found with name 'encryptablePropertyFilter'. Initializing Default Property Filter
08:47:32.252 logback [main] INFO  c.u.j.r.DefaultLazyPropertyResolver - Property Resolver custom Bean not found with name 'encryptablePropertyResolver'. Initializing Default Property Resolver
08:47:32.254 logback [main] INFO  c.u.j.d.DefaultLazyPropertyDetector - Property Detector custom Bean not found with name 'encryptablePropertyDetector'. Initializing Default Property Detector
08:47:32.631 logback [main] INFO  o.s.b.w.e.tomcat.TomcatWebServer - Tomcat initialized with port(s): 8080 (http)
08:47:32.649 logback [main] INFO  o.a.coyote.http11.Http11NioProtocol - Initializing ProtocolHandler ["http-nio-8080"]
08:47:32.650 logback [main] INFO  o.a.catalina.core.StandardService - Starting service [Tomcat]
08:47:32.650 logback [main] INFO  o.a.catalina.core.StandardEngine - Starting Servlet engine: [Apache Tomcat/9.0.39]
08:47:32.884 logback [main] INFO  o.a.c.c.C.[.[localhost].[/lodge] - Initializing Spring embedded WebApplicationContext
08:47:32.884 logback [main] INFO  o.s.b.w.s.c.ServletWebServerApplicationContext - Root WebApplicationContext: initialization completed in 3010 ms
08:47:33.291 logback [main] INFO  o.h.jpa.internal.util.LogHelper - HHH000204: Processing PersistenceUnitInfo [name: primaryPersistenceUnit]
08:47:33.390 logback [main] INFO  org.hibernate.Version - HHH000412: Hibernate ORM core version 5.4.23.Final
08:47:33.633 logback [main] INFO  o.h.annotations.common.Version - HCANN000001: Hibernate Commons Annotations {5.1.2.Final}
08:47:33.817 logback [main] INFO  com.zaxxer.hikari.HikariDataSource - LodgePool - Starting...
08:47:34.033 logback [main] INFO  com.zaxxer.hikari.HikariDataSource - LodgePool - Start completed.
08:47:34.061 logback [main] INFO  org.hibernate.dialect.Dialect - HHH000400: Using dialect: org.hibernate.dialect.SQLServer2008Dialect
08:47:47.537 logback [main] INFO  o.h.e.t.j.p.i.JtaPlatformInitiator - HHH000490: Using JtaPlatform implementation: [org.hibernate.engine.transaction.jta.platform.internal.NoJtaPlatform]
08:47:47.563 logback [main] INFO  o.s.o.j.LocalContainerEntityManagerFactoryBean - Initialized JPA EntityManagerFactory for persistence unit 'primaryPersistenceUnit'
08:47:47.648 logback [main] INFO  com.shgs.lodge.config.MvcConfig - 注册拦截器[listenerRegist]成功
08:47:48.438 logback [main] INFO  c.s.l.util.MyJasyptStringEncryptor - Encryptor config not found for property jasypt.encryptor.algorithm, using default value: PBEWithMD5AndDES
08:47:48.439 logback [main] INFO  c.s.l.util.MyJasyptStringEncryptor - Encryptor config not found for property jasypt.encryptor.keyObtentionIterations, using default value: 1000
08:47:48.439 logback [main] INFO  c.s.l.util.MyJasyptStringEncryptor - Encryptor config not found for property jasypt.encryptor.poolSize, using default value: 1
08:47:48.439 logback [main] INFO  c.s.l.util.MyJasyptStringEncryptor - Encryptor config not found for property jasypt.encryptor.providerName, using default value: null
08:47:48.439 logback [main] INFO  c.s.l.util.MyJasyptStringEncryptor - Encryptor config not found for property jasypt.encryptor.saltGeneratorClassname, using default value: org.jasypt.salt.RandomSaltGenerator
08:47:48.441 logback [main] INFO  c.s.l.util.MyJasyptStringEncryptor - Encryptor config not found for property jasypt.encryptor.stringOutputType, using default value: base64
08:47:48.904 logback [main] INFO  o.s.s.c.ThreadPoolTaskExecutor - Initializing ExecutorService 'applicationTaskExecutor'
08:47:49.095 logback [main] INFO  o.s.b.a.w.s.WelcomePageHandlerMapping - Adding welcome page template: index
08:47:49.366 logback [main] INFO  o.a.coyote.http11.Http11NioProtocol - Starting ProtocolHandler ["http-nio-8080"]
08:47:49.420 logback [main] INFO  o.s.b.w.e.tomcat.TomcatWebServer - Tomcat started on port(s): 8080 (http) with context path '/lodge'
08:47:49.434 logback [main] INFO  com.shgs.lodge.LodgeApplication - Started LodgeApplication in 21.203 seconds (JVM running for 45.186)
08:49:09.362 logback [http-nio-8080-exec-2] INFO  o.a.c.c.C.[.[localhost].[/lodge] - Initializing Spring DispatcherServlet 'dispatcherServlet'
08:49:09.363 logback [http-nio-8080-exec-2] INFO  o.s.web.servlet.DispatcherServlet - Initializing Servlet 'dispatcherServlet'
08:49:09.364 logback [http-nio-8080-exec-2] INFO  o.s.web.servlet.DispatcherServlet - Completed initialization in 1 ms
08:49:09.410 logback [http-nio-8080-exec-2] INFO  c.s.lodge.servlet.CmsSessionListener - addSession[3FDAD8939B6FED79EC755F0F95CABFB4]
08:50:53.738 logback [SpringContextShutdownHook] INFO  c.s.lodge.servlet.CmsSessionListener - removeSession[3FDAD8939B6FED79EC755F0F95CABFB4]
08:50:53.784 logback [SpringContextShutdownHook] INFO  o.s.s.c.ThreadPoolTaskExecutor - Shutting down ExecutorService 'applicationTaskExecutor'
08:50:53.791 logback [SpringContextShutdownHook] INFO  o.s.o.j.LocalContainerEntityManagerFactoryBean - Closing JPA EntityManagerFactory for persistence unit 'primaryPersistenceUnit'
08:50:53.792 logback [SpringContextShutdownHook] INFO  com.zaxxer.hikari.HikariDataSource - LodgePool - Shutdown initiated...
08:50:53.796 logback [SpringContextShutdownHook] INFO  com.zaxxer.hikari.HikariDataSource - LodgePool - Shutdown completed.
08:51:37.148 logback [background-preinit] INFO  o.h.validator.internal.util.Version - HV000001: Hibernate Validator 6.0.13.Final
08:51:37.227 logback [main] INFO  com.shgs.lodge.LodgeApplication - Starting LodgeApplication using Java 1.8.0_271 on DESKTOP-UDV8UQ1 with PID 13752 (E:\ShgsProjects\lodge\target\classes started by yglei in E:\ShgsProjects\lodge)
08:51:37.228 logback [main] INFO  com.shgs.lodge.LodgeApplication - No active profile set, falling back to default profiles: default
08:51:40.469 logback [main] INFO  o.s.d.r.c.RepositoryConfigurationDelegate - Bootstrapping Spring Data JPA repositories in DEFAULT mode.
08:51:40.501 logback [main] INFO  o.s.d.r.c.RepositoryConfigurationDelegate - Finished Spring Data repository scanning in 20 ms. Found 0 JPA repository interfaces.
08:51:41.207 logback [main] INFO  c.u.j.c.EnableEncryptablePropertiesBeanFactoryPostProcessor - Post-processing PropertySource instances
08:51:41.304 logback [main] INFO  c.u.j.EncryptablePropertySourceConverter - Converting PropertySource configurationProperties [org.springframework.boot.context.properties.source.ConfigurationPropertySourcesPropertySource] to AOP Proxy
08:51:41.305 logback [main] INFO  c.u.j.EncryptablePropertySourceConverter - Converting PropertySource servletConfigInitParams [org.springframework.core.env.PropertySource$StubPropertySource] to EncryptablePropertySourceWrapper
08:51:41.306 logback [main] INFO  c.u.j.EncryptablePropertySourceConverter - Converting PropertySource servletContextInitParams [org.springframework.core.env.PropertySource$StubPropertySource] to EncryptablePropertySourceWrapper
08:51:41.307 logback [main] INFO  c.u.j.EncryptablePropertySourceConverter - Converting PropertySource systemProperties [org.springframework.core.env.PropertiesPropertySource] to EncryptableMapPropertySourceWrapper
08:51:41.307 logback [main] INFO  c.u.j.EncryptablePropertySourceConverter - Converting PropertySource systemEnvironment [org.springframework.boot.env.SystemEnvironmentPropertySourceEnvironmentPostProcessor$OriginAwareSystemEnvironmentPropertySource] to EncryptableMapPropertySourceWrapper
08:51:41.307 logback [main] INFO  c.u.j.EncryptablePropertySourceConverter - Converting PropertySource random [org.springframework.boot.env.RandomValuePropertySource] to EncryptablePropertySourceWrapper
08:51:41.307 logback [main] INFO  c.u.j.EncryptablePropertySourceConverter - Converting PropertySource Config resource 'classpath:/application.yml' via location 'optional:classpath:/' [org.springframework.boot.env.OriginTrackedMapPropertySource] to EncryptableMapPropertySourceWrapper
08:51:41.307 logback [main] INFO  c.u.j.EncryptablePropertySourceConverter - Converting PropertySource Config resource 'classpath:/application.properties' via location 'optional:classpath:/' [org.springframework.boot.env.OriginTrackedMapPropertySource] to EncryptableMapPropertySourceWrapper
08:51:41.467 logback [main] INFO  c.u.j.f.DefaultLazyPropertyFilter - Property Filter custom Bean not found with name 'encryptablePropertyFilter'. Initializing Default Property Filter
08:51:41.927 logback [main] INFO  c.u.j.r.DefaultLazyPropertyResolver - Property Resolver custom Bean not found with name 'encryptablePropertyResolver'. Initializing Default Property Resolver
08:51:41.931 logback [main] INFO  c.u.j.d.DefaultLazyPropertyDetector - Property Detector custom Bean not found with name 'encryptablePropertyDetector'. Initializing Default Property Detector
08:51:42.798 logback [main] INFO  o.s.b.w.e.tomcat.TomcatWebServer - Tomcat initialized with port(s): 8080 (http)
08:51:42.814 logback [main] INFO  o.a.coyote.http11.Http11NioProtocol - Initializing ProtocolHandler ["http-nio-8080"]
08:51:42.814 logback [main] INFO  o.a.catalina.core.StandardService - Starting service [Tomcat]
08:51:42.815 logback [main] INFO  o.a.catalina.core.StandardEngine - Starting Servlet engine: [Apache Tomcat/9.0.39]
08:51:43.729 logback [main] INFO  o.a.c.c.C.[.[localhost].[/lodge] - Initializing Spring embedded WebApplicationContext
08:51:43.730 logback [main] INFO  o.s.b.w.s.c.ServletWebServerApplicationContext - Root WebApplicationContext: initialization completed in 4483 ms
08:51:44.158 logback [main] INFO  o.h.jpa.internal.util.LogHelper - HHH000204: Processing PersistenceUnitInfo [name: primaryPersistenceUnit]
08:51:44.538 logback [main] INFO  org.hibernate.Version - HHH000412: Hibernate ORM core version 5.4.23.Final
08:51:44.813 logback [main] INFO  o.h.annotations.common.Version - HCANN000001: Hibernate Commons Annotations {5.1.2.Final}
08:51:44.996 logback [main] INFO  com.zaxxer.hikari.HikariDataSource - LodgePool - Starting...
08:51:45.147 logback [main] INFO  com.zaxxer.hikari.HikariDataSource - LodgePool - Start completed.
08:51:45.170 logback [main] INFO  org.hibernate.dialect.Dialect - HHH000400: Using dialect: org.hibernate.dialect.SQLServer2008Dialect
08:51:59.675 logback [main] INFO  o.h.e.t.j.p.i.JtaPlatformInitiator - HHH000490: Using JtaPlatform implementation: [org.hibernate.engine.transaction.jta.platform.internal.NoJtaPlatform]
08:51:59.798 logback [main] INFO  o.s.o.j.LocalContainerEntityManagerFactoryBean - Initialized JPA EntityManagerFactory for persistence unit 'primaryPersistenceUnit'
08:51:59.938 logback [main] INFO  com.shgs.lodge.config.MvcConfig - 注册拦截器[listenerRegist]成功
08:52:00.835 logback [main] INFO  c.s.l.util.MyJasyptStringEncryptor - Encryptor config not found for property jasypt.encryptor.algorithm, using default value: PBEWithMD5AndDES
08:52:00.836 logback [main] INFO  c.s.l.util.MyJasyptStringEncryptor - Encryptor config not found for property jasypt.encryptor.keyObtentionIterations, using default value: 1000
08:52:00.836 logback [main] INFO  c.s.l.util.MyJasyptStringEncryptor - Encryptor config not found for property jasypt.encryptor.poolSize, using default value: 1
08:52:00.836 logback [main] INFO  c.s.l.util.MyJasyptStringEncryptor - Encryptor config not found for property jasypt.encryptor.providerName, using default value: null
08:52:00.836 logback [main] INFO  c.s.l.util.MyJasyptStringEncryptor - Encryptor config not found for property jasypt.encryptor.saltGeneratorClassname, using default value: org.jasypt.salt.RandomSaltGenerator
08:52:00.837 logback [main] INFO  c.s.l.util.MyJasyptStringEncryptor - Encryptor config not found for property jasypt.encryptor.stringOutputType, using default value: base64
08:52:01.376 logback [main] INFO  o.s.s.c.ThreadPoolTaskExecutor - Initializing ExecutorService 'applicationTaskExecutor'
08:52:01.544 logback [main] INFO  o.s.b.a.w.s.WelcomePageHandlerMapping - Adding welcome page template: index
08:52:01.760 logback [main] INFO  o.a.coyote.http11.Http11NioProtocol - Starting ProtocolHandler ["http-nio-8080"]
08:52:01.796 logback [main] INFO  o.s.b.w.e.tomcat.TomcatWebServer - Tomcat started on port(s): 8080 (http) with context path '/lodge'
08:52:01.808 logback [main] INFO  com.shgs.lodge.LodgeApplication - Started LodgeApplication in 25.489 seconds (JVM running for 30.323)
08:52:26.771 logback [http-nio-8080-exec-1] INFO  o.a.c.c.C.[.[localhost].[/lodge] - Initializing Spring DispatcherServlet 'dispatcherServlet'
08:52:26.772 logback [http-nio-8080-exec-1] INFO  o.s.web.servlet.DispatcherServlet - Initializing Servlet 'dispatcherServlet'
08:52:26.773 logback [http-nio-8080-exec-1] INFO  o.s.web.servlet.DispatcherServlet - Completed initialization in 1 ms
08:52:26.801 logback [http-nio-8080-exec-1] INFO  c.s.lodge.servlet.CmsSessionListener - addSession[4D72787FCBB10787551A124840C7540C]
09:01:51.238 logback [SpringContextShutdownHook] INFO  c.s.lodge.servlet.CmsSessionListener - removeSession[4D72787FCBB10787551A124840C7540C]
09:01:51.287 logback [SpringContextShutdownHook] INFO  o.s.s.c.ThreadPoolTaskExecutor - Shutting down ExecutorService 'applicationTaskExecutor'
09:01:51.292 logback [SpringContextShutdownHook] INFO  o.s.o.j.LocalContainerEntityManagerFactoryBean - Closing JPA EntityManagerFactory for persistence unit 'primaryPersistenceUnit'
09:01:51.321 logback [SpringContextShutdownHook] INFO  com.zaxxer.hikari.HikariDataSource - LodgePool - Shutdown initiated...
09:01:51.324 logback [SpringContextShutdownHook] INFO  com.zaxxer.hikari.HikariDataSource - LodgePool - Shutdown completed.
09:10:42.987 logback [background-preinit] INFO  o.h.validator.internal.util.Version - HV000001: Hibernate Validator 6.0.13.Final
09:10:43.044 logback [main] INFO  com.shgs.lodge.LodgeApplication - Starting LodgeApplication using Java 1.8.0_271 on DESKTOP-UDV8UQ1 with PID 6056 (E:\ShgsProjects\lodge\target\classes started by yglei in E:\ShgsProjects\lodge)
09:10:43.045 logback [main] INFO  com.shgs.lodge.LodgeApplication - No active profile set, falling back to default profiles: default
09:10:44.354 logback [main] INFO  o.s.d.r.c.RepositoryConfigurationDelegate - Bootstrapping Spring Data JPA repositories in DEFAULT mode.
09:10:44.386 logback [main] INFO  o.s.d.r.c.RepositoryConfigurationDelegate - Finished Spring Data repository scanning in 21 ms. Found 0 JPA repository interfaces.
09:10:45.079 logback [main] INFO  c.u.j.c.EnableEncryptablePropertiesBeanFactoryPostProcessor - Post-processing PropertySource instances
09:10:45.217 logback [main] INFO  c.u.j.EncryptablePropertySourceConverter - Converting PropertySource configurationProperties [org.springframework.boot.context.properties.source.ConfigurationPropertySourcesPropertySource] to AOP Proxy
09:10:45.218 logback [main] INFO  c.u.j.EncryptablePropertySourceConverter - Converting PropertySource servletConfigInitParams [org.springframework.core.env.PropertySource$StubPropertySource] to EncryptablePropertySourceWrapper
09:10:45.218 logback [main] INFO  c.u.j.EncryptablePropertySourceConverter - Converting PropertySource servletContextInitParams [org.springframework.core.env.PropertySource$StubPropertySource] to EncryptablePropertySourceWrapper
09:10:45.219 logback [main] INFO  c.u.j.EncryptablePropertySourceConverter - Converting PropertySource systemProperties [org.springframework.core.env.PropertiesPropertySource] to EncryptableMapPropertySourceWrapper
09:10:45.219 logback [main] INFO  c.u.j.EncryptablePropertySourceConverter - Converting PropertySource systemEnvironment [org.springframework.boot.env.SystemEnvironmentPropertySourceEnvironmentPostProcessor$OriginAwareSystemEnvironmentPropertySource] to EncryptableMapPropertySourceWrapper
09:10:45.219 logback [main] INFO  c.u.j.EncryptablePropertySourceConverter - Converting PropertySource random [org.springframework.boot.env.RandomValuePropertySource] to EncryptablePropertySourceWrapper
09:10:45.219 logback [main] INFO  c.u.j.EncryptablePropertySourceConverter - Converting PropertySource Config resource 'classpath:/application.yml' via location 'optional:classpath:/' [org.springframework.boot.env.OriginTrackedMapPropertySource] to EncryptableMapPropertySourceWrapper
09:10:45.219 logback [main] INFO  c.u.j.EncryptablePropertySourceConverter - Converting PropertySource Config resource 'classpath:/application.properties' via location 'optional:classpath:/' [org.springframework.boot.env.OriginTrackedMapPropertySource] to EncryptableMapPropertySourceWrapper
09:10:45.361 logback [main] INFO  c.u.j.f.DefaultLazyPropertyFilter - Property Filter custom Bean not found with name 'encryptablePropertyFilter'. Initializing Default Property Filter
09:10:45.685 logback [main] INFO  c.u.j.r.DefaultLazyPropertyResolver - Property Resolver custom Bean not found with name 'encryptablePropertyResolver'. Initializing Default Property Resolver
09:10:45.688 logback [main] INFO  c.u.j.d.DefaultLazyPropertyDetector - Property Detector custom Bean not found with name 'encryptablePropertyDetector'. Initializing Default Property Detector
09:10:46.022 logback [main] INFO  o.s.b.w.e.tomcat.TomcatWebServer - Tomcat initialized with port(s): 8080 (http)
09:10:46.037 logback [main] INFO  o.a.coyote.http11.Http11NioProtocol - Initializing ProtocolHandler ["http-nio-8080"]
09:10:46.038 logback [main] INFO  o.a.catalina.core.StandardService - Starting service [Tomcat]
09:10:46.038 logback [main] INFO  o.a.catalina.core.StandardEngine - Starting Servlet engine: [Apache Tomcat/9.0.39]
09:10:46.323 logback [main] INFO  o.a.c.c.C.[.[localhost].[/lodge] - Initializing Spring embedded WebApplicationContext
09:10:46.324 logback [main] INFO  o.s.b.w.s.c.ServletWebServerApplicationContext - Root WebApplicationContext: initialization completed in 2930 ms
09:10:46.687 logback [main] INFO  o.h.jpa.internal.util.LogHelper - HHH000204: Processing PersistenceUnitInfo [name: primaryPersistenceUnit]
09:10:46.741 logback [main] INFO  org.hibernate.Version - HHH000412: Hibernate ORM core version 5.4.23.Final
09:10:46.916 logback [main] INFO  o.h.annotations.common.Version - HCANN000001: Hibernate Commons Annotations {5.1.2.Final}
09:10:47.043 logback [main] INFO  com.zaxxer.hikari.HikariDataSource - LodgePool - Starting...
09:10:47.176 logback [main] INFO  com.zaxxer.hikari.HikariDataSource - LodgePool - Start completed.
09:10:47.193 logback [main] INFO  org.hibernate.dialect.Dialect - HHH000400: Using dialect: org.hibernate.dialect.SQLServer2008Dialect
09:10:49.699 logback [main] INFO  o.h.e.t.j.p.i.JtaPlatformInitiator - HHH000490: Using JtaPlatform implementation: [org.hibernate.engine.transaction.jta.platform.internal.NoJtaPlatform]
09:10:49.741 logback [main] INFO  o.s.o.j.LocalContainerEntityManagerFactoryBean - Initialized JPA EntityManagerFactory for persistence unit 'primaryPersistenceUnit'
09:10:49.813 logback [main] INFO  com.shgs.lodge.config.MvcConfig - 注册拦截器[listenerRegist]成功
09:10:50.406 logback [main] INFO  c.s.l.util.MyJasyptStringEncryptor - Encryptor config not found for property jasypt.encryptor.algorithm, using default value: PBEWithMD5AndDES
09:10:50.407 logback [main] INFO  c.s.l.util.MyJasyptStringEncryptor - Encryptor config not found for property jasypt.encryptor.keyObtentionIterations, using default value: 1000
09:10:50.407 logback [main] INFO  c.s.l.util.MyJasyptStringEncryptor - Encryptor config not found for property jasypt.encryptor.poolSize, using default value: 1
09:10:50.407 logback [main] INFO  c.s.l.util.MyJasyptStringEncryptor - Encryptor config not found for property jasypt.encryptor.providerName, using default value: null
09:10:50.407 logback [main] INFO  c.s.l.util.MyJasyptStringEncryptor - Encryptor config not found for property jasypt.encryptor.saltGeneratorClassname, using default value: org.jasypt.salt.RandomSaltGenerator
09:10:50.408 logback [main] INFO  c.s.l.util.MyJasyptStringEncryptor - Encryptor config not found for property jasypt.encryptor.stringOutputType, using default value: base64
09:10:50.668 logback [main] INFO  o.s.s.c.ThreadPoolTaskExecutor - Initializing ExecutorService 'applicationTaskExecutor'
09:10:50.841 logback [main] INFO  o.s.b.a.w.s.WelcomePageHandlerMapping - Adding welcome page template: index
09:10:51.049 logback [main] INFO  o.a.coyote.http11.Http11NioProtocol - Starting ProtocolHandler ["http-nio-8080"]
09:10:51.086 logback [main] INFO  o.s.b.w.e.tomcat.TomcatWebServer - Tomcat started on port(s): 8080 (http) with context path '/lodge'
09:10:51.096 logback [main] INFO  com.shgs.lodge.LodgeApplication - Started LodgeApplication in 8.822 seconds (JVM running for 13.021)
09:25:24.620 logback [SpringContextShutdownHook] INFO  o.s.d.r.c.RepositoryConfigurationDelegate - Bootstrapping Spring Data JPA repositories in DEFAULT mode.
09:25:24.625 logback [SpringContextShutdownHook] INFO  o.s.d.r.c.RepositoryConfigurationDelegate - Finished Spring Data repository scanning in 4 ms. Found 0 JPA repository interfaces.
09:25:24.791 logback [SpringContextShutdownHook] INFO  o.s.s.c.ThreadPoolTaskExecutor - Shutting down ExecutorService 'applicationTaskExecutor'
09:25:24.805 logback [SpringContextShutdownHook] INFO  o.s.o.j.LocalContainerEntityManagerFactoryBean - Closing JPA EntityManagerFactory for persistence unit 'primaryPersistenceUnit'
09:25:24.808 logback [SpringContextShutdownHook] INFO  com.zaxxer.hikari.HikariDataSource - LodgePool - Shutdown initiated...
09:25:24.811 logback [SpringContextShutdownHook] INFO  com.zaxxer.hikari.HikariDataSource - LodgePool - Shutdown completed.
09:26:16.386 logback [background-preinit] INFO  o.h.validator.internal.util.Version - HV000001: Hibernate Validator 6.0.13.Final
09:26:16.447 logback [main] INFO  com.shgs.lodge.LodgeApplication - Starting LodgeApplication using Java 1.8.0_271 on DESKTOP-UDV8UQ1 with PID 13984 (E:\ShgsProjects\lodge\target\classes started by yglei in E:\ShgsProjects\lodge)
09:26:16.447 logback [main] INFO  com.shgs.lodge.LodgeApplication - No active profile set, falling back to default profiles: default
09:26:17.743 logback [main] INFO  o.s.d.r.c.RepositoryConfigurationDelegate - Bootstrapping Spring Data JPA repositories in DEFAULT mode.
09:26:17.789 logback [main] INFO  o.s.d.r.c.RepositoryConfigurationDelegate - Finished Spring Data repository scanning in 35 ms. Found 0 JPA repository interfaces.
09:26:18.351 logback [main] INFO  c.u.j.c.EnableEncryptablePropertiesBeanFactoryPostProcessor - Post-processing PropertySource instances
09:26:18.436 logback [main] INFO  c.u.j.EncryptablePropertySourceConverter - Converting PropertySource configurationProperties [org.springframework.boot.context.properties.source.ConfigurationPropertySourcesPropertySource] to AOP Proxy
09:26:18.436 logback [main] INFO  c.u.j.EncryptablePropertySourceConverter - Converting PropertySource servletConfigInitParams [org.springframework.core.env.PropertySource$StubPropertySource] to EncryptablePropertySourceWrapper
09:26:18.436 logback [main] INFO  c.u.j.EncryptablePropertySourceConverter - Converting PropertySource servletContextInitParams [org.springframework.core.env.PropertySource$StubPropertySource] to EncryptablePropertySourceWrapper
09:26:18.437 logback [main] INFO  c.u.j.EncryptablePropertySourceConverter - Converting PropertySource systemProperties [org.springframework.core.env.PropertiesPropertySource] to EncryptableMapPropertySourceWrapper
09:26:18.437 logback [main] INFO  c.u.j.EncryptablePropertySourceConverter - Converting PropertySource systemEnvironment [org.springframework.boot.env.SystemEnvironmentPropertySourceEnvironmentPostProcessor$OriginAwareSystemEnvironmentPropertySource] to EncryptableMapPropertySourceWrapper
09:26:18.437 logback [main] INFO  c.u.j.EncryptablePropertySourceConverter - Converting PropertySource random [org.springframework.boot.env.RandomValuePropertySource] to EncryptablePropertySourceWrapper
09:26:18.437 logback [main] INFO  c.u.j.EncryptablePropertySourceConverter - Converting PropertySource Config resource 'classpath:/application.yml' via location 'optional:classpath:/' [org.springframework.boot.env.OriginTrackedMapPropertySource] to EncryptableMapPropertySourceWrapper
09:26:18.438 logback [main] INFO  c.u.j.EncryptablePropertySourceConverter - Converting PropertySource Config resource 'classpath:/application.properties' via location 'optional:classpath:/' [org.springframework.boot.env.OriginTrackedMapPropertySource] to EncryptableMapPropertySourceWrapper
09:26:18.550 logback [main] INFO  c.u.j.f.DefaultLazyPropertyFilter - Property Filter custom Bean not found with name 'encryptablePropertyFilter'. Initializing Default Property Filter
09:26:18.738 logback [main] INFO  c.u.j.r.DefaultLazyPropertyResolver - Property Resolver custom Bean not found with name 'encryptablePropertyResolver'. Initializing Default Property Resolver
09:26:18.740 logback [main] INFO  c.u.j.d.DefaultLazyPropertyDetector - Property Detector custom Bean not found with name 'encryptablePropertyDetector'. Initializing Default Property Detector
09:26:19.325 logback [main] INFO  o.s.b.w.e.tomcat.TomcatWebServer - Tomcat initialized with port(s): 8080 (http)
09:26:19.345 logback [main] INFO  o.a.coyote.http11.Http11NioProtocol - Initializing ProtocolHandler ["http-nio-8080"]
09:26:19.347 logback [main] INFO  o.a.catalina.core.StandardService - Starting service [Tomcat]
09:26:19.347 logback [main] INFO  o.a.catalina.core.StandardEngine - Starting Servlet engine: [Apache Tomcat/9.0.39]
09:26:19.570 logback [main] INFO  o.a.c.c.C.[.[localhost].[/lodge] - Initializing Spring embedded WebApplicationContext
09:26:19.570 logback [main] INFO  o.s.b.w.s.c.ServletWebServerApplicationContext - Root WebApplicationContext: initialization completed in 2740 ms
09:26:19.916 logback [main] INFO  o.h.jpa.internal.util.LogHelper - HHH000204: Processing PersistenceUnitInfo [name: primaryPersistenceUnit]
09:26:20.036 logback [main] INFO  org.hibernate.Version - HHH000412: Hibernate ORM core version 5.4.23.Final
09:26:20.322 logback [main] INFO  o.h.annotations.common.Version - HCANN000001: Hibernate Commons Annotations {5.1.2.Final}
09:26:20.489 logback [main] INFO  com.zaxxer.hikari.HikariDataSource - LodgePool - Starting...
09:26:20.631 logback [main] INFO  com.zaxxer.hikari.HikariDataSource - LodgePool - Start completed.
09:26:20.660 logback [main] INFO  org.hibernate.dialect.Dialect - HHH000400: Using dialect: org.hibernate.dialect.SQLServer2008Dialect
09:26:30.415 logback [main] INFO  o.h.e.t.j.p.i.JtaPlatformInitiator - HHH000490: Using JtaPlatform implementation: [org.hibernate.engine.transaction.jta.platform.internal.NoJtaPlatform]
09:26:30.438 logback [main] INFO  o.s.o.j.LocalContainerEntityManagerFactoryBean - Initialized JPA EntityManagerFactory for persistence unit 'primaryPersistenceUnit'
09:26:30.516 logback [main] INFO  com.shgs.lodge.config.MvcConfig - 注册拦截器[listenerRegist]成功
09:26:31.112 logback [main] INFO  c.s.l.util.MyJasyptStringEncryptor - Encryptor config not found for property jasypt.encryptor.algorithm, using default value: PBEWithMD5AndDES
09:26:31.112 logback [main] INFO  c.s.l.util.MyJasyptStringEncryptor - Encryptor config not found for property jasypt.encryptor.keyObtentionIterations, using default value: 1000
09:26:31.113 logback [main] INFO  c.s.l.util.MyJasyptStringEncryptor - Encryptor config not found for property jasypt.encryptor.poolSize, using default value: 1
09:26:31.113 logback [main] INFO  c.s.l.util.MyJasyptStringEncryptor - Encryptor config not found for property jasypt.encryptor.providerName, using default value: null
09:26:31.113 logback [main] INFO  c.s.l.util.MyJasyptStringEncryptor - Encryptor config not found for property jasypt.encryptor.saltGeneratorClassname, using default value: org.jasypt.salt.RandomSaltGenerator
09:26:31.114 logback [main] INFO  c.s.l.util.MyJasyptStringEncryptor - Encryptor config not found for property jasypt.encryptor.stringOutputType, using default value: base64
09:26:31.405 logback [main] INFO  o.s.s.c.ThreadPoolTaskExecutor - Initializing ExecutorService 'applicationTaskExecutor'
09:26:31.605 logback [main] INFO  o.s.b.a.w.s.WelcomePageHandlerMapping - Adding welcome page template: index
09:26:31.818 logback [main] INFO  o.a.coyote.http11.Http11NioProtocol - Starting ProtocolHandler ["http-nio-8080"]
09:26:31.856 logback [main] INFO  o.s.b.w.e.tomcat.TomcatWebServer - Tomcat started on port(s): 8080 (http) with context path '/lodge'
09:26:31.868 logback [main] INFO  com.shgs.lodge.LodgeApplication - Started LodgeApplication in 16.256 seconds (JVM running for 20.584)
09:28:18.990 logback [http-nio-8080-exec-1] INFO  o.a.c.c.C.[.[localhost].[/lodge] - Initializing Spring DispatcherServlet 'dispatcherServlet'
09:28:18.991 logback [http-nio-8080-exec-1] INFO  o.s.web.servlet.DispatcherServlet - Initializing Servlet 'dispatcherServlet'
09:28:18.992 logback [http-nio-8080-exec-1] INFO  o.s.web.servlet.DispatcherServlet - Completed initialization in 1 ms
09:28:19.030 logback [http-nio-8080-exec-1] INFO  c.s.lodge.servlet.CmsSessionListener - addSession[16BADE9B49C26606E9320E6371F00BB9]
09:29:19.007 logback [SpringContextShutdownHook] INFO  c.s.lodge.servlet.CmsSessionListener - removeSession[16BADE9B49C26606E9320E6371F00BB9]
09:29:19.071 logback [SpringContextShutdownHook] INFO  o.s.s.c.ThreadPoolTaskExecutor - Shutting down ExecutorService 'applicationTaskExecutor'
09:29:19.078 logback [SpringContextShutdownHook] INFO  o.s.o.j.LocalContainerEntityManagerFactoryBean - Closing JPA EntityManagerFactory for persistence unit 'primaryPersistenceUnit'
09:29:19.079 logback [SpringContextShutdownHook] INFO  com.zaxxer.hikari.HikariDataSource - LodgePool - Shutdown initiated...
09:29:19.083 logback [SpringContextShutdownHook] INFO  com.zaxxer.hikari.HikariDataSource - LodgePool - Shutdown completed.
14:23:33.560 logback [background-preinit] INFO  o.h.validator.internal.util.Version - HV000001: Hibernate Validator 6.0.13.Final
14:23:34.004 logback [main] INFO  com.shgs.lodge.LodgeApplication - Starting LodgeApplication using Java 1.8.0_271 on DESKTOP-UDV8UQ1 with PID 12128 (E:\ShgsProjects\lodge\target\classes started by yglei in E:\ShgsProjects\lodge)
14:23:34.005 logback [main] INFO  com.shgs.lodge.LodgeApplication - No active profile set, falling back to default profiles: default
14:23:36.194 logback [main] INFO  o.s.d.r.c.RepositoryConfigurationDelegate - Bootstrapping Spring Data JPA repositories in DEFAULT mode.
14:23:36.244 logback [main] INFO  o.s.d.r.c.RepositoryConfigurationDelegate - Finished Spring Data repository scanning in 23 ms. Found 0 JPA repository interfaces.
14:23:37.232 logback [main] INFO  c.u.j.c.EnableEncryptablePropertiesBeanFactoryPostProcessor - Post-processing PropertySource instances
14:23:37.378 logback [main] INFO  c.u.j.EncryptablePropertySourceConverter - Converting PropertySource configurationProperties [org.springframework.boot.context.properties.source.ConfigurationPropertySourcesPropertySource] to AOP Proxy
14:23:37.379 logback [main] INFO  c.u.j.EncryptablePropertySourceConverter - Converting PropertySource servletConfigInitParams [org.springframework.core.env.PropertySource$StubPropertySource] to EncryptablePropertySourceWrapper
14:23:37.379 logback [main] INFO  c.u.j.EncryptablePropertySourceConverter - Converting PropertySource servletContextInitParams [org.springframework.core.env.PropertySource$StubPropertySource] to EncryptablePropertySourceWrapper
14:23:37.379 logback [main] INFO  c.u.j.EncryptablePropertySourceConverter - Converting PropertySource systemProperties [org.springframework.core.env.PropertiesPropertySource] to EncryptableMapPropertySourceWrapper
14:23:37.379 logback [main] INFO  c.u.j.EncryptablePropertySourceConverter - Converting PropertySource systemEnvironment [org.springframework.boot.env.SystemEnvironmentPropertySourceEnvironmentPostProcessor$OriginAwareSystemEnvironmentPropertySource] to EncryptableMapPropertySourceWrapper
14:23:37.379 logback [main] INFO  c.u.j.EncryptablePropertySourceConverter - Converting PropertySource random [org.springframework.boot.env.RandomValuePropertySource] to EncryptablePropertySourceWrapper
14:23:37.379 logback [main] INFO  c.u.j.EncryptablePropertySourceConverter - Converting PropertySource Config resource 'classpath:/application.yml' via location 'optional:classpath:/' [org.springframework.boot.env.OriginTrackedMapPropertySource] to EncryptableMapPropertySourceWrapper
14:23:37.379 logback [main] INFO  c.u.j.EncryptablePropertySourceConverter - Converting PropertySource Config resource 'classpath:/application.properties' via location 'optional:classpath:/' [org.springframework.boot.env.OriginTrackedMapPropertySource] to EncryptableMapPropertySourceWrapper
14:23:37.517 logback [main] INFO  c.u.j.f.DefaultLazyPropertyFilter - Property Filter custom Bean not found with name 'encryptablePropertyFilter'. Initializing Default Property Filter
14:23:37.885 logback [main] INFO  c.u.j.r.DefaultLazyPropertyResolver - Property Resolver custom Bean not found with name 'encryptablePropertyResolver'. Initializing Default Property Resolver
14:23:37.887 logback [main] INFO  c.u.j.d.DefaultLazyPropertyDetector - Property Detector custom Bean not found with name 'encryptablePropertyDetector'. Initializing Default Property Detector
14:23:38.385 logback [main] INFO  o.s.b.w.e.tomcat.TomcatWebServer - Tomcat initialized with port(s): 8080 (http)
14:23:38.426 logback [main] INFO  o.a.coyote.http11.Http11NioProtocol - Initializing ProtocolHandler ["http-nio-8080"]
14:23:38.427 logback [main] INFO  o.a.catalina.core.StandardService - Starting service [Tomcat]
14:23:38.427 logback [main] INFO  o.a.catalina.core.StandardEngine - Starting Servlet engine: [Apache Tomcat/9.0.39]
14:23:38.673 logback [main] INFO  o.a.c.c.C.[.[localhost].[/lodge] - Initializing Spring embedded WebApplicationContext
14:23:38.673 logback [main] INFO  o.s.b.w.s.c.ServletWebServerApplicationContext - Root WebApplicationContext: initialization completed in 4034 ms
14:23:39.191 logback [main] INFO  o.h.jpa.internal.util.LogHelper - HHH000204: Processing PersistenceUnitInfo [name: primaryPersistenceUnit]
14:23:39.319 logback [main] INFO  org.hibernate.Version - HHH000412: Hibernate ORM core version 5.4.23.Final
14:23:39.694 logback [main] INFO  o.h.annotations.common.Version - HCANN000001: Hibernate Commons Annotations {5.1.2.Final}
14:23:39.988 logback [main] INFO  com.zaxxer.hikari.HikariDataSource - LodgePool - Starting...
14:23:40.254 logback [main] INFO  com.zaxxer.hikari.HikariDataSource - LodgePool - Start completed.
14:23:40.295 logback [main] INFO  org.hibernate.dialect.Dialect - HHH000400: Using dialect: org.hibernate.dialect.SQLServer2008Dialect
14:23:44.083 logback [main] INFO  o.h.e.t.j.p.i.JtaPlatformInitiator - HHH000490: Using JtaPlatform implementation: [org.hibernate.engine.transaction.jta.platform.internal.NoJtaPlatform]
14:23:44.109 logback [main] INFO  o.s.o.j.LocalContainerEntityManagerFactoryBean - Initialized JPA EntityManagerFactory for persistence unit 'primaryPersistenceUnit'
14:23:44.195 logback [main] INFO  com.shgs.lodge.config.MvcConfig - 注册拦截器[listenerRegist]成功
14:23:44.907 logback [main] INFO  c.s.l.util.MyJasyptStringEncryptor - Encryptor config not found for property jasypt.encryptor.algorithm, using default value: PBEWithMD5AndDES
14:23:44.908 logback [main] INFO  c.s.l.util.MyJasyptStringEncryptor - Encryptor config not found for property jasypt.encryptor.keyObtentionIterations, using default value: 1000
14:23:44.908 logback [main] INFO  c.s.l.util.MyJasyptStringEncryptor - Encryptor config not found for property jasypt.encryptor.poolSize, using default value: 1
14:23:44.908 logback [main] INFO  c.s.l.util.MyJasyptStringEncryptor - Encryptor config not found for property jasypt.encryptor.providerName, using default value: null
14:23:44.908 logback [main] INFO  c.s.l.util.MyJasyptStringEncryptor - Encryptor config not found for property jasypt.encryptor.saltGeneratorClassname, using default value: org.jasypt.salt.RandomSaltGenerator
14:23:44.911 logback [main] INFO  c.s.l.util.MyJasyptStringEncryptor - Encryptor config not found for property jasypt.encryptor.stringOutputType, using default value: base64
14:23:45.311 logback [main] INFO  o.s.s.c.ThreadPoolTaskExecutor - Initializing ExecutorService 'applicationTaskExecutor'
14:23:45.563 logback [main] INFO  o.s.b.a.w.s.WelcomePageHandlerMapping - Adding welcome page template: index
14:23:46.047 logback [main] INFO  o.a.coyote.http11.Http11NioProtocol - Starting ProtocolHandler ["http-nio-8080"]
14:23:46.090 logback [main] INFO  o.s.b.w.e.tomcat.TomcatWebServer - Tomcat started on port(s): 8080 (http) with context path '/lodge'
14:23:46.105 logback [main] INFO  com.shgs.lodge.LodgeApplication - Started LodgeApplication in 13.92 seconds (JVM running for 26.974)
14:24:10.130 logback [http-nio-8080-exec-1] INFO  o.a.c.c.C.[.[localhost].[/lodge] - Initializing Spring DispatcherServlet 'dispatcherServlet'
14:24:10.130 logback [http-nio-8080-exec-1] INFO  o.s.web.servlet.DispatcherServlet - Initializing Servlet 'dispatcherServlet'
14:24:10.131 logback [http-nio-8080-exec-1] INFO  o.s.web.servlet.DispatcherServlet - Completed initialization in 1 ms
14:24:10.178 logback [http-nio-8080-exec-1] INFO  c.s.lodge.servlet.CmsSessionListener - addSession[6DA5079B71E4221F25F4D80E69D21728]
14:26:36.004 logback [SpringContextShutdownHook] INFO  c.s.lodge.servlet.CmsSessionListener - removeSession[6DA5079B71E4221F25F4D80E69D21728]
14:26:36.052 logback [SpringContextShutdownHook] INFO  o.s.s.c.ThreadPoolTaskExecutor - Shutting down ExecutorService 'applicationTaskExecutor'
14:26:36.059 logback [SpringContextShutdownHook] INFO  o.s.o.j.LocalContainerEntityManagerFactoryBean - Closing JPA EntityManagerFactory for persistence unit 'primaryPersistenceUnit'
14:26:36.060 logback [SpringContextShutdownHook] INFO  com.zaxxer.hikari.HikariDataSource - LodgePool - Shutdown initiated...
14:26:36.064 logback [SpringContextShutdownHook] INFO  com.zaxxer.hikari.HikariDataSource - LodgePool - Shutdown completed.
14:28:05.390 logback [background-preinit] INFO  o.h.validator.internal.util.Version - HV000001: Hibernate Validator 6.0.13.Final
14:28:05.511 logback [main] INFO  com.shgs.lodge.LodgeApplication - Starting LodgeApplication using Java 1.8.0_271 on DESKTOP-UDV8UQ1 with PID 6348 (E:\ShgsProjects\lodge\target\classes started by yglei in E:\ShgsProjects\lodge)
14:28:05.512 logback [main] INFO  com.shgs.lodge.LodgeApplication - No active profile set, falling back to default profiles: default
14:28:06.751 logback [main] INFO  o.s.d.r.c.RepositoryConfigurationDelegate - Bootstrapping Spring Data JPA repositories in DEFAULT mode.
14:28:06.782 logback [main] INFO  o.s.d.r.c.RepositoryConfigurationDelegate - Finished Spring Data repository scanning in 20 ms. Found 0 JPA repository interfaces.
14:28:07.379 logback [main] INFO  c.u.j.c.EnableEncryptablePropertiesBeanFactoryPostProcessor - Post-processing PropertySource instances
14:28:07.466 logback [main] INFO  c.u.j.EncryptablePropertySourceConverter - Converting PropertySource configurationProperties [org.springframework.boot.context.properties.source.ConfigurationPropertySourcesPropertySource] to AOP Proxy
14:28:07.467 logback [main] INFO  c.u.j.EncryptablePropertySourceConverter - Converting PropertySource servletConfigInitParams [org.springframework.core.env.PropertySource$StubPropertySource] to EncryptablePropertySourceWrapper
14:28:07.467 logback [main] INFO  c.u.j.EncryptablePropertySourceConverter - Converting PropertySource servletContextInitParams [org.springframework.core.env.PropertySource$StubPropertySource] to EncryptablePropertySourceWrapper
14:28:07.468 logback [main] INFO  c.u.j.EncryptablePropertySourceConverter - Converting PropertySource systemProperties [org.springframework.core.env.PropertiesPropertySource] to EncryptableMapPropertySourceWrapper
14:28:07.468 logback [main] INFO  c.u.j.EncryptablePropertySourceConverter - Converting PropertySource systemEnvironment [org.springframework.boot.env.SystemEnvironmentPropertySourceEnvironmentPostProcessor$OriginAwareSystemEnvironmentPropertySource] to EncryptableMapPropertySourceWrapper
14:28:07.468 logback [main] INFO  c.u.j.EncryptablePropertySourceConverter - Converting PropertySource random [org.springframework.boot.env.RandomValuePropertySource] to EncryptablePropertySourceWrapper
14:28:07.468 logback [main] INFO  c.u.j.EncryptablePropertySourceConverter - Converting PropertySource Config resource 'classpath:/application.yml' via location 'optional:classpath:/' [org.springframework.boot.env.OriginTrackedMapPropertySource] to EncryptableMapPropertySourceWrapper
14:28:07.468 logback [main] INFO  c.u.j.EncryptablePropertySourceConverter - Converting PropertySource Config resource 'classpath:/application.properties' via location 'optional:classpath:/' [org.springframework.boot.env.OriginTrackedMapPropertySource] to EncryptableMapPropertySourceWrapper
14:28:07.576 logback [main] INFO  c.u.j.f.DefaultLazyPropertyFilter - Property Filter custom Bean not found with name 'encryptablePropertyFilter'. Initializing Default Property Filter
14:28:07.777 logback [main] INFO  c.u.j.r.DefaultLazyPropertyResolver - Property Resolver custom Bean not found with name 'encryptablePropertyResolver'. Initializing Default Property Resolver
14:28:07.778 logback [main] INFO  c.u.j.d.DefaultLazyPropertyDetector - Property Detector custom Bean not found with name 'encryptablePropertyDetector'. Initializing Default Property Detector
14:28:08.072 logback [main] INFO  o.s.b.w.e.tomcat.TomcatWebServer - Tomcat initialized with port(s): 8080 (http)
14:28:08.084 logback [main] INFO  o.a.coyote.http11.Http11NioProtocol - Initializing ProtocolHandler ["http-nio-8080"]
14:28:08.085 logback [main] INFO  o.a.catalina.core.StandardService - Starting service [Tomcat]
14:28:08.085 logback [main] INFO  o.a.catalina.core.StandardEngine - Starting Servlet engine: [Apache Tomcat/9.0.39]
14:28:08.274 logback [main] INFO  o.a.c.c.C.[.[localhost].[/lodge] - Initializing Spring embedded WebApplicationContext
14:28:08.274 logback [main] INFO  o.s.b.w.s.c.ServletWebServerApplicationContext - Root WebApplicationContext: initialization completed in 2431 ms
14:28:08.641 logback [main] INFO  o.h.jpa.internal.util.LogHelper - HHH000204: Processing PersistenceUnitInfo [name: primaryPersistenceUnit]
14:28:08.696 logback [main] INFO  org.hibernate.Version - HHH000412: Hibernate ORM core version 5.4.23.Final
14:28:08.880 logback [main] INFO  o.h.annotations.common.Version - HCANN000001: Hibernate Commons Annotations {5.1.2.Final}
14:28:09.044 logback [main] INFO  com.zaxxer.hikari.HikariDataSource - LodgePool - Starting...
14:28:09.184 logback [main] INFO  com.zaxxer.hikari.HikariDataSource - LodgePool - Start completed.
14:28:09.201 logback [main] INFO  org.hibernate.dialect.Dialect - HHH000400: Using dialect: org.hibernate.dialect.SQLServer2008Dialect
14:28:11.176 logback [main] INFO  o.h.e.t.j.p.i.JtaPlatformInitiator - HHH000490: Using JtaPlatform implementation: [org.hibernate.engine.transaction.jta.platform.internal.NoJtaPlatform]
14:28:11.195 logback [main] INFO  o.s.o.j.LocalContainerEntityManagerFactoryBean - Initialized JPA EntityManagerFactory for persistence unit 'primaryPersistenceUnit'
14:28:11.269 logback [main] INFO  com.shgs.lodge.config.MvcConfig - 注册拦截器[listenerRegist]成功
14:28:11.869 logback [main] INFO  c.s.l.util.MyJasyptStringEncryptor - Encryptor config not found for property jasypt.encryptor.algorithm, using default value: PBEWithMD5AndDES
14:28:11.870 logback [main] INFO  c.s.l.util.MyJasyptStringEncryptor - Encryptor config not found for property jasypt.encryptor.keyObtentionIterations, using default value: 1000
14:28:11.870 logback [main] INFO  c.s.l.util.MyJasyptStringEncryptor - Encryptor config not found for property jasypt.encryptor.poolSize, using default value: 1
14:28:11.870 logback [main] INFO  c.s.l.util.MyJasyptStringEncryptor - Encryptor config not found for property jasypt.encryptor.providerName, using default value: null
14:28:11.870 logback [main] INFO  c.s.l.util.MyJasyptStringEncryptor - Encryptor config not found for property jasypt.encryptor.saltGeneratorClassname, using default value: org.jasypt.salt.RandomSaltGenerator
14:28:11.871 logback [main] INFO  c.s.l.util.MyJasyptStringEncryptor - Encryptor config not found for property jasypt.encryptor.stringOutputType, using default value: base64
14:28:12.130 logback [main] INFO  o.s.s.c.ThreadPoolTaskExecutor - Initializing ExecutorService 'applicationTaskExecutor'
14:28:12.335 logback [main] INFO  o.s.b.a.w.s.WelcomePageHandlerMapping - Adding welcome page template: index
14:28:12.539 logback [main] INFO  o.a.coyote.http11.Http11NioProtocol - Starting ProtocolHandler ["http-nio-8080"]
14:28:12.575 logback [main] INFO  o.s.b.w.e.tomcat.TomcatWebServer - Tomcat started on port(s): 8080 (http) with context path '/lodge'
14:28:12.586 logback [main] INFO  com.shgs.lodge.LodgeApplication - Started LodgeApplication in 7.918 seconds (JVM running for 11.809)
14:28:18.826 logback [http-nio-8080-exec-1] INFO  o.a.c.c.C.[.[localhost].[/lodge] - Initializing Spring DispatcherServlet 'dispatcherServlet'
14:28:18.827 logback [http-nio-8080-exec-1] INFO  o.s.web.servlet.DispatcherServlet - Initializing Servlet 'dispatcherServlet'
14:28:18.828 logback [http-nio-8080-exec-1] INFO  o.s.web.servlet.DispatcherServlet - Completed initialization in 1 ms
14:28:18.854 logback [http-nio-8080-exec-1] INFO  c.s.lodge.servlet.CmsSessionListener - addSession[7C8F5AE8B98D47DBE47512A18F9C5465]
14:29:18.395 logback [SpringContextShutdownHook] INFO  c.s.lodge.servlet.CmsSessionListener - removeSession[7C8F5AE8B98D47DBE47512A18F9C5465]
14:29:18.463 logback [SpringContextShutdownHook] INFO  o.s.s.c.ThreadPoolTaskExecutor - Shutting down ExecutorService 'applicationTaskExecutor'
14:29:18.467 logback [SpringContextShutdownHook] INFO  o.s.o.j.LocalContainerEntityManagerFactoryBean - Closing JPA EntityManagerFactory for persistence unit 'primaryPersistenceUnit'
14:29:18.469 logback [SpringContextShutdownHook] INFO  com.zaxxer.hikari.HikariDataSource - LodgePool - Shutdown initiated...
14:29:18.472 logback [SpringContextShutdownHook] INFO  com.zaxxer.hikari.HikariDataSource - LodgePool - Shutdown completed.
14:30:01.333 logback [background-preinit] INFO  o.h.validator.internal.util.Version - HV000001: Hibernate Validator 6.0.13.Final
14:30:01.389 logback [main] INFO  com.shgs.lodge.LodgeApplication - Starting LodgeApplication using Java 1.8.0_271 on DESKTOP-UDV8UQ1 with PID 16128 (E:\ShgsProjects\lodge\target\classes started by yglei in E:\ShgsProjects\lodge)
14:30:01.390 logback [main] INFO  com.shgs.lodge.LodgeApplication - No active profile set, falling back to default profiles: default
14:30:02.680 logback [main] INFO  o.s.d.r.c.RepositoryConfigurationDelegate - Bootstrapping Spring Data JPA repositories in DEFAULT mode.
14:30:02.712 logback [main] INFO  o.s.d.r.c.RepositoryConfigurationDelegate - Finished Spring Data repository scanning in 21 ms. Found 0 JPA repository interfaces.
14:30:03.281 logback [main] INFO  c.u.j.c.EnableEncryptablePropertiesBeanFactoryPostProcessor - Post-processing PropertySource instances
14:30:03.367 logback [main] INFO  c.u.j.EncryptablePropertySourceConverter - Converting PropertySource configurationProperties [org.springframework.boot.context.properties.source.ConfigurationPropertySourcesPropertySource] to AOP Proxy
14:30:03.368 logback [main] INFO  c.u.j.EncryptablePropertySourceConverter - Converting PropertySource servletConfigInitParams [org.springframework.core.env.PropertySource$StubPropertySource] to EncryptablePropertySourceWrapper
14:30:03.368 logback [main] INFO  c.u.j.EncryptablePropertySourceConverter - Converting PropertySource servletContextInitParams [org.springframework.core.env.PropertySource$StubPropertySource] to EncryptablePropertySourceWrapper
14:30:03.369 logback [main] INFO  c.u.j.EncryptablePropertySourceConverter - Converting PropertySource systemProperties [org.springframework.core.env.PropertiesPropertySource] to EncryptableMapPropertySourceWrapper
14:30:03.369 logback [main] INFO  c.u.j.EncryptablePropertySourceConverter - Converting PropertySource systemEnvironment [org.springframework.boot.env.SystemEnvironmentPropertySourceEnvironmentPostProcessor$OriginAwareSystemEnvironmentPropertySource] to EncryptableMapPropertySourceWrapper
14:30:03.369 logback [main] INFO  c.u.j.EncryptablePropertySourceConverter - Converting PropertySource random [org.springframework.boot.env.RandomValuePropertySource] to EncryptablePropertySourceWrapper
14:30:03.369 logback [main] INFO  c.u.j.EncryptablePropertySourceConverter - Converting PropertySource Config resource 'classpath:/application.yml' via location 'optional:classpath:/' [org.springframework.boot.env.OriginTrackedMapPropertySource] to EncryptableMapPropertySourceWrapper
14:30:03.369 logback [main] INFO  c.u.j.EncryptablePropertySourceConverter - Converting PropertySource Config resource 'classpath:/application.properties' via location 'optional:classpath:/' [org.springframework.boot.env.OriginTrackedMapPropertySource] to EncryptableMapPropertySourceWrapper
14:30:03.471 logback [main] INFO  c.u.j.f.DefaultLazyPropertyFilter - Property Filter custom Bean not found with name 'encryptablePropertyFilter'. Initializing Default Property Filter
14:30:03.654 logback [main] INFO  c.u.j.r.DefaultLazyPropertyResolver - Property Resolver custom Bean not found with name 'encryptablePropertyResolver'. Initializing Default Property Resolver
14:30:03.656 logback [main] INFO  c.u.j.d.DefaultLazyPropertyDetector - Property Detector custom Bean not found with name 'encryptablePropertyDetector'. Initializing Default Property Detector
14:30:03.938 logback [main] INFO  o.s.b.w.e.tomcat.TomcatWebServer - Tomcat initialized with port(s): 8080 (http)
14:30:03.951 logback [main] INFO  o.a.coyote.http11.Http11NioProtocol - Initializing ProtocolHandler ["http-nio-8080"]
14:30:03.952 logback [main] INFO  o.a.catalina.core.StandardService - Starting service [Tomcat]
14:30:03.952 logback [main] INFO  o.a.catalina.core.StandardEngine - Starting Servlet engine: [Apache Tomcat/9.0.39]
14:30:04.135 logback [main] INFO  o.a.c.c.C.[.[localhost].[/lodge] - Initializing Spring embedded WebApplicationContext
14:30:04.135 logback [main] INFO  o.s.b.w.s.c.ServletWebServerApplicationContext - Root WebApplicationContext: initialization completed in 2420 ms
14:30:04.482 logback [main] INFO  o.h.jpa.internal.util.LogHelper - HHH000204: Processing PersistenceUnitInfo [name: primaryPersistenceUnit]
14:30:04.552 logback [main] INFO  org.hibernate.Version - HHH000412: Hibernate ORM core version 5.4.23.Final
14:30:04.712 logback [main] INFO  o.h.annotations.common.Version - HCANN000001: Hibernate Commons Annotations {5.1.2.Final}
14:30:04.836 logback [main] INFO  com.zaxxer.hikari.HikariDataSource - LodgePool - Starting...
14:30:04.968 logback [main] INFO  com.zaxxer.hikari.HikariDataSource - LodgePool - Start completed.
14:30:04.985 logback [main] INFO  org.hibernate.dialect.Dialect - HHH000400: Using dialect: org.hibernate.dialect.SQLServer2008Dialect
14:30:07.003 logback [main] INFO  o.h.e.t.j.p.i.JtaPlatformInitiator - HHH000490: Using JtaPlatform implementation: [org.hibernate.engine.transaction.jta.platform.internal.NoJtaPlatform]
14:30:07.024 logback [main] INFO  o.s.o.j.LocalContainerEntityManagerFactoryBean - Initialized JPA EntityManagerFactory for persistence unit 'primaryPersistenceUnit'
14:30:07.105 logback [main] INFO  com.shgs.lodge.config.MvcConfig - 注册拦截器[listenerRegist]成功
14:30:07.735 logback [main] INFO  c.s.l.util.MyJasyptStringEncryptor - Encryptor config not found for property jasypt.encryptor.algorithm, using default value: PBEWithMD5AndDES
14:30:07.736 logback [main] INFO  c.s.l.util.MyJasyptStringEncryptor - Encryptor config not found for property jasypt.encryptor.keyObtentionIterations, using default value: 1000
14:30:07.736 logback [main] INFO  c.s.l.util.MyJasyptStringEncryptor - Encryptor config not found for property jasypt.encryptor.poolSize, using default value: 1
14:30:07.736 logback [main] INFO  c.s.l.util.MyJasyptStringEncryptor - Encryptor config not found for property jasypt.encryptor.providerName, using default value: null
14:30:07.736 logback [main] INFO  c.s.l.util.MyJasyptStringEncryptor - Encryptor config not found for property jasypt.encryptor.saltGeneratorClassname, using default value: org.jasypt.salt.RandomSaltGenerator
14:30:07.737 logback [main] INFO  c.s.l.util.MyJasyptStringEncryptor - Encryptor config not found for property jasypt.encryptor.stringOutputType, using default value: base64
14:30:08.019 logback [main] INFO  o.s.s.c.ThreadPoolTaskExecutor - Initializing ExecutorService 'applicationTaskExecutor'
14:30:08.227 logback [main] INFO  o.s.b.a.w.s.WelcomePageHandlerMapping - Adding welcome page template: index
14:30:08.444 logback [main] INFO  o.a.coyote.http11.Http11NioProtocol - Starting ProtocolHandler ["http-nio-8080"]
14:30:08.485 logback [main] INFO  o.s.b.w.e.tomcat.TomcatWebServer - Tomcat started on port(s): 8080 (http) with context path '/lodge'
14:30:08.498 logback [main] INFO  com.shgs.lodge.LodgeApplication - Started LodgeApplication in 7.985 seconds (JVM running for 11.568)
14:30:13.857 logback [http-nio-8080-exec-2] INFO  o.a.c.c.C.[.[localhost].[/lodge] - Initializing Spring DispatcherServlet 'dispatcherServlet'
14:30:13.858 logback [http-nio-8080-exec-2] INFO  o.s.web.servlet.DispatcherServlet - Initializing Servlet 'dispatcherServlet'
14:30:13.859 logback [http-nio-8080-exec-2] INFO  o.s.web.servlet.DispatcherServlet - Completed initialization in 1 ms
14:30:13.889 logback [http-nio-8080-exec-2] INFO  c.s.lodge.servlet.CmsSessionListener - addSession[0BA3BA0D581D2E59759C3BC1D633FE84]
14:31:46.918 logback [http-nio-8080-exec-4] INFO  c.s.lodge.servlet.CmsSessionListener - addSession[9B0E0DB39427EAC2EC236C02370977A2]
14:32:28.908 logback [SpringContextShutdownHook] INFO  c.s.lodge.servlet.CmsSessionListener - removeSession[0BA3BA0D581D2E59759C3BC1D633FE84]
14:32:28.909 logback [SpringContextShutdownHook] INFO  c.s.lodge.servlet.CmsSessionListener - removeSession[9B0E0DB39427EAC2EC236C02370977A2]
14:32:28.956 logback [SpringContextShutdownHook] INFO  o.s.s.c.ThreadPoolTaskExecutor - Shutting down ExecutorService 'applicationTaskExecutor'
14:32:28.962 logback [SpringContextShutdownHook] INFO  o.s.o.j.LocalContainerEntityManagerFactoryBean - Closing JPA EntityManagerFactory for persistence unit 'primaryPersistenceUnit'
14:32:28.963 logback [SpringContextShutdownHook] INFO  com.zaxxer.hikari.HikariDataSource - LodgePool - Shutdown initiated...
14:32:28.967 logback [SpringContextShutdownHook] INFO  com.zaxxer.hikari.HikariDataSource - LodgePool - Shutdown completed.
14:33:23.311 logback [background-preinit] INFO  o.h.validator.internal.util.Version - HV000001: Hibernate Validator 6.0.13.Final
14:33:23.316 logback [main] INFO  com.shgs.lodge.LodgeApplication - Starting LodgeApplication using Java 1.8.0_271 on DESKTOP-UDV8UQ1 with PID 17348 (E:\ShgsProjects\lodge\target\classes started by yglei in E:\ShgsProjects\lodge)
14:33:23.317 logback [main] INFO  com.shgs.lodge.LodgeApplication - No active profile set, falling back to default profiles: default
14:33:24.258 logback [main] INFO  o.s.d.r.c.RepositoryConfigurationDelegate - Bootstrapping Spring Data JPA repositories in DEFAULT mode.
14:33:24.285 logback [main] INFO  o.s.d.r.c.RepositoryConfigurationDelegate - Finished Spring Data repository scanning in 17 ms. Found 0 JPA repository interfaces.
14:33:24.579 logback [main] INFO  c.u.j.c.EnableEncryptablePropertiesBeanFactoryPostProcessor - Post-processing PropertySource instances
14:33:24.634 logback [main] INFO  c.u.j.EncryptablePropertySourceConverter - Converting PropertySource configurationProperties [org.springframework.boot.context.properties.source.ConfigurationPropertySourcesPropertySource] to AOP Proxy
14:33:24.636 logback [main] INFO  c.u.j.EncryptablePropertySourceConverter - Converting PropertySource servletConfigInitParams [org.springframework.core.env.PropertySource$StubPropertySource] to EncryptablePropertySourceWrapper
14:33:24.636 logback [main] INFO  c.u.j.EncryptablePropertySourceConverter - Converting PropertySource servletContextInitParams [org.springframework.core.env.PropertySource$StubPropertySource] to EncryptablePropertySourceWrapper
14:33:24.636 logback [main] INFO  c.u.j.EncryptablePropertySourceConverter - Converting PropertySource systemProperties [org.springframework.core.env.PropertiesPropertySource] to EncryptableMapPropertySourceWrapper
14:33:24.636 logback [main] INFO  c.u.j.EncryptablePropertySourceConverter - Converting PropertySource systemEnvironment [org.springframework.boot.env.SystemEnvironmentPropertySourceEnvironmentPostProcessor$OriginAwareSystemEnvironmentPropertySource] to EncryptableMapPropertySourceWrapper
14:33:24.636 logback [main] INFO  c.u.j.EncryptablePropertySourceConverter - Converting PropertySource random [org.springframework.boot.env.RandomValuePropertySource] to EncryptablePropertySourceWrapper
14:33:24.636 logback [main] INFO  c.u.j.EncryptablePropertySourceConverter - Converting PropertySource Config resource 'classpath:/application.yml' via location 'optional:classpath:/' [org.springframework.boot.env.OriginTrackedMapPropertySource] to EncryptableMapPropertySourceWrapper
14:33:24.636 logback [main] INFO  c.u.j.EncryptablePropertySourceConverter - Converting PropertySource Config resource 'classpath:/application.properties' via location 'optional:classpath:/' [org.springframework.boot.env.OriginTrackedMapPropertySource] to EncryptableMapPropertySourceWrapper
14:33:24.702 logback [main] INFO  c.u.j.f.DefaultLazyPropertyFilter - Property Filter custom Bean not found with name 'encryptablePropertyFilter'. Initializing Default Property Filter
14:33:24.824 logback [main] INFO  c.u.j.r.DefaultLazyPropertyResolver - Property Resolver custom Bean not found with name 'encryptablePropertyResolver'. Initializing Default Property Resolver
14:33:24.826 logback [main] INFO  c.u.j.d.DefaultLazyPropertyDetector - Property Detector custom Bean not found with name 'encryptablePropertyDetector'. Initializing Default Property Detector
14:33:25.076 logback [main] INFO  o.s.b.w.e.tomcat.TomcatWebServer - Tomcat initialized with port(s): 8080 (http)
14:33:25.085 logback [main] INFO  o.a.coyote.http11.Http11NioProtocol - Initializing ProtocolHandler ["http-nio-8080"]
14:33:25.085 logback [main] INFO  o.a.catalina.core.StandardService - Starting service [Tomcat]
14:33:25.085 logback [main] INFO  o.a.catalina.core.StandardEngine - Starting Servlet engine: [Apache Tomcat/9.0.39]
14:33:25.266 logback [main] INFO  o.a.c.c.C.[.[localhost].[/lodge] - Initializing Spring embedded WebApplicationContext
14:33:25.266 logback [main] INFO  o.s.b.w.s.c.ServletWebServerApplicationContext - Root WebApplicationContext: initialization completed in 1718 ms
14:33:25.466 logback [main] INFO  o.h.jpa.internal.util.LogHelper - HHH000204: Processing PersistenceUnitInfo [name: primaryPersistenceUnit]
14:33:25.510 logback [main] INFO  org.hibernate.Version - HHH000412: Hibernate ORM core version 5.4.23.Final
14:33:25.621 logback [main] INFO  o.h.annotations.common.Version - HCANN000001: Hibernate Commons Annotations {5.1.2.Final}
14:33:25.721 logback [main] INFO  com.zaxxer.hikari.HikariDataSource - LodgePool - Starting...
14:33:26.098 logback [main] INFO  com.zaxxer.hikari.HikariDataSource - LodgePool - Start completed.
14:33:26.112 logback [main] INFO  org.hibernate.dialect.Dialect - HHH000400: Using dialect: org.hibernate.dialect.SQLServer2008Dialect
14:33:28.234 logback [main] INFO  o.h.e.t.j.p.i.JtaPlatformInitiator - HHH000490: Using JtaPlatform implementation: [org.hibernate.engine.transaction.jta.platform.internal.NoJtaPlatform]
14:33:28.243 logback [main] INFO  o.s.o.j.LocalContainerEntityManagerFactoryBean - Initialized JPA EntityManagerFactory for persistence unit 'primaryPersistenceUnit'
14:33:28.279 logback [main] INFO  com.shgs.lodge.config.MvcConfig - 注册拦截器[listenerRegist]成功
14:33:28.673 logback [main] INFO  c.s.l.util.MyJasyptStringEncryptor - Encryptor config not found for property jasypt.encryptor.algorithm, using default value: PBEWithMD5AndDES
14:33:28.674 logback [main] INFO  c.s.l.util.MyJasyptStringEncryptor - Encryptor config not found for property jasypt.encryptor.keyObtentionIterations, using default value: 1000
14:33:28.674 logback [main] INFO  c.s.l.util.MyJasyptStringEncryptor - Encryptor config not found for property jasypt.encryptor.poolSize, using default value: 1
14:33:28.674 logback [main] INFO  c.s.l.util.MyJasyptStringEncryptor - Encryptor config not found for property jasypt.encryptor.providerName, using default value: null
14:33:28.674 logback [main] INFO  c.s.l.util.MyJasyptStringEncryptor - Encryptor config not found for property jasypt.encryptor.saltGeneratorClassname, using default value: org.jasypt.salt.RandomSaltGenerator
14:33:28.675 logback [main] INFO  c.s.l.util.MyJasyptStringEncryptor - Encryptor config not found for property jasypt.encryptor.stringOutputType, using default value: base64
14:33:28.872 logback [main] INFO  o.s.s.c.ThreadPoolTaskExecutor - Initializing ExecutorService 'applicationTaskExecutor'
14:33:29.007 logback [main] INFO  o.s.b.a.w.s.WelcomePageHandlerMapping - Adding welcome page template: index
14:33:29.155 logback [main] INFO  o.a.coyote.http11.Http11NioProtocol - Starting ProtocolHandler ["http-nio-8080"]
14:33:29.178 logback [main] INFO  o.s.b.w.e.tomcat.TomcatWebServer - Tomcat started on port(s): 8080 (http) with context path '/lodge'
14:33:29.187 logback [main] INFO  com.shgs.lodge.LodgeApplication - Started LodgeApplication in 6.366 seconds (JVM running for 7.8)
14:33:34.211 logback [http-nio-8080-exec-1] INFO  o.a.c.c.C.[.[localhost].[/lodge] - Initializing Spring DispatcherServlet 'dispatcherServlet'
14:33:34.212 logback [http-nio-8080-exec-1] INFO  o.s.web.servlet.DispatcherServlet - Initializing Servlet 'dispatcherServlet'
14:33:34.213 logback [http-nio-8080-exec-1] INFO  o.s.web.servlet.DispatcherServlet - Completed initialization in 1 ms
14:33:34.234 logback [http-nio-8080-exec-1] INFO  c.s.lodge.servlet.CmsSessionListener - addSession[B9E433EF2BC949135DED310DCD37D318]
14:56:21.201 logback [http-nio-8080-exec-3] INFO  c.s.lodge.servlet.CmsSessionListener - removeSession[B9E433EF2BC949135DED310DCD37D318]
14:56:28.128 logback [http-nio-8080-exec-7] INFO  c.s.lodge.servlet.CmsSessionListener - addSession[7CCE2E3067519E57EEA7C06F6122DB8E]
14:58:00.681 logback [http-nio-8080-exec-4] INFO  c.s.lodge.servlet.CmsSessionListener - removeSession[7CCE2E3067519E57EEA7C06F6122DB8E]
14:58:06.922 logback [http-nio-8080-exec-8] INFO  c.s.lodge.servlet.CmsSessionListener - addSession[B9FC0B23793DA93FFC3BFBCB71AE993A]
14:59:52.964 logback [http-nio-8080-exec-2] INFO  c.s.lodge.servlet.CmsSessionListener - removeSession[B9FC0B23793DA93FFC3BFBCB71AE993A]
15:00:00.070 logback [http-nio-8080-exec-7] INFO  c.s.lodge.servlet.CmsSessionListener - addSession[DA8086F5A92E6C7FCB4D8ACD1AE8DAC3]
15:00:47.451 logback [http-nio-8080-exec-1] INFO  c.s.lodge.servlet.CmsSessionListener - removeSession[DA8086F5A92E6C7FCB4D8ACD1AE8DAC3]
15:00:53.768 logback [http-nio-8080-exec-5] INFO  c.s.lodge.servlet.CmsSessionListener - addSession[C0FFE6D89F7CDE19FA487BBA0623DC2C]
15:21:37.180 logback [http-nio-8080-exec-7] INFO  c.s.lodge.servlet.CmsSessionListener - addSession[EEE38611436B925858B52C7CDD7FA011]
15:29:31.300 logback [http-nio-8080-exec-3] ERROR c.s.l.e.handler.CmsExceptionHandler - 【PageException】:禁止访问
15:55:35.181 logback [SpringContextShutdownHook] INFO  c.s.lodge.servlet.CmsSessionListener - removeSession[C0FFE6D89F7CDE19FA487BBA0623DC2C]
15:55:35.182 logback [SpringContextShutdownHook] INFO  c.s.lodge.servlet.CmsSessionListener - removeSession[EEE38611436B925858B52C7CDD7FA011]
15:55:35.229 logback [SpringContextShutdownHook] INFO  o.s.s.c.ThreadPoolTaskExecutor - Shutting down ExecutorService 'applicationTaskExecutor'
15:55:35.241 logback [SpringContextShutdownHook] INFO  o.s.o.j.LocalContainerEntityManagerFactoryBean - Closing JPA EntityManagerFactory for persistence unit 'primaryPersistenceUnit'
15:55:35.250 logback [SpringContextShutdownHook] INFO  com.zaxxer.hikari.HikariDataSource - LodgePool - Shutdown initiated...
15:55:35.254 logback [SpringContextShutdownHook] INFO  com.zaxxer.hikari.HikariDataSource - LodgePool - Shutdown completed.
15:55:59.785 logback [background-preinit] INFO  o.h.validator.internal.util.Version - HV000001: Hibernate Validator 6.0.13.Final
15:55:59.791 logback [main] INFO  com.shgs.lodge.LodgeApplication - Starting LodgeApplication using Java 1.8.0_271 on DESKTOP-UDV8UQ1 with PID 16880 (E:\ShgsProjects\lodge\target\classes started by yglei in E:\ShgsProjects\lodge)
15:55:59.792 logback [main] INFO  com.shgs.lodge.LodgeApplication - No active profile set, falling back to default profiles: default
15:56:00.894 logback [main] INFO  o.s.d.r.c.RepositoryConfigurationDelegate - Bootstrapping Spring Data JPA repositories in DEFAULT mode.
15:56:00.921 logback [main] INFO  o.s.d.r.c.RepositoryConfigurationDelegate - Finished Spring Data repository scanning in 17 ms. Found 0 JPA repository interfaces.
15:56:01.233 logback [main] INFO  c.u.j.c.EnableEncryptablePropertiesBeanFactoryPostProcessor - Post-processing PropertySource instances
15:56:01.288 logback [main] INFO  c.u.j.EncryptablePropertySourceConverter - Converting PropertySource configurationProperties [org.springframework.boot.context.properties.source.ConfigurationPropertySourcesPropertySource] to AOP Proxy
15:56:01.288 logback [main] INFO  c.u.j.EncryptablePropertySourceConverter - Converting PropertySource servletConfigInitParams [org.springframework.core.env.PropertySource$StubPropertySource] to EncryptablePropertySourceWrapper
15:56:01.288 logback [main] INFO  c.u.j.EncryptablePropertySourceConverter - Converting PropertySource servletContextInitParams [org.springframework.core.env.PropertySource$StubPropertySource] to EncryptablePropertySourceWrapper
15:56:01.289 logback [main] INFO  c.u.j.EncryptablePropertySourceConverter - Converting PropertySource systemProperties [org.springframework.core.env.PropertiesPropertySource] to EncryptableMapPropertySourceWrapper
15:56:01.289 logback [main] INFO  c.u.j.EncryptablePropertySourceConverter - Converting PropertySource systemEnvironment [org.springframework.boot.env.SystemEnvironmentPropertySourceEnvironmentPostProcessor$OriginAwareSystemEnvironmentPropertySource] to EncryptableMapPropertySourceWrapper
15:56:01.289 logback [main] INFO  c.u.j.EncryptablePropertySourceConverter - Converting PropertySource random [org.springframework.boot.env.RandomValuePropertySource] to EncryptablePropertySourceWrapper
15:56:01.289 logback [main] INFO  c.u.j.EncryptablePropertySourceConverter - Converting PropertySource Config resource 'classpath:/application.yml' via location 'optional:classpath:/' [org.springframework.boot.env.OriginTrackedMapPropertySource] to EncryptableMapPropertySourceWrapper
15:56:01.289 logback [main] INFO  c.u.j.EncryptablePropertySourceConverter - Converting PropertySource Config resource 'classpath:/application.properties' via location 'optional:classpath:/' [org.springframework.boot.env.OriginTrackedMapPropertySource] to EncryptableMapPropertySourceWrapper
15:56:01.358 logback [main] INFO  c.u.j.f.DefaultLazyPropertyFilter - Property Filter custom Bean not found with name 'encryptablePropertyFilter'. Initializing Default Property Filter
15:56:01.503 logback [main] INFO  c.u.j.r.DefaultLazyPropertyResolver - Property Resolver custom Bean not found with name 'encryptablePropertyResolver'. Initializing Default Property Resolver
15:56:01.505 logback [main] INFO  c.u.j.d.DefaultLazyPropertyDetector - Property Detector custom Bean not found with name 'encryptablePropertyDetector'. Initializing Default Property Detector
15:56:01.800 logback [main] INFO  o.s.b.w.e.tomcat.TomcatWebServer - Tomcat initialized with port(s): 8080 (http)
15:56:01.810 logback [main] INFO  o.a.coyote.http11.Http11NioProtocol - Initializing ProtocolHandler ["http-nio-8080"]
15:56:01.811 logback [main] INFO  o.a.catalina.core.StandardService - Starting service [Tomcat]
15:56:01.811 logback [main] INFO  o.a.catalina.core.StandardEngine - Starting Servlet engine: [Apache Tomcat/9.0.39]
15:56:01.998 logback [main] INFO  o.a.c.c.C.[.[localhost].[/lodge] - Initializing Spring embedded WebApplicationContext
15:56:01.998 logback [main] INFO  o.s.b.w.s.c.ServletWebServerApplicationContext - Root WebApplicationContext: initialization completed in 1887 ms
15:56:02.336 logback [main] INFO  o.h.jpa.internal.util.LogHelper - HHH000204: Processing PersistenceUnitInfo [name: primaryPersistenceUnit]
15:56:02.436 logback [main] INFO  org.hibernate.Version - HHH000412: Hibernate ORM core version 5.4.23.Final
15:56:02.651 logback [main] INFO  o.h.annotations.common.Version - HCANN000001: Hibernate Commons Annotations {5.1.2.Final}
15:56:02.808 logback [main] INFO  com.zaxxer.hikari.HikariDataSource - LodgePool - Starting...
15:56:03.300 logback [main] INFO  com.zaxxer.hikari.HikariDataSource - LodgePool - Start completed.
15:56:03.323 logback [main] INFO  org.hibernate.dialect.Dialect - HHH000400: Using dialect: org.hibernate.dialect.SQLServer2008Dialect
15:56:06.303 logback [main] INFO  o.h.e.t.j.p.i.JtaPlatformInitiator - HHH000490: Using JtaPlatform implementation: [org.hibernate.engine.transaction.jta.platform.internal.NoJtaPlatform]
15:56:06.314 logback [main] INFO  o.s.o.j.LocalContainerEntityManagerFactoryBean - Initialized JPA EntityManagerFactory for persistence unit 'primaryPersistenceUnit'
15:56:06.355 logback [main] INFO  com.shgs.lodge.config.MvcConfig - 注册拦截器[listenerRegist]成功
15:56:06.789 logback [main] INFO  c.s.l.util.MyJasyptStringEncryptor - Encryptor config not found for property jasypt.encryptor.algorithm, using default value: PBEWithMD5AndDES
15:56:06.789 logback [main] INFO  c.s.l.util.MyJasyptStringEncryptor - Encryptor config not found for property jasypt.encryptor.keyObtentionIterations, using default value: 1000
15:56:06.789 logback [main] INFO  c.s.l.util.MyJasyptStringEncryptor - Encryptor config not found for property jasypt.encryptor.poolSize, using default value: 1
15:56:06.790 logback [main] INFO  c.s.l.util.MyJasyptStringEncryptor - Encryptor config not found for property jasypt.encryptor.providerName, using default value: null
15:56:06.790 logback [main] INFO  c.s.l.util.MyJasyptStringEncryptor - Encryptor config not found for property jasypt.encryptor.saltGeneratorClassname, using default value: org.jasypt.salt.RandomSaltGenerator
15:56:06.790 logback [main] INFO  c.s.l.util.MyJasyptStringEncryptor - Encryptor config not found for property jasypt.encryptor.stringOutputType, using default value: base64
15:56:07.028 logback [main] INFO  o.s.s.c.ThreadPoolTaskExecutor - Initializing ExecutorService 'applicationTaskExecutor'
15:56:07.181 logback [main] INFO  o.s.b.a.w.s.WelcomePageHandlerMapping - Adding welcome page template: index
15:56:07.350 logback [main] INFO  o.a.coyote.http11.Http11NioProtocol - Starting ProtocolHandler ["http-nio-8080"]
15:56:07.376 logback [main] INFO  o.s.b.w.e.tomcat.TomcatWebServer - Tomcat started on port(s): 8080 (http) with context path '/lodge'
15:56:07.386 logback [main] INFO  com.shgs.lodge.LodgeApplication - Started LodgeApplication in 8.179 seconds (JVM running for 9.469)
15:56:17.067 logback [http-nio-8080-exec-1] INFO  o.a.c.c.C.[.[localhost].[/lodge] - Initializing Spring DispatcherServlet 'dispatcherServlet'
15:56:17.067 logback [http-nio-8080-exec-1] INFO  o.s.web.servlet.DispatcherServlet - Initializing Servlet 'dispatcherServlet'
15:56:17.068 logback [http-nio-8080-exec-1] INFO  o.s.web.servlet.DispatcherServlet - Completed initialization in 1 ms
15:56:17.090 logback [http-nio-8080-exec-1] INFO  c.s.lodge.servlet.CmsSessionListener - addSession[FAE1BE3B6C4027AC323133D2E5F87280]
15:56:35.172 logback [http-nio-8080-exec-1] INFO  c.s.lodge.servlet.CmsSessionListener - addSession[E4303E16319DCC2AD344986AAAA35CF4]
16:57:11.292 logback [Catalina-utility-1] INFO  c.s.lodge.servlet.CmsSessionListener - removeSession[FAE1BE3B6C4027AC323133D2E5F87280]
17:36:09.668 logback [http-nio-8080-exec-9] ERROR c.s.l.e.handler.CmsExceptionHandler - 【PageException】:禁止访问
17:38:03.742 logback [http-nio-8080-exec-10] ERROR c.s.l.e.handler.CmsExceptionHandler - 【PageException】:禁止访问
17:39:43.820 logback [http-nio-8080-exec-4] ERROR c.s.l.e.handler.CmsExceptionHandler - 【PageException】:禁止访问
17:47:43.700 logback [http-nio-8080-exec-5] INFO  c.s.lodge.servlet.CmsSessionListener - addSession[C3EA626ABF11F40D2804885F127C47BD]
18:03:24.771 logback [http-nio-8080-exec-2] INFO  c.s.lodge.servlet.CmsSessionListener - removeSession[C3EA626ABF11F40D2804885F127C47BD]
18:03:31.062 logback [http-nio-8080-exec-1] INFO  c.s.lodge.servlet.CmsSessionListener - addSession[CC38ACA4C7B82006886E8C739D9E8E82]
18:46:16.082 logback [Catalina-utility-2] INFO  c.s.lodge.servlet.CmsSessionListener - removeSession[E4303E16319DCC2AD344986AAAA35CF4]
19:10:17.172 logback [Catalina-utility-2] INFO  c.s.lodge.servlet.CmsSessionListener - removeSession[CC38ACA4C7B82006886E8C739D9E8E82]
